<?xml version="1.0" encoding="UTF-8"?>
<testsuite xmlns:xsi="http://www.w3.org/2001/XMLSchema-instance" xsi:noNamespaceSchemaLocation="https://maven.apache.org/surefire/maven-surefire-plugin/xsd/surefire-test-report-3.0.xsd" version="3.0" name="es.ubu.lsi.avrela.scm.adapter.github.GitHubScmClientTest$GitHubCommitTest$GitHubRepositoryWithCommits" time="0.504" tests="1" errors="0" skipped="0" failures="0">
  <properties>
[...]
</properties>
  <testcase name="commitInfoShouldBeComplete" classname="es.ubu.lsi.avrela.scm.adapter.github.GitHubScmClientTest$GitHubCommitTest$GitHubRepositoryWithCommits" time="0.501">
    <system-out><![CDATA[2023-09-24 16:20:16.728 DEBUG 39436 --- [           main] e.u.l.a.s.a.github.GitHubScmClient       : [GitHubScmClient#findCommit] ---> GET https://api.github.com/repos/davidmigloz/go-bees/commits/434cd9935020fdcceb4c6fbb5b1f2c9fe4a10d87 HTTP/1.1
2023-09-24 16:20:16.729 DEBUG 39436 --- [           main] e.u.l.a.s.a.github.GitHubScmClient       : [GitHubScmClient#findCommit] Authorization: Bearer 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
2023-09-24 16:20:16.729 DEBUG 39436 --- [           main] e.u.l.a.s.a.github.GitHubScmClient       : [GitHubScmClient#findCommit] ---> END HTTP (0-byte body)
2023-09-24 16:20:17.204 DEBUG 39436 --- [           main] e.u.l.a.s.a.github.GitHubScmClient       : [GitHubScmClient#findCommit] <--- HTTP/1.1 200 OK (474ms)
2023-09-24 16:20:17.205 DEBUG 39436 --- [           main] e.u.l.a.s.a.github.GitHubScmClient       : [GitHubScmClient#findCommit] access-control-allow-origin: *
2023-09-24 16:20:17.205 DEBUG 39436 --- [           main] e.u.l.a.s.a.github.GitHubScmClient       : [GitHubScmClient#findCommit] access-control-expose-headers: ETag, Link, Location, Retry-After, X-GitHub-OTP, X-RateLimit-Limit, X-RateLimit-Remaining, X-RateLimit-Used, X-RateLimit-Resource, X-RateLimit-Reset, X-OAuth-Scopes, X-Accepted-OAuth-Scopes, X-Poll-Interval, X-GitHub-Media-Type, X-GitHub-SSO, X-GitHub-Request-Id, Deprecation, Sunset
2023-09-24 16:20:17.205 DEBUG 39436 --- [           main] e.u.l.a.s.a.github.GitHubScmClient       : [GitHubScmClient#findCommit] cache-control: private, max-age=60, s-maxage=60
2023-09-24 16:20:17.205 DEBUG 39436 --- [           main] e.u.l.a.s.a.github.GitHubScmClient       : [GitHubScmClient#findCommit] content-length: 13516
2023-09-24 16:20:17.205 DEBUG 39436 --- [           main] e.u.l.a.s.a.github.GitHubScmClient       : [GitHubScmClient#findCommit] content-security-policy: default-src 'none'
2023-09-24 16:20:17.205 DEBUG 39436 --- [           main] e.u.l.a.s.a.github.GitHubScmClient       : [GitHubScmClient#findCommit] content-type: application/json; charset=utf-8
2023-09-24 16:20:17.206 DEBUG 39436 --- [           main] e.u.l.a.s.a.github.GitHubScmClient       : [GitHubScmClient#findCommit] date: Sun, 24 Sep 2023 14:20:17 GMT
2023-09-24 16:20:17.206 DEBUG 39436 --- [           main] e.u.l.a.s.a.github.GitHubScmClient       : [GitHubScmClient#findCommit] etag: "14e84409b9c6e0571e468bac1f55b4e3b9033d320a524667c5d6fd6efde71736"
2023-09-24 16:20:17.206 DEBUG 39436 --- [           main] e.u.l.a.s.a.github.GitHubScmClient       : [GitHubScmClient#findCommit] last-modified: Mon, 02 Oct 2017 16:00:59 GMT
2023-09-24 16:20:17.206 DEBUG 39436 --- [           main] e.u.l.a.s.a.github.GitHubScmClient       : [GitHubScmClient#findCommit] referrer-policy: origin-when-cross-origin, strict-origin-when-cross-origin
2023-09-24 16:20:17.206 DEBUG 39436 --- [           main] e.u.l.a.s.a.github.GitHubScmClient       : [GitHubScmClient#findCommit] server: GitHub.com
2023-09-24 16:20:17.206 DEBUG 39436 --- [           main] e.u.l.a.s.a.github.GitHubScmClient       : [GitHubScmClient#findCommit] strict-transport-security: max-age=31536000; includeSubdomains; preload
2023-09-24 16:20:17.207 DEBUG 39436 --- [           main] e.u.l.a.s.a.github.GitHubScmClient       : [GitHubScmClient#findCommit] vary: Accept-Encoding, Accept, X-Requested-With
2023-09-24 16:20:17.207 DEBUG 39436 --- [           main] e.u.l.a.s.a.github.GitHubScmClient       : [GitHubScmClient#findCommit] vary: Accept, Authorization, Cookie, X-GitHub-OTP
2023-09-24 16:20:17.207 DEBUG 39436 --- [           main] e.u.l.a.s.a.github.GitHubScmClient       : [GitHubScmClient#findCommit] x-accepted-oauth-scopes: 
2023-09-24 16:20:17.208 DEBUG 39436 --- [           main] e.u.l.a.s.a.github.GitHubScmClient       : [GitHubScmClient#findCommit] x-content-type-options: nosniff
2023-09-24 16:20:17.208 DEBUG 39436 --- [           main] e.u.l.a.s.a.github.GitHubScmClient       : [GitHubScmClient#findCommit] x-frame-options: deny
2023-09-24 16:20:17.209 DEBUG 39436 --- [           main] e.u.l.a.s.a.github.GitHubScmClient       : [GitHubScmClient#findCommit] x-github-api-version-selected: 2022-11-28
2023-09-24 16:20:17.209 DEBUG 39436 --- [           main] e.u.l.a.s.a.github.GitHubScmClient       : [GitHubScmClient#findCommit] x-github-media-type: github.v3; format=json
2023-09-24 16:20:17.209 DEBUG 39436 --- [           main] e.u.l.a.s.a.github.GitHubScmClient       : [GitHubScmClient#findCommit] x-github-request-id: E4B5:5059:2AD9D69:2B70C6B:651045A0
2023-09-24 16:20:17.209 DEBUG 39436 --- [           main] e.u.l.a.s.a.github.GitHubScmClient       : [GitHubScmClient#findCommit] x-oauth-scopes: gist, notifications, project, repo
2023-09-24 16:20:17.209 DEBUG 39436 --- [           main] e.u.l.a.s.a.github.GitHubScmClient       : [GitHubScmClient#findCommit] x-ratelimit-limit: 5000
2023-09-24 16:20:17.210 DEBUG 39436 --- [           main] e.u.l.a.s.a.github.GitHubScmClient       : [GitHubScmClient#findCommit] x-ratelimit-remaining: 4991
2023-09-24 16:20:17.210 DEBUG 39436 --- [           main] e.u.l.a.s.a.github.GitHubScmClient       : [GitHubScmClient#findCommit] x-ratelimit-reset: 1695568813
2023-09-24 16:20:17.210 DEBUG 39436 --- [           main] e.u.l.a.s.a.github.GitHubScmClient       : [GitHubScmClient#findCommit] x-ratelimit-resource: core
2023-09-24 16:20:17.211 DEBUG 39436 --- [           main] e.u.l.a.s.a.github.GitHubScmClient       : [GitHubScmClient#findCommit] x-ratelimit-used: 9
2023-09-24 16:20:17.211 DEBUG 39436 --- [           main] e.u.l.a.s.a.github.GitHubScmClient       : [GitHubScmClient#findCommit] x-xss-protection: 0
2023-09-24 16:20:17.211 DEBUG 39436 --- [           main] e.u.l.a.s.a.github.GitHubScmClient       : [GitHubScmClient#findCommit] 
2023-09-24 16:20:17.214 DEBUG 39436 --- [           main] e.u.l.a.s.a.github.GitHubScmClient       : [GitHubScmClient#findCommit] {"sha":"434cd9935020fdcceb4c6fbb5b1f2c9fe4a10d87","node_id":"MDY6Q29tbWl0NjU5Mjc2Nzg6NDM0Y2Q5OTM1MDIwZmRjY2ViNGM2ZmJiNWIxZjJjOWZlNGExMGQ4Nw==","commit":{"author":{"name":"David Miguel","email":"david.miguel@peaks.com","date":"2017-10-01T22:55:54Z"},"committer":{"name":"David Miguel","email":"david.miguel@peaks.com","date":"2017-10-02T16:00:59Z"},"message":"Add Firebase Analytics #196","tree":{"sha":"f1b3a608b3c5a38b5d111296220deaba015c8e75","url":"https://api.github.com/repos/davidmigloz/go-bees/git/trees/f1b3a608b3c5a38b5d111296220deaba015c8e75"},"url":"https://api.github.com/repos/davidmigloz/go-bees/git/commits/434cd9935020fdcceb4c6fbb5b1f2c9fe4a10d87","comment_count":0,"verification":{"verified":false,"reason":"unsigned","signature":null,"payload":null}},"url":"https://api.github.com/repos/davidmigloz/go-bees/commits/434cd9935020fdcceb4c6fbb5b1f2c9fe4a10d87","html_url":"https://github.com/davidmigloz/go-bees/commit/434cd9935020fdcceb4c6fbb5b1f2c9fe4a10d87","comments_url":"https://api.github.com/repos/davidmigloz/go-bees/commits/434cd9935020fdcceb4c6fbb5b1f2c9fe4a10d87/comments","author":{"login":"davidmigloz","id":6546265,"node_id":"MDQ6VXNlcjY1NDYyNjU=","avatar_url":"https://avatars.githubusercontent.com/u/6546265?v=4","gravatar_id":"","url":"https://api.github.com/users/davidmigloz","html_url":"https://github.com/davidmigloz","followers_url":"https://api.github.com/users/davidmigloz/followers","following_url":"https://api.github.com/users/davidmigloz/following{/other_user}","gists_url":"https://api.github.com/users/davidmigloz/gists{/gist_id}","starred_url":"https://api.github.com/users/davidmigloz/starred{/owner}{/repo}","subscriptions_url":"https://api.github.com/users/davidmigloz/subscriptions","organizations_url":"https://api.github.com/users/davidmigloz/orgs","repos_url":"https://api.github.com/users/davidmigloz/repos","events_url":"https://api.github.com/users/davidmigloz/events{/privacy}","received_events_url":"https://api.github.com/users/davidmigloz/received_events","type":"User","site_admin":false},"committer":{"login":"davidmigloz","id":6546265,"node_id":"MDQ6VXNlcjY1NDYyNjU=","avatar_url":"https://avatars.githubusercontent.com/u/6546265?v=4","gravatar_id":"","url":"https://api.github.com/users/davidmigloz","html_url":"https://github.com/davidmigloz","followers_url":"https://api.github.com/users/davidmigloz/followers","following_url":"https://api.github.com/users/davidmigloz/following{/other_user}","gists_url":"https://api.github.com/users/davidmigloz/gists{/gist_id}","starred_url":"https://api.github.com/users/davidmigloz/starred{/owner}{/repo}","subscriptions_url":"https://api.github.com/users/davidmigloz/subscriptions","organizations_url":"https://api.github.com/users/davidmigloz/orgs","repos_url":"https://api.github.com/users/davidmigloz/repos","events_url":"https://api.github.com/users/davidmigloz/events{/privacy}","received_events_url":"https://api.github.com/users/davidmigloz/received_events","type":"User","site_admin":false},"parents":[{"sha":"84bba1abe03d290d03bb3bf6f44d774f521769c2","url":"https://api.github.com/repos/davidmigloz/go-bees/commits/84bba1abe03d290d03bb3bf6f44d774f521769c2","html_url":"https://github.com/davidmigloz/go-bees/commit/84bba1abe03d290d03bb3bf6f44d774f521769c2"}],"stats":{"total":173,"additions":172,"deletions":1},"files":[{"sha":"6a3fb32a9fad8186013bc2cdc528a8a8e98c17ac","filename":".travis.yml","status":"modified","additions":1,"deletions":1,"changes":2,"blob_url":"https://github.com/davidmigloz/go-bees/blob/434cd9935020fdcceb4c6fbb5b1f2c9fe4a10d87/.travis.yml","raw_url":"https://github.com/davidmigloz/go-bees/raw/434cd9935020fdcceb4c6fbb5b1f2c9fe4a10d87/.travis.yml","contents_url":"https://api.github.com/repos/davidmigloz/go-bees/contents/.travis.yml?ref=434cd9935020fdcceb4c6fbb5b1f2c9fe4a10d87","patch":"@@ -62,7 +62,7 @@ before_script:\n \n script:\n     # Compile and run lint\n-    - ./gradlew assembleProdRelease lint\n+    - ./gradlew clean assembleProdRelease lint --stacktrace\n     # Run test coverage report\n #    - ./gradlew jacocoTestMockDebugUnitTestReport\n     # Run SonarQube analysis"},{"sha":"abc3cc94279b59fcba7db6049b59d657ecbfb59a","filename":"app/build.gradle","status":"modified","additions":4,"deletions":0,"changes":4,"blob_url":"https://github.com/davidmigloz/go-bees/blob/434cd9935020fdcceb4c6fbb5b1f2c9fe4a10d87/app%2Fbuild.gradle","raw_url":"https://github.com/davidmigloz/go-bees/raw/434cd9935020fdcceb4c6fbb5b1f2c9fe4a10d87/app%2Fbuild.gradle","contents_url":"https://api.github.com/repos/davidmigloz/go-bees/contents/app%2Fbuild.gradle?ref=434cd9935020fdcceb4c6fbb5b1f2c9fe4a10d87","patch":"@@ -154,6 +154,8 @@ dependencies {\n     compile 'com.android.support:support-v4:26.1.0'\r\n     // Google Location and Activity Recognition : https://developers.google.com/android/guides/setup\r\n     compile 'com.google.android.gms:play-services-location:11.4.0'\r\n+    // Firebase Analytics : https://firebase.google.com/docs/android/setup#available_libraries\r\n+    compile 'com.google.firebase:firebase-core:11.4.0'\r\n     // OpenCV (computer vision) : https://github.com/davidmigloz/opencv-android-gradle-repo/\r\n     compile 'com.github.davidmigloz:opencv-android-gradle-repo:3.2.0'\r\n     // Guava (Google Core Libraries) : https://github.com/google/guava\r\n@@ -274,3 +276,5 @@ private static String getBuildDate() {\n private static String getAppName() {\r\n     return \"GoBees\"\r\n }\r\n+\r\n+apply plugin: 'com.google.gms.google-services'\r"},{"sha":"eaf56f4b502d71352ed6976224fc3443a41166f5","filename":"app/src/dev/google-services.json","status":"added","additions":55,"deletions":0,"changes":55,"blob_url":"https://github.com/davidmigloz/go-bees/blob/434cd9935020fdcceb4c6fbb5b1f2c9fe4a10d87/app%2Fsrc%2Fdev%2Fgoogle-services.json","raw_url":"https://github.com/davidmigloz/go-bees/raw/434cd9935020fdcceb4c6fbb5b1f2c9fe4a10d87/app%2Fsrc%2Fdev%2Fgoogle-services.json","contents_url":"https://api.github.com/repos/davidmigloz/go-bees/contents/app%2Fsrc%2Fdev%2Fgoogle-services.json?ref=434cd9935020fdcceb4c6fbb5b1f2c9fe4a10d87","patch":"@@ -0,0 +1,55 @@\n+{\n+  \"project_info\": {\n+    \"project_number\": \"86284097953\",\n+    \"firebase_url\": \"https://gobees-dev.firebaseio.com\",\n+    \"project_id\": \"gobees-dev\",\n+    \"storage_bucket\": \"gobees-dev.appspot.com\"\n+  },\n+  \"client\": [\n+    {\n+      \"client_info\": {\n+        \"mobilesdk_app_id\": \"1:86284097953:android:85b12b21327f2b13\",\n+        \"android_client_info\": {\n+          \"package_name\": \"com.davidmiguel.gobees.dev\"\n+        }\n+      },\n+      \"oauth_client\": [\n+        {\n+          \"client_id\": \"86284097953-uqv99dhe6pfo0fnfmc3b6s153ud2cg25.apps.googleusercontent.com\",\n+          \"client_type\": 1,\n+          \"android_info\": {\n+            \"package_name\": \"com.davidmiguel.gobees.dev\",\n+            \"certificate_hash\": \"8be8d172d7b79efc57c69554be6316eb26813f65\"\n+          }\n+        },\n+        {\n+          \"client_id\": \"86284097953-r7eshjf9j3b59r7c8ah7uvf978pv450l.apps.googleusercontent.com\",\n+          \"client_type\": 3\n+        }\n+      ],\n+      \"api_key\": [\n+        {\n+          \"current_key\": \"AIzaSyD4gcMEVHeXDNC76up2lCmFi_2VlLJilP8\"\n+        }\n+      ],\n+      \"services\": {\n+        \"analytics_service\": {\n+          \"status\": 1\n+        },\n+        \"appinvite_service\": {\n+          \"status\": 2,\n+          \"other_platform_oauth_client\": [\n+            {\n+              \"client_id\": \"86284097953-r7eshjf9j3b59r7c8ah7uvf978pv450l.apps.googleusercontent.com\",\n+              \"client_type\": 3\n+            }\n+          ]\n+        },\n+        \"ads_service\": {\n+          \"status\": 2\n+        }\n+      }\n+    }\n+  ],\n+  \"configuration_version\": \"1\"\n+}\n\\ No newline at end of file"},{"sha":"7809b3682acc91edb0b3141fb55ad3679f914321","filename":"app/src/mock/google-services.json","status":"added","additions":55,"deletions":0,"changes":55,"blob_url":"https://github.com/davidmigloz/go-bees/blob/434cd9935020fdcceb4c6fbb5b1f2c9fe4a10d87/app%2Fsrc%2Fmock%2Fgoogle-services.json","raw_url":"https://github.com/davidmigloz/go-bees/raw/434cd9935020fdcceb4c6fbb5b1f2c9fe4a10d87/app%2Fsrc%2Fmock%2Fgoogle-services.json","contents_url":"https://api.github.com/repos/davidmigloz/go-bees/contents/app%2Fsrc%2Fmock%2Fgoogle-services.json?ref=434cd9935020fdcceb4c6fbb5b1f2c9fe4a10d87","patch":"@@ -0,0 +1,55 @@\n+{\n+  \"project_info\": {\n+    \"project_number\": \"86284097953\",\n+    \"firebase_url\": \"https://gobees-dev.firebaseio.com\",\n+    \"project_id\": \"gobees-dev\",\n+    \"storage_bucket\": \"gobees-dev.appspot.com\"\n+  },\n+  \"client\": [\n+    {\n+      \"client_info\": {\n+        \"mobilesdk_app_id\": \"1:86284097953:android:85b12b21327f2b13\",\n+        \"android_client_info\": {\n+          \"package_name\": \"com.davidmiguel.gobees.mock\"\n+        }\n+      },\n+      \"oauth_client\": [\n+        {\n+          \"client_id\": \"86284097953-uqv99dhe6pfo0fnfmc3b6s153ud2cg25.apps.googleusercontent.com\",\n+          \"client_type\": 1,\n+          \"android_info\": {\n+            \"package_name\": \"com.davidmiguel.gobees.dev\",\n+            \"certificate_hash\": \"8be8d172d7b79efc57c69554be6316eb26813f65\"\n+          }\n+        },\n+        {\n+          \"client_id\": \"86284097953-r7eshjf9j3b59r7c8ah7uvf978pv450l.apps.googleusercontent.com\",\n+          \"client_type\": 3\n+        }\n+      ],\n+      \"api_key\": [\n+        {\n+          \"current_key\": \"AIzaSyD4gcMEVHeXDNC76up2lCmFi_2VlLJilP8\"\n+        }\n+      ],\n+      \"services\": {\n+        \"analytics_service\": {\n+          \"status\": 1\n+        },\n+        \"appinvite_service\": {\n+          \"status\": 2,\n+          \"other_platform_oauth_client\": [\n+            {\n+              \"client_id\": \"86284097953-r7eshjf9j3b59r7c8ah7uvf978pv450l.apps.googleusercontent.com\",\n+              \"client_type\": 3\n+            }\n+          ]\n+        },\n+        \"ads_service\": {\n+          \"status\": 2\n+        }\n+      }\n+    }\n+  ],\n+  \"configuration_version\": \"1\"\n+}"},{"sha":"f2551fa675eb918a058aa660bec59e37a5b82150","filename":"app/src/prod/google-services.json","status":"added","additions":55,"deletions":0,"changes":55,"blob_url":"https://github.com/davidmigloz/go-bees/blob/434cd9935020fdcceb4c6fbb5b1f2c9fe4a10d87/app%2Fsrc%2Fprod%2Fgoogle-services.json","raw_url":"https://github.com/davidmigloz/go-bees/raw/434cd9935020fdcceb4c6fbb5b1f2c9fe4a10d87/app%2Fsrc%2Fprod%2Fgoogle-services.json","contents_url":"https://api.github.com/repos/davidmigloz/go-bees/contents/app%2Fsrc%2Fprod%2Fgoogle-services.json?ref=434cd9935020fdcceb4c6fbb5b1f2c9fe4a10d87","patch":"@@ -0,0 +1,55 @@\n+{\n+  \"project_info\": {\n+    \"project_number\": \"141439530142\",\n+    \"firebase_url\": \"https://gobees-prod.firebaseio.com\",\n+    \"project_id\": \"gobees-prod\",\n+    \"storage_bucket\": \"gobees-prod.appspot.com\"\n+  },\n+  \"client\": [\n+    {\n+      \"client_info\": {\n+        \"mobilesdk_app_id\": \"1:141439530142:android:443d41831b56ad31\",\n+        \"android_client_info\": {\n+          \"package_name\": \"com.davidmiguel.gobees\"\n+        }\n+      },\n+      \"oauth_client\": [\n+        {\n+          \"client_id\": \"141439530142-dccbf18dq73f83g09rbj31nqktrt7f3o.apps.googleusercontent.com\",\n+          \"client_type\": 1,\n+          \"android_info\": {\n+            \"package_name\": \"com.davidmiguel.gobees\",\n+            \"certificate_hash\": \"8be8d172d7b79efc57c69554be6316eb26813f65\"\n+          }\n+        },\n+        {\n+          \"client_id\": \"141439530142-bp4od1ea9die661nvghfd59d0mmcb52g.apps.googleusercontent.com\",\n+          \"client_type\": 3\n+        }\n+      ],\n+      \"api_key\": [\n+        {\n+          \"current_key\": \"AIzaSyDvF9i80nPidFtqfmA5gar7Y4vUBJ3baeY\"\n+        }\n+      ],\n+      \"services\": {\n+        \"analytics_service\": {\n+          \"status\": 1\n+        },\n+        \"appinvite_service\": {\n+          \"status\": 2,\n+          \"other_platform_oauth_client\": [\n+            {\n+              \"client_id\": \"141439530142-bp4od1ea9die661nvghfd59d0mmcb52g.apps.googleusercontent.com\",\n+              \"client_type\": 3\n+            }\n+          ]\n+        },\n+        \"ads_service\": {\n+          \"status\": 2\n+        }\n+      }\n+    }\n+  ],\n+  \"configuration_version\": \"1\"\n+}\n\\ No newline at end of file"},{"sha":"5772d50a232538de0e67d1c91f94a552a9fde5ae","filename":"build.gradle","status":"modified","additions":2,"deletions":0,"changes":2,"blob_url":"https://github.com/davidmigloz/go-bees/blob/434cd9935020fdcceb4c6fbb5b1f2c9fe4a10d87/build.gradle","raw_url":"https://github.com/davidmigloz/go-bees/raw/434cd9935020fdcceb4c6fbb5b1f2c9fe4a10d87/build.gradle","contents_url":"https://api.github.com/repos/davidmigloz/go-bees/contents/build.gradle?ref=434cd9935020fdcceb4c6fbb5b1f2c9fe4a10d87","patch":"@@ -30,6 +30,8 @@ buildscript {\n         classpath 'io.realm:realm-gradle-plugin:3.7.0'\r\n         // Fabric Gradle Plugin (For Crashlytics) : https://docs.fabric.io/android/changelog.html#fabric-gradle-plugin\r\n         classpath 'io.fabric.tools:gradle:1.24.2'\r\n+        // Google Services Gradle Plugin (for Firebase) : https://developers.google.com/android/guides/google-services-plugin\r\n+        classpath 'com.google.gms:google-services:3.1.0'\r\n     }\r\n }\r\n \r"}]}
2023-09-24 16:20:17.215 DEBUG 39436 --- [           main] e.u.l.a.s.a.github.GitHubScmClient       : [GitHubScmClient#findCommit] <--- END HTTP (13516-byte body)
]]></system-out>
  </testcase>
</testsuite>