<?xml version="1.0" encoding="UTF-8"?>
<testsuite xmlns:xsi="http://www.w3.org/2001/XMLSchema-instance" xsi:noNamespaceSchemaLocation="https://maven.apache.org/surefire/maven-surefire-plugin/xsd/surefire-test-report-3.0.xsd" version="3.0" name="es.ubu.lsi.avrela.bdd.CucumberTests" time="58.345" tests="17" errors="0" skipped="0" failures="0">
  <properties>
[...]
</properties>
  <testcase name="test" classname="es.ubu.lsi.avrela.bdd.CucumberTests" time="0"/>
  <testcase name="Import issue data - Issue import successful - Examples - Example #1" classname="Import issue data - Issue import successful - Examples" time="1.265">
    <system-out><![CDATA[
Scenario Outline: Issue import successful                     &amp#27;[90m# features/apm/IssueImport.feature:17&amp#27;[0m
  &amp#27;[32mGiven &amp#27;[0m&amp#27;[32mthe repository owned by &amp#27;[0m&amp#27;[32m&amp#27;[1m"davidmigloz"&amp#27;[0m&amp#27;[32m named &amp#27;[0m&amp#27;[32m&amp#27;[1m"go-bees"&amp#27;[0m &amp#27;[90m# es.ubu.lsi.avrela.bdd.apm.IssueImportSteps.theRepositoryOwnedByNamed(java.lang.String,java.lang.String)&amp#27;[0m
2023-09-24 16:20:19.989 DEBUG 39436 --- [           main] e.u.l.a.a.a.g.GitHubIssueRepository      : Using repository identified by owner [davidmigloz] and name [go-bees]
2023-09-24 16:20:19.990 DEBUG 39436 --- [           main] e.u.l.a.a.a.g.GitHubIssueRepository      : Fetching issue with id [159]
2023-09-24 16:20:19.990 DEBUG 39436 --- [           main] e.u.l.a.a.a.github.GitHubApmClient       : [GitHubApmClient#findIssueById] ---> GET https://api.github.com/repos/davidmigloz/go-bees/issues/159 HTTP/1.1
2023-09-24 16:20:20.276 DEBUG 39436 --- [           main] e.u.l.a.a.a.github.GitHubApmClient       : [GitHubApmClient#findIssueById] <--- HTTP/1.1 200 OK (285ms)
2023-09-24 16:20:20.283 DEBUG 39436 --- [           main] e.u.l.a.a.a.g.GitHubIssueRepository      : Fetching issue [Entrega TFG] events
2023-09-24 16:20:20.284 DEBUG 39436 --- [           main] e.u.l.a.a.a.github.GitHubApmClient       : [GitHubApmClient#findEventsByIssue] ---> GET https://api.github.com/repos/davidmigloz/go-bees/issues/159/timeline HTTP/1.1
2023-09-24 16:20:20.686 DEBUG 39436 --- [           main] e.u.l.a.a.a.github.GitHubApmClient       : [GitHubApmClient#findEventsByIssue] <--- HTTP/1.1 200 OK (402ms)
2023-09-24 16:20:20.692 DEBUG 39436 --- [           main] e.u.l.a.a.a.g.GitHubIssueRepository      : Fetched [8] events
2023-09-24 16:20:20.693 DEBUG 39436 --- [           main] e.u.l.a.a.a.g.GitHubIssueRepository      : Processing event [GitHubIssueEvent(id=924304492, type=LABELED, createdAt=2017-01-16T13:22:59Z, body=null, commitId=null, actor=GitHubUser(login=davidmigloz))] of issue [Entrega TFG]
2023-09-24 16:20:20.706 DEBUG 39436 --- [           main] e.u.l.a.a.a.g.GitHubIssueRepository      : Processing event [GitHubIssueEvent(id=924304494, type=MILESTONED, createdAt=2017-01-16T13:22:59Z, body=null, commitId=null, actor=GitHubUser(login=davidmigloz))] of issue [Entrega TFG]
2023-09-24 16:20:20.706 DEBUG 39436 --- [           main] e.u.l.a.a.a.g.GitHubIssueRepository      : Processing event [GitHubIssueEvent(id=924304496, type=ASSIGNED, createdAt=2017-01-16T13:22:59Z, body=null, commitId=null, actor=GitHubUser(login=davidmigloz))] of issue [Entrega TFG]
2023-09-24 16:20:20.707 DEBUG 39436 --- [           main] e.u.l.a.a.a.g.GitHubIssueRepository      : Processing event [GitHubIssueEvent(id=928322139, type=null, createdAt=2017-01-18T23:20:58Z, body=null, commitId=null, actor=GitHubUser(login=davidmigloz))] of issue [Entrega TFG]
2023-09-24 16:20:20.707 DEBUG 39436 --- [           main] e.u.l.a.a.a.g.GitHubIssueRepository      : Processing event [GitHubIssueEvent(id=277245197, type=COMMENTED, createdAt=2017-02-03T13:21:42Z, body=### Impresos 
- [impreso_biblioteca.docx](https://github.com/davidmigloz/go-bees/files/750543/impreso_biblioteca.docx)
- [impreso_entrega_tfg.docx](https://github.com/davidmigloz/go-bees/files/750544/impreso_entrega_tfg.docx)
, commitId=null, actor=GitHubUser(login=davidmigloz))] of issue [Entrega TFG]
2023-09-24 16:20:20.707 DEBUG 39436 --- [           main] e.u.l.a.a.a.g.GitHubIssueRepository      : Processing event [GitHubIssueEvent(id=956553147, type=MILESTONED, createdAt=2017-02-10T00:16:36Z, body=null, commitId=null, actor=GitHubUser(login=davidmigloz))] of issue [Entrega TFG]
2023-09-24 16:20:20.707 DEBUG 39436 --- [           main] e.u.l.a.a.a.g.GitHubIssueRepository      : Processing event [GitHubIssueEvent(id=958107491, type=CLOSED, createdAt=2017-02-10T23:38:26Z, body=null, commitId=null, actor=GitHubUser(login=davidmigloz))] of issue [Entrega TFG]
2023-09-24 16:20:20.707 DEBUG 39436 --- [           main] e.u.l.a.a.a.g.GitHubIssueRepository      : Processing event [GitHubIssueEvent(id=null, type=CROSS_REFERENCED, createdAt=2021-11-22T19:21:52Z, body=null, commitId=null, actor=GitHubUser(login=jmr1006-ubu))] of issue [Entrega TFG]
2023-09-24 16:20:20.707 DEBUG 39436 --- [           main] e.u.l.a.a.a.g.GitHubIssueRepository      : Fetching issue [Entrega TFG] comments
2023-09-24 16:20:20.708 DEBUG 39436 --- [           main] e.u.l.a.a.a.github.GitHubApmClient       : [GitHubApmClient#findCommentsByIssue] ---> GET https://api.github.com/repos/davidmigloz/go-bees/issues/159/comments HTTP/1.1
2023-09-24 16:20:20.994 DEBUG 39436 --- [           main] e.u.l.a.a.a.github.GitHubApmClient       : [GitHubApmClient#findCommentsByIssue] <--- HTTP/1.1 200 OK (286ms)
2023-09-24 16:20:20.996 DEBUG 39436 --- [           main] e.u.l.a.a.a.g.GitHubIssueRepository      : [1] comments fetched
  &amp#27;[32mWhen &amp#27;[0m&amp#27;[32mI import the issue with id &amp#27;[0m&amp#27;[32m&amp#27;[1m"159"&amp#27;[0m                       &amp#27;[90m# es.ubu.lsi.avrela.bdd.apm.IssueImportSteps.iImportTheIssue(java.lang.String)&amp#27;[0m
  &amp#27;[32mThen &amp#27;[0m&amp#27;[32missue has comments check should be &amp#27;[0m&amp#27;[32m&amp#27;[1m"true"&amp#27;[0m              &amp#27;[90m# es.ubu.lsi.avrela.bdd.apm.IssueImportSteps.issueHasCommentsCheckShouldBe(java.lang.String)&amp#27;[0m
  &amp#27;[32mAnd &amp#27;[0m&amp#27;[32missue total comments should be &amp#27;[0m&amp#27;[32m&amp#27;[1m1&amp#27;[0m                        &amp#27;[90m# es.ubu.lsi.avrela.bdd.apm.IssueImportSteps.issueTotalCommentsShouldBe(java.lang.Long)&amp#27;[0m
  &amp#27;[32mAnd &amp#27;[0m&amp#27;[32missue has image check should be &amp#27;[0m&amp#27;[32m&amp#27;[1m"false"&amp#27;[0m                 &amp#27;[90m# es.ubu.lsi.avrela.bdd.apm.IssueImportSteps.issueHasImageCheckShouldBe(java.lang.String)&amp#27;[0m
  &amp#27;[32mAnd &amp#27;[0m&amp#27;[32missue has link check should be &amp#27;[0m&amp#27;[32m&amp#27;[1m"true"&amp#27;[0m                   &amp#27;[90m# es.ubu.lsi.avrela.bdd.apm.IssueImportSteps.issueHasLinkCheckShouldBe(java.lang.String)&amp#27;[0m
  &amp#27;[32mAnd &amp#27;[0m&amp#27;[32missue is labeled check should be &amp#27;[0m&amp#27;[32m&amp#27;[1m"true"&amp#27;[0m                 &amp#27;[90m# es.ubu.lsi.avrela.bdd.apm.IssueImportSteps.issueIsLabeledCheckShouldBe(java.lang.String)&amp#27;[0m
  &amp#27;[32mAnd &amp#27;[0m&amp#27;[32missue has label with value &amp#27;[0m&amp#27;[32m&amp#27;[1m"documentation"&amp#27;[0m              &amp#27;[90m# es.ubu.lsi.avrela.bdd.apm.IssueImportSteps.issueHasLabelWithValue(java.lang.String)&amp#27;[0m
  &amp#27;[32mAnd &amp#27;[0m&amp#27;[32missue total referenced commits should be &amp#27;[0m&amp#27;[32m&amp#27;[1m0&amp#27;[0m              &amp#27;[90m# es.ubu.lsi.avrela.bdd.apm.IssueImportSteps.issueTotalReferencedCommitsShouldBe(java.lang.Long)&amp#27;[0m
]]></system-out>
  </testcase>
  <testcase name="Import issue data - Issue import successful - Examples - Example #2" classname="Import issue data - Issue import successful - Examples" time="1.009">
    <system-out><![CDATA[
Scenario Outline: Issue import successful                     &amp#27;[90m# features/apm/IssueImport.feature:18&amp#27;[0m
  &amp#27;[32mGiven &amp#27;[0m&amp#27;[32mthe repository owned by &amp#27;[0m&amp#27;[32m&amp#27;[1m"davidmigloz"&amp#27;[0m&amp#27;[32m named &amp#27;[0m&amp#27;[32m&amp#27;[1m"go-bees"&amp#27;[0m &amp#27;[90m# es.ubu.lsi.avrela.bdd.apm.IssueImportSteps.theRepositoryOwnedByNamed(java.lang.String,java.lang.String)&amp#27;[0m
2023-09-24 16:20:21.115 DEBUG 39436 --- [           main] e.u.l.a.a.a.g.GitHubIssueRepository      : Using repository identified by owner [davidmigloz] and name [go-bees]
2023-09-24 16:20:21.116 DEBUG 39436 --- [           main] e.u.l.a.a.a.g.GitHubIssueRepository      : Fetching issue with id [176]
2023-09-24 16:20:21.116 DEBUG 39436 --- [           main] e.u.l.a.a.a.github.GitHubApmClient       : [GitHubApmClient#findIssueById] ---> GET https://api.github.com/repos/davidmigloz/go-bees/issues/176 HTTP/1.1
2023-09-24 16:20:21.402 DEBUG 39436 --- [           main] e.u.l.a.a.a.github.GitHubApmClient       : [GitHubApmClient#findIssueById] <--- HTTP/1.1 200 OK (285ms)
2023-09-24 16:20:21.406 DEBUG 39436 --- [           main] e.u.l.a.a.a.g.GitHubIssueRepository      : Fetching issue [Pasar SonarQube tribunal] events
2023-09-24 16:20:21.407 DEBUG 39436 --- [           main] e.u.l.a.a.a.github.GitHubApmClient       : [GitHubApmClient#findEventsByIssue] ---> GET https://api.github.com/repos/davidmigloz/go-bees/issues/176/timeline HTTP/1.1
2023-09-24 16:20:21.709 DEBUG 39436 --- [           main] e.u.l.a.a.a.github.GitHubApmClient       : [GitHubApmClient#findEventsByIssue] <--- HTTP/1.1 200 OK (302ms)
2023-09-24 16:20:21.714 DEBUG 39436 --- [           main] e.u.l.a.a.a.g.GitHubIssueRepository      : Fetched [5] events
2023-09-24 16:20:21.714 DEBUG 39436 --- [           main] e.u.l.a.a.a.g.GitHubIssueRepository      : Processing event [GitHubIssueEvent(id=936571209, type=LABELED, createdAt=2017-01-25T18:08:09Z, body=null, commitId=null, actor=GitHubUser(login=davidmigloz))] of issue [Pasar SonarQube tribunal]
2023-09-24 16:20:21.714 DEBUG 39436 --- [           main] e.u.l.a.a.a.g.GitHubIssueRepository      : Processing event [GitHubIssueEvent(id=936571210, type=ASSIGNED, createdAt=2017-01-25T18:08:10Z, body=null, commitId=null, actor=GitHubUser(login=davidmigloz))] of issue [Pasar SonarQube tribunal]
2023-09-24 16:20:21.714 DEBUG 39436 --- [           main] e.u.l.a.a.a.g.GitHubIssueRepository      : Processing event [GitHubIssueEvent(id=277316494, type=COMMENTED, createdAt=2017-02-03T17:57:21Z, body=`$ ./gradlew sonarqube        -Dsonar.host.url=http://prueba-ubugii.rhcloud.com/`, commitId=null, actor=GitHubUser(login=davidmigloz))] of issue [Pasar SonarQube tribunal]
2023-09-24 16:20:21.714 DEBUG 39436 --- [           main] e.u.l.a.a.a.g.GitHubIssueRepository      : Processing event [GitHubIssueEvent(id=949103396, type=CLOSED, createdAt=2017-02-04T12:30:04Z, body=null, commitId=null, actor=GitHubUser(login=davidmigloz))] of issue [Pasar SonarQube tribunal]
2023-09-24 16:20:21.715 DEBUG 39436 --- [           main] e.u.l.a.a.a.g.GitHubIssueRepository      : Processing event [GitHubIssueEvent(id=949103606, type=MILESTONED, createdAt=2017-02-04T12:30:43Z, body=null, commitId=null, actor=GitHubUser(login=davidmigloz))] of issue [Pasar SonarQube tribunal]
2023-09-24 16:20:21.715 DEBUG 39436 --- [           main] e.u.l.a.a.a.g.GitHubIssueRepository      : Fetching issue [Pasar SonarQube tribunal] comments
2023-09-24 16:20:21.715 DEBUG 39436 --- [           main] e.u.l.a.a.a.github.GitHubApmClient       : [GitHubApmClient#findCommentsByIssue] ---> GET https://api.github.com/repos/davidmigloz/go-bees/issues/176/comments HTTP/1.1
2023-09-24 16:20:22.017 DEBUG 39436 --- [           main] e.u.l.a.a.a.github.GitHubApmClient       : [GitHubApmClient#findCommentsByIssue] <--- HTTP/1.1 200 OK (301ms)
2023-09-24 16:20:22.019 DEBUG 39436 --- [           main] e.u.l.a.a.a.g.GitHubIssueRepository      : [1] comments fetched
  &amp#27;[32mWhen &amp#27;[0m&amp#27;[32mI import the issue with id &amp#27;[0m&amp#27;[32m&amp#27;[1m"176"&amp#27;[0m                       &amp#27;[90m# es.ubu.lsi.avrela.bdd.apm.IssueImportSteps.iImportTheIssue(java.lang.String)&amp#27;[0m
  &amp#27;[32mThen &amp#27;[0m&amp#27;[32missue has comments check should be &amp#27;[0m&amp#27;[32m&amp#27;[1m"true"&amp#27;[0m              &amp#27;[90m# es.ubu.lsi.avrela.bdd.apm.IssueImportSteps.issueHasCommentsCheckShouldBe(java.lang.String)&amp#27;[0m
  &amp#27;[32mAnd &amp#27;[0m&amp#27;[32missue total comments should be &amp#27;[0m&amp#27;[32m&amp#27;[1m1&amp#27;[0m                        &amp#27;[90m# es.ubu.lsi.avrela.bdd.apm.IssueImportSteps.issueTotalCommentsShouldBe(java.lang.Long)&amp#27;[0m
  &amp#27;[32mAnd &amp#27;[0m&amp#27;[32missue has image check should be &amp#27;[0m&amp#27;[32m&amp#27;[1m"false"&amp#27;[0m                 &amp#27;[90m# es.ubu.lsi.avrela.bdd.apm.IssueImportSteps.issueHasImageCheckShouldBe(java.lang.String)&amp#27;[0m
  &amp#27;[32mAnd &amp#27;[0m&amp#27;[32missue has link check should be &amp#27;[0m&amp#27;[32m&amp#27;[1m"true"&amp#27;[0m                   &amp#27;[90m# es.ubu.lsi.avrela.bdd.apm.IssueImportSteps.issueHasLinkCheckShouldBe(java.lang.String)&amp#27;[0m
  &amp#27;[32mAnd &amp#27;[0m&amp#27;[32missue is labeled check should be &amp#27;[0m&amp#27;[32m&amp#27;[1m"true"&amp#27;[0m                 &amp#27;[90m# es.ubu.lsi.avrela.bdd.apm.IssueImportSteps.issueIsLabeledCheckShouldBe(java.lang.String)&amp#27;[0m
  &amp#27;[32mAnd &amp#27;[0m&amp#27;[32missue has label with value &amp#27;[0m&amp#27;[32m&amp#27;[1m"testing"&amp#27;[0m                    &amp#27;[90m# es.ubu.lsi.avrela.bdd.apm.IssueImportSteps.issueHasLabelWithValue(java.lang.String)&amp#27;[0m
  &amp#27;[32mAnd &amp#27;[0m&amp#27;[32missue total referenced commits should be &amp#27;[0m&amp#27;[32m&amp#27;[1m0&amp#27;[0m              &amp#27;[90m# es.ubu.lsi.avrela.bdd.apm.IssueImportSteps.issueTotalReferencedCommitsShouldBe(java.lang.Long)&amp#27;[0m
]]></system-out>
  </testcase>
  <testcase name="Import issue data - Issue import successful - Examples - Example #3" classname="Import issue data - Issue import successful - Examples" time="1.222">
    <system-out><![CDATA[
Scenario Outline: Issue import successful                     &amp#27;[90m# features/apm/IssueImport.feature:19&amp#27;[0m
  &amp#27;[32mGiven &amp#27;[0m&amp#27;[32mthe repository owned by &amp#27;[0m&amp#27;[32m&amp#27;[1m"davidmigloz"&amp#27;[0m&amp#27;[32m named &amp#27;[0m&amp#27;[32m&amp#27;[1m"go-bees"&amp#27;[0m &amp#27;[90m# es.ubu.lsi.avrela.bdd.apm.IssueImportSteps.theRepositoryOwnedByNamed(java.lang.String,java.lang.String)&amp#27;[0m
2023-09-24 16:20:22.072 DEBUG 39436 --- [           main] e.u.l.a.a.a.g.GitHubIssueRepository      : Using repository identified by owner [davidmigloz] and name [go-bees]
2023-09-24 16:20:22.072 DEBUG 39436 --- [           main] e.u.l.a.a.a.g.GitHubIssueRepository      : Fetching issue with id [164]
2023-09-24 16:20:22.072 DEBUG 39436 --- [           main] e.u.l.a.a.a.github.GitHubApmClient       : [GitHubApmClient#findIssueById] ---> GET https://api.github.com/repos/davidmigloz/go-bees/issues/164 HTTP/1.1
2023-09-24 16:20:22.323 DEBUG 39436 --- [           main] e.u.l.a.a.a.github.GitHubApmClient       : [GitHubApmClient#findIssueById] <--- HTTP/1.1 200 OK (250ms)
2023-09-24 16:20:22.331 DEBUG 39436 --- [           main] e.u.l.a.a.a.g.GitHubIssueRepository      : Fetching issue [Las imágenes no se posicionan correctamente en el pdf autogenerado] events
2023-09-24 16:20:22.332 DEBUG 39436 --- [           main] e.u.l.a.a.a.github.GitHubApmClient       : [GitHubApmClient#findEventsByIssue] ---> GET https://api.github.com/repos/davidmigloz/go-bees/issues/164/timeline HTTP/1.1
2023-09-24 16:20:22.939 DEBUG 39436 --- [           main] e.u.l.a.a.a.github.GitHubApmClient       : [GitHubApmClient#findEventsByIssue] <--- HTTP/1.1 200 OK (605ms)
2023-09-24 16:20:22.949 DEBUG 39436 --- [           main] e.u.l.a.a.a.g.GitHubIssueRepository      : Fetched [16] events
2023-09-24 16:20:22.949 DEBUG 39436 --- [           main] e.u.l.a.a.a.g.GitHubIssueRepository      : Processing event [GitHubIssueEvent(id=931378233, type=LABELED, createdAt=2017-01-20T22:09:19Z, body=null, commitId=null, actor=GitHubUser(login=davidmigloz))] of issue [Las imágenes no se posicionan correctamente en el pdf autogenerado]
2023-09-24 16:20:22.949 DEBUG 39436 --- [           main] e.u.l.a.a.a.g.GitHubIssueRepository      : Processing event [GitHubIssueEvent(id=931378235, type=MILESTONED, createdAt=2017-01-20T22:09:19Z, body=null, commitId=null, actor=GitHubUser(login=davidmigloz))] of issue [Las imágenes no se posicionan correctamente en el pdf autogenerado]
2023-09-24 16:20:22.949 DEBUG 39436 --- [           main] e.u.l.a.a.a.g.GitHubIssueRepository      : Processing event [GitHubIssueEvent(id=931378236, type=ASSIGNED, createdAt=2017-01-20T22:09:19Z, body=null, commitId=null, actor=GitHubUser(login=davidmigloz))] of issue [Las imágenes no se posicionan correctamente en el pdf autogenerado]
2023-09-24 16:20:22.949 DEBUG 39436 --- [           main] e.u.l.a.a.a.g.GitHubIssueRepository      : Processing event [GitHubIssueEvent(id=274193258, type=COMMENTED, createdAt=2017-01-20T22:09:25Z, body=http://stackoverflow.com/questions/24285445/sphinx-to-latex-figure-placement, commitId=null, actor=GitHubUser(login=davidmigloz))] of issue [Las imágenes no se posicionan correctamente en el pdf autogenerado]
2023-09-24 16:20:22.949 DEBUG 39436 --- [           main] e.u.l.a.a.a.g.GitHubIssueRepository      : Processing event [GitHubIssueEvent(id=931379709, type=REFERENCED, createdAt=2017-01-20T22:10:42Z, body=null, commitId=b5d991f79ade4a15414533466e1f0695eb381aca, actor=GitHubUser(login=davidmigloz))] of issue [Las imágenes no se posicionan correctamente en el pdf autogenerado]
2023-09-24 16:20:22.949 DEBUG 39436 --- [           main] e.u.l.a.a.a.g.GitHubIssueRepository      : Processing event [GitHubIssueEvent(id=931404466, type=REFERENCED, createdAt=2017-01-20T22:32:41Z, body=null, commitId=271284b37d1c4fbcf8abe6121fbd7e1f03017aca, actor=GitHubUser(login=davidmigloz))] of issue [Las imágenes no se posicionan correctamente en el pdf autogenerado]
2023-09-24 16:20:22.950 DEBUG 39436 --- [           main] e.u.l.a.a.a.g.GitHubIssueRepository      : Processing event [GitHubIssueEvent(id=931412299, type=REFERENCED, createdAt=2017-01-20T22:40:13Z, body=null, commitId=844ae5227dd5be359470b35e4b8aaf231d47a907, actor=GitHubUser(login=davidmigloz))] of issue [Las imágenes no se posicionan correctamente en el pdf autogenerado]
2023-09-24 16:20:22.950 DEBUG 39436 --- [           main] e.u.l.a.a.a.g.GitHubIssueRepository      : Processing event [GitHubIssueEvent(id=931420822, type=REFERENCED, createdAt=2017-01-20T22:49:10Z, body=null, commitId=5255bc844c912768627b695ff6055bfeb289225c, actor=GitHubUser(login=davidmigloz))] of issue [Las imágenes no se posicionan correctamente en el pdf autogenerado]
2023-09-24 16:20:22.950 DEBUG 39436 --- [           main] e.u.l.a.a.a.g.GitHubIssueRepository      : Processing event [GitHubIssueEvent(id=931425657, type=REFERENCED, createdAt=2017-01-20T22:54:32Z, body=null, commitId=683e2a463a40f3572e1b044e012e3445ca040d6b, actor=GitHubUser(login=davidmigloz))] of issue [Las imágenes no se posicionan correctamente en el pdf autogenerado]
2023-09-24 16:20:22.950 DEBUG 39436 --- [           main] e.u.l.a.a.a.g.GitHubIssueRepository      : Processing event [GitHubIssueEvent(id=931433023, type=REFERENCED, createdAt=2017-01-20T23:01:25Z, body=null, commitId=42db24a12ca36f8dc67eeb8ef026da60d8836e28, actor=GitHubUser(login=davidmigloz))] of issue [Las imágenes no se posicionan correctamente en el pdf autogenerado]
2023-09-24 16:20:22.950 DEBUG 39436 --- [           main] e.u.l.a.a.a.g.GitHubIssueRepository      : Processing event [GitHubIssueEvent(id=931435504, type=REFERENCED, createdAt=2017-01-20T23:04:24Z, body=null, commitId=5209017cf579e6eb1c1b52c1b2402a52ca14e67c, actor=GitHubUser(login=davidmigloz))] of issue [Las imágenes no se posicionan correctamente en el pdf autogenerado]
2023-09-24 16:20:22.950 DEBUG 39436 --- [           main] e.u.l.a.a.a.g.GitHubIssueRepository      : Processing event [GitHubIssueEvent(id=931447087, type=REFERENCED, createdAt=2017-01-20T23:17:05Z, body=null, commitId=52ea01c574b1ea007e02438a86210cdf70b1ad5a, actor=GitHubUser(login=davidmigloz))] of issue [Las imágenes no se posicionan correctamente en el pdf autogenerado]
2023-09-24 16:20:22.950 DEBUG 39436 --- [           main] e.u.l.a.a.a.g.GitHubIssueRepository      : Processing event [GitHubIssueEvent(id=931457637, type=CLOSED, createdAt=2017-01-20T23:30:02Z, body=null, commitId=null, actor=GitHubUser(login=davidmigloz))] of issue [Las imágenes no se posicionan correctamente en el pdf autogenerado]
2023-09-24 16:20:22.950 DEBUG 39436 --- [           main] e.u.l.a.a.a.g.GitHubIssueRepository      : Processing event [GitHubIssueEvent(id=null, type=CROSS_REFERENCED, createdAt=2021-03-13T10:35:18Z, body=null, commitId=null, actor=GitHubUser(login=MiriamSanchez11))] of issue [Las imágenes no se posicionan correctamente en el pdf autogenerado]
2023-09-24 16:20:22.950 DEBUG 39436 --- [           main] e.u.l.a.a.a.g.GitHubIssueRepository      : Processing event [GitHubIssueEvent(id=null, type=CROSS_REFERENCED, createdAt=2021-03-15T15:29:27Z, body=null, commitId=null, actor=GitHubUser(login=gonsanmames))] of issue [Las imágenes no se posicionan correctamente en el pdf autogenerado]
2023-09-24 16:20:22.950 DEBUG 39436 --- [           main] e.u.l.a.a.a.g.GitHubIssueRepository      : Processing event [GitHubIssueEvent(id=null, type=CROSS_REFERENCED, createdAt=2021-11-22T20:24:37Z, body=null, commitId=null, actor=GitHubUser(login=jesgararm))] of issue [Las imágenes no se posicionan correctamente en el pdf autogenerado]
2023-09-24 16:20:22.951 DEBUG 39436 --- [           main] e.u.l.a.a.a.g.GitHubIssueRepository      : Fetching issue [Las imágenes no se posicionan correctamente en el pdf autogenerado] comments
2023-09-24 16:20:22.951 DEBUG 39436 --- [           main] e.u.l.a.a.a.github.GitHubApmClient       : [GitHubApmClient#findCommentsByIssue] ---> GET https://api.github.com/repos/davidmigloz/go-bees/issues/164/comments HTTP/1.1
2023-09-24 16:20:23.246 DEBUG 39436 --- [           main] e.u.l.a.a.a.github.GitHubApmClient       : [GitHubApmClient#findCommentsByIssue] <--- HTTP/1.1 200 OK (294ms)
2023-09-24 16:20:23.248 DEBUG 39436 --- [           main] e.u.l.a.a.a.g.GitHubIssueRepository      : [1] comments fetched
  &amp#27;[32mWhen &amp#27;[0m&amp#27;[32mI import the issue with id &amp#27;[0m&amp#27;[32m&amp#27;[1m"164"&amp#27;[0m                       &amp#27;[90m# es.ubu.lsi.avrela.bdd.apm.IssueImportSteps.iImportTheIssue(java.lang.String)&amp#27;[0m
  &amp#27;[32mThen &amp#27;[0m&amp#27;[32missue has comments check should be &amp#27;[0m&amp#27;[32m&amp#27;[1m"true"&amp#27;[0m              &amp#27;[90m# es.ubu.lsi.avrela.bdd.apm.IssueImportSteps.issueHasCommentsCheckShouldBe(java.lang.String)&amp#27;[0m
  &amp#27;[32mAnd &amp#27;[0m&amp#27;[32missue total comments should be &amp#27;[0m&amp#27;[32m&amp#27;[1m1&amp#27;[0m                        &amp#27;[90m# es.ubu.lsi.avrela.bdd.apm.IssueImportSteps.issueTotalCommentsShouldBe(java.lang.Long)&amp#27;[0m
  &amp#27;[32mAnd &amp#27;[0m&amp#27;[32missue has image check should be &amp#27;[0m&amp#27;[32m&amp#27;[1m"false"&amp#27;[0m                 &amp#27;[90m# es.ubu.lsi.avrela.bdd.apm.IssueImportSteps.issueHasImageCheckShouldBe(java.lang.String)&amp#27;[0m
  &amp#27;[32mAnd &amp#27;[0m&amp#27;[32missue has link check should be &amp#27;[0m&amp#27;[32m&amp#27;[1m"false"&amp#27;[0m                  &amp#27;[90m# es.ubu.lsi.avrela.bdd.apm.IssueImportSteps.issueHasLinkCheckShouldBe(java.lang.String)&amp#27;[0m
  &amp#27;[32mAnd &amp#27;[0m&amp#27;[32missue is labeled check should be &amp#27;[0m&amp#27;[32m&amp#27;[1m"true"&amp#27;[0m                 &amp#27;[90m# es.ubu.lsi.avrela.bdd.apm.IssueImportSteps.issueIsLabeledCheckShouldBe(java.lang.String)&amp#27;[0m
  &amp#27;[32mAnd &amp#27;[0m&amp#27;[32missue has label with value &amp#27;[0m&amp#27;[32m&amp#27;[1m"bug"&amp#27;[0m                        &amp#27;[90m# es.ubu.lsi.avrela.bdd.apm.IssueImportSteps.issueHasLabelWithValue(java.lang.String)&amp#27;[0m
  &amp#27;[32mAnd &amp#27;[0m&amp#27;[32missue total referenced commits should be &amp#27;[0m&amp#27;[32m&amp#27;[1m8&amp#27;[0m              &amp#27;[90m# es.ubu.lsi.avrela.bdd.apm.IssueImportSteps.issueTotalReferencedCommitsShouldBe(java.lang.Long)&amp#27;[0m
]]></system-out>
  </testcase>
  <testcase name="Import sprint data - Sprint import successful - Examples - Example #1" classname="Import sprint data - Sprint import successful - Examples" time="10.96">
    <system-out><![CDATA[
Scenario Outline: Sprint import successful                           &amp#27;[90m# features/apm/SprintDataImport.feature:20&amp#27;[0m
  &amp#27;[32mGiven &amp#27;[0m&amp#27;[32ma repository owned by &amp#27;[0m&amp#27;[32m&amp#27;[1m"davidmigloz"&amp#27;[0m&amp#27;[32m named &amp#27;[0m&amp#27;[32m&amp#27;[1m"go-bees"&amp#27;[0m          &amp#27;[90m# es.ubu.lsi.avrela.bdd.apm.SprintDataImportSteps.aRepositoryOwnedByNamed(java.lang.String,java.lang.String)&amp#27;[0m
  &amp#27;[32mAnd &amp#27;[0m&amp#27;[32mthe sprint dates &amp#27;[0m&amp#27;[32m&amp#27;[1m2017-01-25T00:00:00Z&amp#27;[0m&amp#27;[32m and &amp#27;[0m&amp#27;[32m&amp#27;[1m2017-01-25T23:59:59Z&amp#27;[0m &amp#27;[90m# es.ubu.lsi.avrela.bdd.apm.SprintDataImportSteps.theDatesAnd(java.time.ZonedDateTime,java.time.ZonedDateTime)&amp#27;[0m
2023-09-24 16:20:23.309 DEBUG 39436 --- [           main] e.u.l.a.a.a.g.GitHubSprintRepository     : Using repository identified by owner [davidmigloz] and name [go-bees]
2023-09-24 16:20:23.310 DEBUG 39436 --- [           main] e.u.l.a.a.a.g.GitHubSprintRepository     : Fetching milestones between [2017-01-25T00:00Z] and [2017-01-25T23:59:59Z]
2023-09-24 16:20:23.311 DEBUG 39436 --- [           main] e.u.l.a.a.a.github.GitHubApmClient       : [GitHubApmClient#findMilestones] ---> GET https://api.github.com/repos/davidmigloz/go-bees/milestones?state=all&page=1&per_page=100 HTTP/1.1
2023-09-24 16:20:23.552 DEBUG 39436 --- [           main] e.u.l.a.a.a.github.GitHubApmClient       : [GitHubApmClient#findMilestones] <--- HTTP/1.1 200 OK (241ms)
2023-09-24 16:20:23.570 DEBUG 39436 --- [           main] e.u.l.a.a.a.g.GitHubSprintRepository     : [22] sprints fetched
2023-09-24 16:20:23.571 DEBUG 39436 --- [           main] e.u.l.a.a.a.g.GitHubSprintRepository     : [1] sprints filtered
2023-09-24 16:20:23.571 DEBUG 39436 --- [           main] e.u.l.a.a.a.g.GitHubSprintRepository     : Fetching milestone [Sprint 16] due on [2017-01-25T08:00Z] issues
2023-09-24 16:20:23.572 DEBUG 39436 --- [           main] e.u.l.a.a.a.github.GitHubApmClient       : [GitHubApmClient#findIssuesByMilestone] ---> GET https://api.github.com/repos/davidmigloz/go-bees/issues?milestone=17&state=all&page=1&per_page=100 HTTP/1.1
2023-09-24 16:20:23.963 DEBUG 39436 --- [           main] e.u.l.a.a.a.github.GitHubApmClient       : [GitHubApmClient#findIssuesByMilestone] <--- HTTP/1.1 200 OK (390ms)
2023-09-24 16:20:23.989 DEBUG 39436 --- [           main] e.u.l.a.a.a.g.GitHubSprintRepository     : [17] issues fetched
2023-09-24 16:20:23.989 DEBUG 39436 --- [           main] e.u.l.a.a.a.g.GitHubSprintRepository     : Fetching issue [Añadir coordenadas manualmente] events
2023-09-24 16:20:23.989 DEBUG 39436 --- [           main] e.u.l.a.a.a.github.GitHubApmClient       : [GitHubApmClient#findEventsByIssue] ---> GET https://api.github.com/repos/davidmigloz/go-bees/issues/175/timeline HTTP/1.1
2023-09-24 16:20:24.832 DEBUG 39436 --- [           main] e.u.l.a.a.a.github.GitHubApmClient       : [GitHubApmClient#findEventsByIssue] <--- HTTP/1.1 200 OK (842ms)
2023-09-24 16:20:24.930 DEBUG 39436 --- [           main] e.u.l.a.a.a.g.GitHubSprintRepository     : Fetched [11] events
2023-09-24 16:20:24.931 DEBUG 39436 --- [           main] e.u.l.a.a.a.g.GitHubSprintRepository     : Processing event [GitHubIssueEvent(id=935403479, type=LABELED, createdAt=2017-01-24T23:53:27Z, body=null, commitId=null, actor=GitHubUser(login=davidmigloz))] of issue [Añadir coordenadas manualmente]
2023-09-24 16:20:24.931 DEBUG 39436 --- [           main] e.u.l.a.a.a.g.GitHubSprintRepository     : Processing event [GitHubIssueEvent(id=935403480, type=MILESTONED, createdAt=2017-01-24T23:53:27Z, body=null, commitId=null, actor=GitHubUser(login=davidmigloz))] of issue [Añadir coordenadas manualmente]
2023-09-24 16:20:24.931 DEBUG 39436 --- [           main] e.u.l.a.a.a.g.GitHubSprintRepository     : Processing event [GitHubIssueEvent(id=935403481, type=ASSIGNED, createdAt=2017-01-24T23:53:27Z, body=null, commitId=null, actor=GitHubUser(login=davidmigloz))] of issue [Añadir coordenadas manualmente]
2023-09-24 16:20:24.931 DEBUG 39436 --- [           main] e.u.l.a.a.a.g.GitHubSprintRepository     : Processing event [GitHubIssueEvent(id=935406869, type=REFERENCED, createdAt=2017-01-24T23:57:03Z, body=null, commitId=b15f3e86c3007d75a41ac3cb53db77ec9e79816b, actor=GitHubUser(login=davidmigloz))] of issue [Añadir coordenadas manualmente]
2023-09-24 16:20:24.931 DEBUG 39436 --- [           main] e.u.l.a.a.a.g.GitHubSprintRepository     : Processing event [GitHubIssueEvent(id=935410092, type=CLOSED, createdAt=2017-01-25T00:00:34Z, body=null, commitId=null, actor=GitHubUser(login=davidmigloz))] of issue [Añadir coordenadas manualmente]
2023-09-24 16:20:24.931 DEBUG 39436 --- [           main] e.u.l.a.a.a.g.GitHubSprintRepository     : Processing event [GitHubIssueEvent(id=null, type=CROSS_REFERENCED, createdAt=2021-03-12T17:54:29Z, body=null, commitId=null, actor=GitHubUser(login=NaiaraGadea))] of issue [Añadir coordenadas manualmente]
2023-09-24 16:20:24.932 DEBUG 39436 --- [           main] e.u.l.a.a.a.g.GitHubSprintRepository     : Processing event [GitHubIssueEvent(id=null, type=CROSS_REFERENCED, createdAt=2021-03-15T11:35:28Z, body=null, commitId=null, actor=GitHubUser(login=FeliRad-sum))] of issue [Añadir coordenadas manualmente]
2023-09-24 16:20:24.932 DEBUG 39436 --- [           main] e.u.l.a.a.a.g.GitHubSprintRepository     : Processing event [GitHubIssueEvent(id=null, type=CROSS_REFERENCED, createdAt=2021-03-16T11:37:56Z, body=null, commitId=null, actor=GitHubUser(login=VictorBarcina01))] of issue [Añadir coordenadas manualmente]
2023-09-24 16:20:24.932 DEBUG 39436 --- [           main] e.u.l.a.a.a.g.GitHubSprintRepository     : Processing event [GitHubIssueEvent(id=null, type=CROSS_REFERENCED, createdAt=2021-03-17T10:48:13Z, body=null, commitId=null, actor=GitHubUser(login=gonsanmames))] of issue [Añadir coordenadas manualmente]
2023-09-24 16:20:24.932 DEBUG 39436 --- [           main] e.u.l.a.a.a.g.GitHubSprintRepository     : Processing event [GitHubIssueEvent(id=null, type=CROSS_REFERENCED, createdAt=2021-11-22T20:33:35Z, body=null, commitId=null, actor=GitHubUser(login=jesgararm))] of issue [Añadir coordenadas manualmente]
2023-09-24 16:20:24.932 DEBUG 39436 --- [           main] e.u.l.a.a.a.g.GitHubSprintRepository     : Processing event [GitHubIssueEvent(id=null, type=CROSS_REFERENCED, createdAt=2023-05-08T11:18:42Z, body=null, commitId=null, actor=GitHubUser(login=clopezno))] of issue [Añadir coordenadas manualmente]
2023-09-24 16:20:24.932 DEBUG 39436 --- [           main] e.u.l.a.a.a.g.GitHubSprintRepository     : Fetching issue [Diseño de interfaces] events
2023-09-24 16:20:24.932 DEBUG 39436 --- [           main] e.u.l.a.a.a.github.GitHubApmClient       : [GitHubApmClient#findEventsByIssue] ---> GET https://api.github.com/repos/davidmigloz/go-bees/issues/174/timeline HTTP/1.1
2023-09-24 16:20:25.630 DEBUG 39436 --- [           main] e.u.l.a.a.a.github.GitHubApmClient       : [GitHubApmClient#findEventsByIssue] <--- HTTP/1.1 200 OK (697ms)
2023-09-24 16:20:25.637 DEBUG 39436 --- [           main] e.u.l.a.a.a.g.GitHubSprintRepository     : Fetched [11] events
2023-09-24 16:20:25.637 DEBUG 39436 --- [           main] e.u.l.a.a.a.g.GitHubSprintRepository     : Processing event [GitHubIssueEvent(id=933831694, type=LABELED, createdAt=2017-01-24T01:59:36Z, body=null, commitId=null, actor=GitHubUser(login=davidmigloz))] of issue [Diseño de interfaces]
2023-09-24 16:20:25.637 DEBUG 39436 --- [           main] e.u.l.a.a.a.g.GitHubSprintRepository     : Processing event [GitHubIssueEvent(id=933831695, type=MILESTONED, createdAt=2017-01-24T01:59:36Z, body=null, commitId=null, actor=GitHubUser(login=davidmigloz))] of issue [Diseño de interfaces]
2023-09-24 16:20:25.637 DEBUG 39436 --- [           main] e.u.l.a.a.a.g.GitHubSprintRepository     : Processing event [GitHubIssueEvent(id=933831696, type=ASSIGNED, createdAt=2017-01-24T01:59:36Z, body=null, commitId=null, actor=GitHubUser(login=davidmigloz))] of issue [Diseño de interfaces]
2023-09-24 16:20:25.637 DEBUG 39436 --- [           main] e.u.l.a.a.a.g.GitHubSprintRepository     : Processing event [GitHubIssueEvent(id=933834164, type=REFERENCED, createdAt=2017-01-24T02:02:34Z, body=null, commitId=ac7374fb9bdc9c6a4ac4c2c814a40b584de53d70, actor=GitHubUser(login=davidmigloz))] of issue [Diseño de interfaces]
2023-09-24 16:20:25.637 DEBUG 39436 --- [           main] e.u.l.a.a.a.g.GitHubSprintRepository     : Processing event [GitHubIssueEvent(id=933834711, type=CLOSED, createdAt=2017-01-24T02:03:10Z, body=null, commitId=null, actor=GitHubUser(login=davidmigloz))] of issue [Diseño de interfaces]
2023-09-24 16:20:25.637 DEBUG 39436 --- [           main] e.u.l.a.a.a.g.GitHubSprintRepository     : Processing event [GitHubIssueEvent(id=933840090, type=REFERENCED, createdAt=2017-01-24T02:09:15Z, body=null, commitId=a388d08d6a4d014782f21553a593d92524812c16, actor=GitHubUser(login=davidmigloz))] of issue [Diseño de interfaces]
2023-09-24 16:20:25.637 DEBUG 39436 --- [           main] e.u.l.a.a.a.g.GitHubSprintRepository     : Processing event [GitHubIssueEvent(id=null, type=CROSS_REFERENCED, createdAt=2021-03-12T18:01:58Z, body=null, commitId=null, actor=GitHubUser(login=NaiaraGadea))] of issue [Diseño de interfaces]
2023-09-24 16:20:25.637 DEBUG 39436 --- [           main] e.u.l.a.a.a.g.GitHubSprintRepository     : Processing event [GitHubIssueEvent(id=null, type=CROSS_REFERENCED, createdAt=2021-03-15T11:31:51Z, body=null, commitId=null, actor=GitHubUser(login=FeliRad-sum))] of issue [Diseño de interfaces]
2023-09-24 16:20:25.637 DEBUG 39436 --- [           main] e.u.l.a.a.a.g.GitHubSprintRepository     : Processing event [GitHubIssueEvent(id=null, type=CROSS_REFERENCED, createdAt=2021-03-16T11:54:12Z, body=null, commitId=null, actor=GitHubUser(login=VictorBarcina01))] of issue [Diseño de interfaces]
2023-09-24 16:20:25.638 DEBUG 39436 --- [           main] e.u.l.a.a.a.g.GitHubSprintRepository     : Processing event [GitHubIssueEvent(id=null, type=CROSS_REFERENCED, createdAt=2021-03-17T10:52:12Z, body=null, commitId=null, actor=GitHubUser(login=gonsanmames))] of issue [Diseño de interfaces]
2023-09-24 16:20:25.638 DEBUG 39436 --- [           main] e.u.l.a.a.a.g.GitHubSprintRepository     : Processing event [GitHubIssueEvent(id=null, type=CROSS_REFERENCED, createdAt=2021-11-22T20:32:55Z, body=null, commitId=null, actor=GitHubUser(login=jesgararm))] of issue [Diseño de interfaces]
2023-09-24 16:20:25.638 DEBUG 39436 --- [           main] e.u.l.a.a.a.g.GitHubSprintRepository     : Fetching issue [Incrementar la cobertura en las clases de utilidad] events
2023-09-24 16:20:25.638 DEBUG 39436 --- [           main] e.u.l.a.a.a.github.GitHubApmClient       : [GitHubApmClient#findEventsByIssue] ---> GET https://api.github.com/repos/davidmigloz/go-bees/issues/171/timeline HTTP/1.1
2023-09-24 16:20:26.161 DEBUG 39436 --- [           main] e.u.l.a.a.a.github.GitHubApmClient       : [GitHubApmClient#findEventsByIssue] <--- HTTP/1.1 200 OK (523ms)
2023-09-24 16:20:26.167 DEBUG 39436 --- [           main] e.u.l.a.a.a.g.GitHubSprintRepository     : Fetched [9] events
2023-09-24 16:20:26.167 DEBUG 39436 --- [           main] e.u.l.a.a.a.g.GitHubSprintRepository     : Processing event [GitHubIssueEvent(id=932825110, type=LABELED, createdAt=2017-01-23T13:48:48Z, body=null, commitId=null, actor=GitHubUser(login=davidmigloz))] of issue [Incrementar la cobertura en las clases de utilidad]
2023-09-24 16:20:26.167 DEBUG 39436 --- [           main] e.u.l.a.a.a.g.GitHubSprintRepository     : Processing event [GitHubIssueEvent(id=932825113, type=MILESTONED, createdAt=2017-01-23T13:48:48Z, body=null, commitId=null, actor=GitHubUser(login=davidmigloz))] of issue [Incrementar la cobertura en las clases de utilidad]
2023-09-24 16:20:26.167 DEBUG 39436 --- [           main] e.u.l.a.a.a.g.GitHubSprintRepository     : Processing event [GitHubIssueEvent(id=932825114, type=ASSIGNED, createdAt=2017-01-23T13:48:48Z, body=null, commitId=null, actor=GitHubUser(login=davidmigloz))] of issue [Incrementar la cobertura en las clases de utilidad]
2023-09-24 16:20:26.167 DEBUG 39436 --- [           main] e.u.l.a.a.a.g.GitHubSprintRepository     : Processing event [GitHubIssueEvent(id=932826785, type=REFERENCED, createdAt=2017-01-23T13:50:01Z, body=null, commitId=8600afb35ccb8fec085a430112deba17330b95a9, actor=GitHubUser(login=davidmigloz))] of issue [Incrementar la cobertura en las clases de utilidad]
2023-09-24 16:20:26.167 DEBUG 39436 --- [           main] e.u.l.a.a.a.g.GitHubSprintRepository     : Processing event [GitHubIssueEvent(id=932828474, type=CLOSED, createdAt=2017-01-23T13:51:23Z, body=null, commitId=null, actor=GitHubUser(login=davidmigloz))] of issue [Incrementar la cobertura en las clases de utilidad]
2023-09-24 16:20:26.168 DEBUG 39436 --- [           main] e.u.l.a.a.a.g.GitHubSprintRepository     : Processing event [GitHubIssueEvent(id=936372418, type=null, createdAt=2017-01-25T16:04:59Z, body=null, commitId=null, actor=GitHubUser(login=davidmigloz))] of issue [Incrementar la cobertura en las clases de utilidad]
2023-09-24 16:20:26.168 DEBUG 39436 --- [           main] e.u.l.a.a.a.g.GitHubSprintRepository     : Processing event [GitHubIssueEvent(id=null, type=CROSS_REFERENCED, createdAt=2021-03-15T11:14:33Z, body=null, commitId=null, actor=GitHubUser(login=FeliRad-sum))] of issue [Incrementar la cobertura en las clases de utilidad]
2023-09-24 16:20:26.168 DEBUG 39436 --- [           main] e.u.l.a.a.a.g.GitHubSprintRepository     : Processing event [GitHubIssueEvent(id=null, type=CROSS_REFERENCED, createdAt=2021-03-17T11:09:32Z, body=null, commitId=null, actor=GitHubUser(login=gonsanmames))] of issue [Incrementar la cobertura en las clases de utilidad]
2023-09-24 16:20:26.168 DEBUG 39436 --- [           main] e.u.l.a.a.a.g.GitHubSprintRepository     : Processing event [GitHubIssueEvent(id=null, type=CROSS_REFERENCED, createdAt=2021-11-22T20:30:40Z, body=null, commitId=null, actor=GitHubUser(login=jesgararm))] of issue [Incrementar la cobertura en las clases de utilidad]
2023-09-24 16:20:26.168 DEBUG 39436 --- [           main] e.u.l.a.a.a.g.GitHubSprintRepository     : Fetching issue [Solapamiento con condiciones meteorológicas largas] events
2023-09-24 16:20:26.168 DEBUG 39436 --- [           main] e.u.l.a.a.a.github.GitHubApmClient       : [GitHubApmClient#findEventsByIssue] ---> GET https://api.github.com/repos/davidmigloz/go-bees/issues/170/timeline HTTP/1.1
2023-09-24 16:20:26.625 DEBUG 39436 --- [           main] e.u.l.a.a.a.github.GitHubApmClient       : [GitHubApmClient#findEventsByIssue] <--- HTTP/1.1 200 OK (455ms)
2023-09-24 16:20:26.632 DEBUG 39436 --- [           main] e.u.l.a.a.a.g.GitHubSprintRepository     : Fetched [7] events
2023-09-24 16:20:26.632 DEBUG 39436 --- [           main] e.u.l.a.a.a.g.GitHubSprintRepository     : Processing event [GitHubIssueEvent(id=932044159, type=LABELED, createdAt=2017-01-22T17:19Z, body=null, commitId=null, actor=GitHubUser(login=davidmigloz))] of issue [Solapamiento con condiciones meteorológicas largas]
2023-09-24 16:20:26.632 DEBUG 39436 --- [           main] e.u.l.a.a.a.g.GitHubSprintRepository     : Processing event [GitHubIssueEvent(id=932044160, type=MILESTONED, createdAt=2017-01-22T17:19Z, body=null, commitId=null, actor=GitHubUser(login=davidmigloz))] of issue [Solapamiento con condiciones meteorológicas largas]
2023-09-24 16:20:26.632 DEBUG 39436 --- [           main] e.u.l.a.a.a.g.GitHubSprintRepository     : Processing event [GitHubIssueEvent(id=932044161, type=ASSIGNED, createdAt=2017-01-22T17:19Z, body=null, commitId=null, actor=GitHubUser(login=davidmigloz))] of issue [Solapamiento con condiciones meteorológicas largas]
2023-09-24 16:20:26.633 DEBUG 39436 --- [           main] e.u.l.a.a.a.g.GitHubSprintRepository     : Processing event [GitHubIssueEvent(id=932046274, type=REFERENCED, createdAt=2017-01-22T17:27:52Z, body=null, commitId=c90948ef1d7cbf0dadf0d4f0b45d4c43dc7ac826, actor=GitHubUser(login=davidmigloz))] of issue [Solapamiento con condiciones meteorológicas largas]
2023-09-24 16:20:26.633 DEBUG 39436 --- [           main] e.u.l.a.a.a.g.GitHubSprintRepository     : Processing event [GitHubIssueEvent(id=932046451, type=CLOSED, createdAt=2017-01-22T17:28:25Z, body=null, commitId=null, actor=GitHubUser(login=davidmigloz))] of issue [Solapamiento con condiciones meteorológicas largas]
2023-09-24 16:20:26.633 DEBUG 39436 --- [           main] e.u.l.a.a.a.g.GitHubSprintRepository     : Processing event [GitHubIssueEvent(id=null, type=CROSS_REFERENCED, createdAt=2021-03-17T11:16:10Z, body=null, commitId=null, actor=GitHubUser(login=gonsanmames))] of issue [Solapamiento con condiciones meteorológicas largas]
2023-09-24 16:20:26.633 DEBUG 39436 --- [           main] e.u.l.a.a.a.g.GitHubSprintRepository     : Processing event [GitHubIssueEvent(id=null, type=CROSS_REFERENCED, createdAt=2021-11-22T20:29:55Z, body=null, commitId=null, actor=GitHubUser(login=jesgararm))] of issue [Solapamiento con condiciones meteorológicas largas]
2023-09-24 16:20:26.633 DEBUG 39436 --- [           main] e.u.l.a.a.a.g.GitHubSprintRepository     : Fetching issue [Permitir notas multilinea] events
2023-09-24 16:20:26.634 DEBUG 39436 --- [           main] e.u.l.a.a.a.github.GitHubApmClient       : [GitHubApmClient#findEventsByIssue] ---> GET https://api.github.com/repos/davidmigloz/go-bees/issues/169/timeline HTTP/1.1
2023-09-24 16:20:27.136 DEBUG 39436 --- [           main] e.u.l.a.a.a.github.GitHubApmClient       : [GitHubApmClient#findEventsByIssue] <--- HTTP/1.1 200 OK (502ms)
2023-09-24 16:20:27.140 DEBUG 39436 --- [           main] e.u.l.a.a.a.g.GitHubSprintRepository     : Fetched [8] events
2023-09-24 16:20:27.140 DEBUG 39436 --- [           main] e.u.l.a.a.a.g.GitHubSprintRepository     : Processing event [GitHubIssueEvent(id=932037647, type=LABELED, createdAt=2017-01-22T16:55:26Z, body=null, commitId=null, actor=GitHubUser(login=davidmigloz))] of issue [Permitir notas multilinea]
2023-09-24 16:20:27.140 DEBUG 39436 --- [           main] e.u.l.a.a.a.g.GitHubSprintRepository     : Processing event [GitHubIssueEvent(id=932037648, type=MILESTONED, createdAt=2017-01-22T16:55:26Z, body=null, commitId=null, actor=GitHubUser(login=davidmigloz))] of issue [Permitir notas multilinea]
2023-09-24 16:20:27.140 DEBUG 39436 --- [           main] e.u.l.a.a.a.g.GitHubSprintRepository     : Processing event [GitHubIssueEvent(id=932037649, type=ASSIGNED, createdAt=2017-01-22T16:55:26Z, body=null, commitId=null, actor=GitHubUser(login=davidmigloz))] of issue [Permitir notas multilinea]
2023-09-24 16:20:27.140 DEBUG 39436 --- [           main] e.u.l.a.a.a.g.GitHubSprintRepository     : Processing event [GitHubIssueEvent(id=932044018, type=CLOSED, createdAt=2017-01-22T17:18:12Z, body=null, commitId=null, actor=GitHubUser(login=davidmigloz))] of issue [Permitir notas multilinea]
2023-09-24 16:20:27.140 DEBUG 39436 --- [           main] e.u.l.a.a.a.g.GitHubSprintRepository     : Processing event [GitHubIssueEvent(id=932046273, type=REFERENCED, createdAt=2017-01-22T17:27:52Z, body=null, commitId=2da3c6ad6d9cfaed956e7277091c8467fefa9ab7, actor=GitHubUser(login=davidmigloz))] of issue [Permitir notas multilinea]
2023-09-24 16:20:27.141 DEBUG 39436 --- [           main] e.u.l.a.a.a.g.GitHubSprintRepository     : Processing event [GitHubIssueEvent(id=null, type=CROSS_REFERENCED, createdAt=2021-03-17T11:24:36Z, body=null, commitId=null, actor=GitHubUser(login=gonsanmames))] of issue [Permitir notas multilinea]
2023-09-24 16:20:27.141 DEBUG 39436 --- [           main] e.u.l.a.a.a.g.GitHubSprintRepository     : Processing event [GitHubIssueEvent(id=null, type=CROSS_REFERENCED, createdAt=2021-11-22T20:29:21Z, body=null, commitId=null, actor=GitHubUser(login=jesgararm))] of issue [Permitir notas multilinea]
2023-09-24 16:20:27.141 DEBUG 39436 --- [           main] e.u.l.a.a.a.g.GitHubSprintRepository     : Processing event [GitHubIssueEvent(id=null, type=CROSS_REFERENCED, createdAt=2022-11-22T15:37:52Z, body=null, commitId=null, actor=GitHubUser(login=Mno0004ubu))] of issue [Permitir notas multilinea]
2023-09-24 16:20:27.141 DEBUG 39436 --- [           main] e.u.l.a.a.a.g.GitHubSprintRepository     : Fetching issue [Borrar anterior registro al actualizar el tiempo actual] events
2023-09-24 16:20:27.141 DEBUG 39436 --- [           main] e.u.l.a.a.a.github.GitHubApmClient       : [GitHubApmClient#findEventsByIssue] ---> GET https://api.github.com/repos/davidmigloz/go-bees/issues/168/timeline HTTP/1.1
2023-09-24 16:20:27.752 DEBUG 39436 --- [           main] e.u.l.a.a.a.github.GitHubApmClient       : [GitHubApmClient#findEventsByIssue] <--- HTTP/1.1 200 OK (610ms)
2023-09-24 16:20:27.758 DEBUG 39436 --- [           main] e.u.l.a.a.a.g.GitHubSprintRepository     : Fetched [10] events
2023-09-24 16:20:27.758 DEBUG 39436 --- [           main] e.u.l.a.a.a.g.GitHubSprintRepository     : Processing event [GitHubIssueEvent(id=932035781, type=LABELED, createdAt=2017-01-22T16:48:02Z, body=null, commitId=null, actor=GitHubUser(login=davidmigloz))] of issue [Borrar anterior registro al actualizar el tiempo actual]
2023-09-24 16:20:27.758 DEBUG 39436 --- [           main] e.u.l.a.a.a.g.GitHubSprintRepository     : Processing event [GitHubIssueEvent(id=932035782, type=MILESTONED, createdAt=2017-01-22T16:48:02Z, body=null, commitId=null, actor=GitHubUser(login=davidmigloz))] of issue [Borrar anterior registro al actualizar el tiempo actual]
2023-09-24 16:20:27.758 DEBUG 39436 --- [           main] e.u.l.a.a.a.g.GitHubSprintRepository     : Processing event [GitHubIssueEvent(id=932035783, type=ASSIGNED, createdAt=2017-01-22T16:48:02Z, body=null, commitId=null, actor=GitHubUser(login=davidmigloz))] of issue [Borrar anterior registro al actualizar el tiempo actual]
2023-09-24 16:20:27.759 DEBUG 39436 --- [           main] e.u.l.a.a.a.g.GitHubSprintRepository     : Processing event [GitHubIssueEvent(id=932037432, type=CLOSED, createdAt=2017-01-22T16:54:36Z, body=null, commitId=null, actor=GitHubUser(login=davidmigloz))] of issue [Borrar anterior registro al actualizar el tiempo actual]
2023-09-24 16:20:27.759 DEBUG 39436 --- [           main] e.u.l.a.a.a.g.GitHubSprintRepository     : Processing event [GitHubIssueEvent(id=932046272, type=REFERENCED, createdAt=2017-01-22T17:27:52Z, body=null, commitId=422e78dc2257f50ff4dd35b49ec7fc21d39d5eba, actor=GitHubUser(login=davidmigloz))] of issue [Borrar anterior registro al actualizar el tiempo actual]
2023-09-24 16:20:27.759 DEBUG 39436 --- [           main] e.u.l.a.a.a.g.GitHubSprintRepository     : Processing event [GitHubIssueEvent(id=936373814, type=null, createdAt=2017-01-25T16:05:44Z, body=null, commitId=null, actor=GitHubUser(login=davidmigloz))] of issue [Borrar anterior registro al actualizar el tiempo actual]
2023-09-24 16:20:27.759 DEBUG 39436 --- [           main] e.u.l.a.a.a.g.GitHubSprintRepository     : Processing event [GitHubIssueEvent(id=null, type=CROSS_REFERENCED, createdAt=2021-03-15T11:04:04Z, body=null, commitId=null, actor=GitHubUser(login=FeliRad-sum))] of issue [Borrar anterior registro al actualizar el tiempo actual]
2023-09-24 16:20:27.759 DEBUG 39436 --- [           main] e.u.l.a.a.a.g.GitHubSprintRepository     : Processing event [GitHubIssueEvent(id=null, type=CROSS_REFERENCED, createdAt=2021-03-17T11:26:25Z, body=null, commitId=null, actor=GitHubUser(login=gonsanmames))] of issue [Borrar anterior registro al actualizar el tiempo actual]
2023-09-24 16:20:27.760 DEBUG 39436 --- [           main] e.u.l.a.a.a.g.GitHubSprintRepository     : Processing event [GitHubIssueEvent(id=null, type=CROSS_REFERENCED, createdAt=2021-11-22T20:28:14Z, body=null, commitId=null, actor=GitHubUser(login=jesgararm))] of issue [Borrar anterior registro al actualizar el tiempo actual]
2023-09-24 16:20:27.760 DEBUG 39436 --- [           main] e.u.l.a.a.a.g.GitHubSprintRepository     : Processing event [GitHubIssueEvent(id=null, type=CROSS_REFERENCED, createdAt=2022-11-22T15:29:27Z, body=null, commitId=null, actor=GitHubUser(login=Mno0004ubu))] of issue [Borrar anterior registro al actualizar el tiempo actual]
2023-09-24 16:20:27.760 DEBUG 39436 --- [           main] e.u.l.a.a.a.g.GitHubSprintRepository     : Fetching issue [Opción generar colmenar de muestra] events
2023-09-24 16:20:27.761 DEBUG 39436 --- [           main] e.u.l.a.a.a.github.GitHubApmClient       : [GitHubApmClient#findEventsByIssue] ---> GET https://api.github.com/repos/davidmigloz/go-bees/issues/165/timeline HTTP/1.1
2023-09-24 16:20:28.467 DEBUG 39436 --- [           main] e.u.l.a.a.a.github.GitHubApmClient       : [GitHubApmClient#findEventsByIssue] <--- HTTP/1.1 200 OK (705ms)
2023-09-24 16:20:28.475 DEBUG 39436 --- [           main] e.u.l.a.a.a.g.GitHubSprintRepository     : Fetched [12] events
2023-09-24 16:20:28.475 DEBUG 39436 --- [           main] e.u.l.a.a.a.g.GitHubSprintRepository     : Processing event [GitHubIssueEvent(id=931850814, type=LABELED, createdAt=2017-01-22T01:24:39Z, body=null, commitId=null, actor=GitHubUser(login=davidmigloz))] of issue [Opción generar colmenar de muestra]
2023-09-24 16:20:28.476 DEBUG 39436 --- [           main] e.u.l.a.a.a.g.GitHubSprintRepository     : Processing event [GitHubIssueEvent(id=931850815, type=MILESTONED, createdAt=2017-01-22T01:24:39Z, body=null, commitId=null, actor=GitHubUser(login=davidmigloz))] of issue [Opción generar colmenar de muestra]
2023-09-24 16:20:28.476 DEBUG 39436 --- [           main] e.u.l.a.a.a.g.GitHubSprintRepository     : Processing event [GitHubIssueEvent(id=931850816, type=ASSIGNED, createdAt=2017-01-22T01:24:39Z, body=null, commitId=null, actor=GitHubUser(login=davidmigloz))] of issue [Opción generar colmenar de muestra]
2023-09-24 16:20:28.476 DEBUG 39436 --- [           main] e.u.l.a.a.a.g.GitHubSprintRepository     : Processing event [GitHubIssueEvent(id=931851014, type=REFERENCED, createdAt=2017-01-22T01:25:38Z, body=null, commitId=58331458dfc2f8642a41360530d9ace70c424094, actor=GitHubUser(login=davidmigloz))] of issue [Opción generar colmenar de muestra]
2023-09-24 16:20:28.476 DEBUG 39436 --- [           main] e.u.l.a.a.a.g.GitHubSprintRepository     : Processing event [GitHubIssueEvent(id=931851034, type=CLOSED, createdAt=2017-01-22T01:25:46Z, body=null, commitId=null, actor=GitHubUser(login=davidmigloz))] of issue [Opción generar colmenar de muestra]
2023-09-24 16:20:28.476 DEBUG 39436 --- [           main] e.u.l.a.a.a.g.GitHubSprintRepository     : Processing event [GitHubIssueEvent(id=799324150, type=COMMENTED, createdAt=2021-03-15T10:57:32Z, body=@davidmigloz
Implement generate sample data #165, commitId=null, actor=GitHubUser(login=FeliRad-sum))] of issue [Opción generar colmenar de muestra]
2023-09-24 16:20:28.477 DEBUG 39436 --- [           main] e.u.l.a.a.a.g.GitHubSprintRepository     : Processing event [GitHubIssueEvent(id=4457977847, type=null, createdAt=2021-03-15T10:57:33Z, body=null, commitId=null, actor=GitHubUser(login=davidmigloz))] of issue [Opción generar colmenar de muestra]
2023-09-24 16:20:28.477 DEBUG 39436 --- [           main] e.u.l.a.a.a.g.GitHubSprintRepository     : Processing event [GitHubIssueEvent(id=4457977853, type=null, createdAt=2021-03-15T10:57:33Z, body=null, commitId=null, actor=GitHubUser(login=davidmigloz))] of issue [Opción generar colmenar de muestra]
2023-09-24 16:20:28.477 DEBUG 39436 --- [           main] e.u.l.a.a.a.g.GitHubSprintRepository     : Processing event [GitHubIssueEvent(id=null, type=CROSS_REFERENCED, createdAt=2021-03-17T11:28:28Z, body=null, commitId=null, actor=GitHubUser(login=gonsanmames))] of issue [Opción generar colmenar de muestra]
2023-09-24 16:20:28.478 DEBUG 39436 --- [           main] e.u.l.a.a.a.g.GitHubSprintRepository     : Processing event [GitHubIssueEvent(id=null, type=CROSS_REFERENCED, createdAt=2021-11-22T20:27:24Z, body=null, commitId=null, actor=GitHubUser(login=jesgararm))] of issue [Opción generar colmenar de muestra]
2023-09-24 16:20:28.478 DEBUG 39436 --- [           main] e.u.l.a.a.a.g.GitHubSprintRepository     : Processing event [GitHubIssueEvent(id=null, type=CROSS_REFERENCED, createdAt=2022-11-20T14:48:30Z, body=null, commitId=null, actor=GitHubUser(login=rll1004))] of issue [Opción generar colmenar de muestra]
2023-09-24 16:20:28.478 DEBUG 39436 --- [           main] e.u.l.a.a.a.g.GitHubSprintRepository     : Processing event [GitHubIssueEvent(id=null, type=CROSS_REFERENCED, createdAt=2023-03-14T16:12:54Z, body=null, commitId=null, actor=GitHubUser(login=lng1008))] of issue [Opción generar colmenar de muestra]
2023-09-24 16:20:28.478 DEBUG 39436 --- [           main] e.u.l.a.a.a.g.GitHubSprintRepository     : Fetching issue [Opción generar colmenar de muestra] comments
2023-09-24 16:20:28.479 DEBUG 39436 --- [           main] e.u.l.a.a.a.github.GitHubApmClient       : [GitHubApmClient#findCommentsByIssue] ---> GET https://api.github.com/repos/davidmigloz/go-bees/issues/165/comments HTTP/1.1
2023-09-24 16:20:28.701 DEBUG 39436 --- [           main] e.u.l.a.a.a.github.GitHubApmClient       : [GitHubApmClient#findCommentsByIssue] <--- HTTP/1.1 200 OK (222ms)
2023-09-24 16:20:28.702 DEBUG 39436 --- [           main] e.u.l.a.a.a.g.GitHubSprintRepository     : [1] comments fetched
2023-09-24 16:20:28.703 DEBUG 39436 --- [           main] e.u.l.a.a.a.g.GitHubSprintRepository     : Fetching issue [Las imágenes no se posicionan correctamente en el pdf autogenerado] events
2023-09-24 16:20:28.703 DEBUG 39436 --- [           main] e.u.l.a.a.a.github.GitHubApmClient       : [GitHubApmClient#findEventsByIssue] ---> GET https://api.github.com/repos/davidmigloz/go-bees/issues/164/timeline HTTP/1.1
2023-09-24 16:20:29.288 DEBUG 39436 --- [           main] e.u.l.a.a.a.github.GitHubApmClient       : [GitHubApmClient#findEventsByIssue] <--- HTTP/1.1 200 OK (584ms)
2023-09-24 16:20:29.295 DEBUG 39436 --- [           main] e.u.l.a.a.a.g.GitHubSprintRepository     : Fetched [16] events
2023-09-24 16:20:29.296 DEBUG 39436 --- [           main] e.u.l.a.a.a.g.GitHubSprintRepository     : Processing event [GitHubIssueEvent(id=931378233, type=LABELED, createdAt=2017-01-20T22:09:19Z, body=null, commitId=null, actor=GitHubUser(login=davidmigloz))] of issue [Las imágenes no se posicionan correctamente en el pdf autogenerado]
2023-09-24 16:20:29.296 DEBUG 39436 --- [           main] e.u.l.a.a.a.g.GitHubSprintRepository     : Processing event [GitHubIssueEvent(id=931378235, type=MILESTONED, createdAt=2017-01-20T22:09:19Z, body=null, commitId=null, actor=GitHubUser(login=davidmigloz))] of issue [Las imágenes no se posicionan correctamente en el pdf autogenerado]
2023-09-24 16:20:29.296 DEBUG 39436 --- [           main] e.u.l.a.a.a.g.GitHubSprintRepository     : Processing event [GitHubIssueEvent(id=931378236, type=ASSIGNED, createdAt=2017-01-20T22:09:19Z, body=null, commitId=null, actor=GitHubUser(login=davidmigloz))] of issue [Las imágenes no se posicionan correctamente en el pdf autogenerado]
2023-09-24 16:20:29.296 DEBUG 39436 --- [           main] e.u.l.a.a.a.g.GitHubSprintRepository     : Processing event [GitHubIssueEvent(id=274193258, type=COMMENTED, createdAt=2017-01-20T22:09:25Z, body=http://stackoverflow.com/questions/24285445/sphinx-to-latex-figure-placement, commitId=null, actor=GitHubUser(login=davidmigloz))] of issue [Las imágenes no se posicionan correctamente en el pdf autogenerado]
2023-09-24 16:20:29.296 DEBUG 39436 --- [           main] e.u.l.a.a.a.g.GitHubSprintRepository     : Processing event [GitHubIssueEvent(id=931379709, type=REFERENCED, createdAt=2017-01-20T22:10:42Z, body=null, commitId=b5d991f79ade4a15414533466e1f0695eb381aca, actor=GitHubUser(login=davidmigloz))] of issue [Las imágenes no se posicionan correctamente en el pdf autogenerado]
2023-09-24 16:20:29.296 DEBUG 39436 --- [           main] e.u.l.a.a.a.g.GitHubSprintRepository     : Processing event [GitHubIssueEvent(id=931404466, type=REFERENCED, createdAt=2017-01-20T22:32:41Z, body=null, commitId=271284b37d1c4fbcf8abe6121fbd7e1f03017aca, actor=GitHubUser(login=davidmigloz))] of issue [Las imágenes no se posicionan correctamente en el pdf autogenerado]
2023-09-24 16:20:29.296 DEBUG 39436 --- [           main] e.u.l.a.a.a.g.GitHubSprintRepository     : Processing event [GitHubIssueEvent(id=931412299, type=REFERENCED, createdAt=2017-01-20T22:40:13Z, body=null, commitId=844ae5227dd5be359470b35e4b8aaf231d47a907, actor=GitHubUser(login=davidmigloz))] of issue [Las imágenes no se posicionan correctamente en el pdf autogenerado]
2023-09-24 16:20:29.297 DEBUG 39436 --- [           main] e.u.l.a.a.a.g.GitHubSprintRepository     : Processing event [GitHubIssueEvent(id=931420822, type=REFERENCED, createdAt=2017-01-20T22:49:10Z, body=null, commitId=5255bc844c912768627b695ff6055bfeb289225c, actor=GitHubUser(login=davidmigloz))] of issue [Las imágenes no se posicionan correctamente en el pdf autogenerado]
2023-09-24 16:20:29.297 DEBUG 39436 --- [           main] e.u.l.a.a.a.g.GitHubSprintRepository     : Processing event [GitHubIssueEvent(id=931425657, type=REFERENCED, createdAt=2017-01-20T22:54:32Z, body=null, commitId=683e2a463a40f3572e1b044e012e3445ca040d6b, actor=GitHubUser(login=davidmigloz))] of issue [Las imágenes no se posicionan correctamente en el pdf autogenerado]
2023-09-24 16:20:29.297 DEBUG 39436 --- [           main] e.u.l.a.a.a.g.GitHubSprintRepository     : Processing event [GitHubIssueEvent(id=931433023, type=REFERENCED, createdAt=2017-01-20T23:01:25Z, body=null, commitId=42db24a12ca36f8dc67eeb8ef026da60d8836e28, actor=GitHubUser(login=davidmigloz))] of issue [Las imágenes no se posicionan correctamente en el pdf autogenerado]
2023-09-24 16:20:29.298 DEBUG 39436 --- [           main] e.u.l.a.a.a.g.GitHubSprintRepository     : Processing event [GitHubIssueEvent(id=931435504, type=REFERENCED, createdAt=2017-01-20T23:04:24Z, body=null, commitId=5209017cf579e6eb1c1b52c1b2402a52ca14e67c, actor=GitHubUser(login=davidmigloz))] of issue [Las imágenes no se posicionan correctamente en el pdf autogenerado]
2023-09-24 16:20:29.298 DEBUG 39436 --- [           main] e.u.l.a.a.a.g.GitHubSprintRepository     : Processing event [GitHubIssueEvent(id=931447087, type=REFERENCED, createdAt=2017-01-20T23:17:05Z, body=null, commitId=52ea01c574b1ea007e02438a86210cdf70b1ad5a, actor=GitHubUser(login=davidmigloz))] of issue [Las imágenes no se posicionan correctamente en el pdf autogenerado]
2023-09-24 16:20:29.298 DEBUG 39436 --- [           main] e.u.l.a.a.a.g.GitHubSprintRepository     : Processing event [GitHubIssueEvent(id=931457637, type=CLOSED, createdAt=2017-01-20T23:30:02Z, body=null, commitId=null, actor=GitHubUser(login=davidmigloz))] of issue [Las imágenes no se posicionan correctamente en el pdf autogenerado]
2023-09-24 16:20:29.298 DEBUG 39436 --- [           main] e.u.l.a.a.a.g.GitHubSprintRepository     : Processing event [GitHubIssueEvent(id=null, type=CROSS_REFERENCED, createdAt=2021-03-13T10:35:18Z, body=null, commitId=null, actor=GitHubUser(login=MiriamSanchez11))] of issue [Las imágenes no se posicionan correctamente en el pdf autogenerado]
2023-09-24 16:20:29.298 DEBUG 39436 --- [           main] e.u.l.a.a.a.g.GitHubSprintRepository     : Processing event [GitHubIssueEvent(id=null, type=CROSS_REFERENCED, createdAt=2021-03-15T15:29:27Z, body=null, commitId=null, actor=GitHubUser(login=gonsanmames))] of issue [Las imágenes no se posicionan correctamente en el pdf autogenerado]
2023-09-24 16:20:29.298 DEBUG 39436 --- [           main] e.u.l.a.a.a.g.GitHubSprintRepository     : Processing event [GitHubIssueEvent(id=null, type=CROSS_REFERENCED, createdAt=2021-11-22T20:24:37Z, body=null, commitId=null, actor=GitHubUser(login=jesgararm))] of issue [Las imágenes no se posicionan correctamente en el pdf autogenerado]
2023-09-24 16:20:29.298 DEBUG 39436 --- [           main] e.u.l.a.a.a.g.GitHubSprintRepository     : Fetching issue [Las imágenes no se posicionan correctamente en el pdf autogenerado] comments
2023-09-24 16:20:29.299 DEBUG 39436 --- [           main] e.u.l.a.a.a.github.GitHubApmClient       : [GitHubApmClient#findCommentsByIssue] ---> GET https://api.github.com/repos/davidmigloz/go-bees/issues/164/comments HTTP/1.1
2023-09-24 16:20:29.594 DEBUG 39436 --- [           main] e.u.l.a.a.a.github.GitHubApmClient       : [GitHubApmClient#findCommentsByIssue] <--- HTTP/1.1 200 OK (295ms)
2023-09-24 16:20:29.596 DEBUG 39436 --- [           main] e.u.l.a.a.a.g.GitHubSprintRepository     : [1] comments fetched
2023-09-24 16:20:29.597 DEBUG 39436 --- [           main] e.u.l.a.a.a.g.GitHubSprintRepository     : Fetching issue [Implementar splash screen] events
2023-09-24 16:20:29.598 DEBUG 39436 --- [           main] e.u.l.a.a.a.github.GitHubApmClient       : [GitHubApmClient#findEventsByIssue] ---> GET https://api.github.com/repos/davidmigloz/go-bees/issues/163/timeline HTTP/1.1
2023-09-24 16:20:30.110 DEBUG 39436 --- [           main] e.u.l.a.a.a.github.GitHubApmClient       : [GitHubApmClient#findEventsByIssue] <--- HTTP/1.1 200 OK (511ms)
2023-09-24 16:20:30.115 DEBUG 39436 --- [           main] e.u.l.a.a.a.g.GitHubSprintRepository     : Fetched [7] events
2023-09-24 16:20:30.115 DEBUG 39436 --- [           main] e.u.l.a.a.a.g.GitHubSprintRepository     : Processing event [GitHubIssueEvent(id=928389287, type=LABELED, createdAt=2017-01-19T00:35:28Z, body=null, commitId=null, actor=GitHubUser(login=davidmigloz))] of issue [Implementar splash screen]
2023-09-24 16:20:30.115 DEBUG 39436 --- [           main] e.u.l.a.a.a.g.GitHubSprintRepository     : Processing event [GitHubIssueEvent(id=928389288, type=MILESTONED, createdAt=2017-01-19T00:35:28Z, body=null, commitId=null, actor=GitHubUser(login=davidmigloz))] of issue [Implementar splash screen]
2023-09-24 16:20:30.115 DEBUG 39436 --- [           main] e.u.l.a.a.a.g.GitHubSprintRepository     : Processing event [GitHubIssueEvent(id=928389289, type=ASSIGNED, createdAt=2017-01-19T00:35:28Z, body=null, commitId=null, actor=GitHubUser(login=davidmigloz))] of issue [Implementar splash screen]
2023-09-24 16:20:30.115 DEBUG 39436 --- [           main] e.u.l.a.a.a.g.GitHubSprintRepository     : Processing event [GitHubIssueEvent(id=928440478, type=REFERENCED, createdAt=2017-01-19T01:35:43Z, body=null, commitId=67aed85b8c96b5b37bd2c5b2fc90c4c60cc99c13, actor=GitHubUser(login=davidmigloz))] of issue [Implementar splash screen]
2023-09-24 16:20:30.115 DEBUG 39436 --- [           main] e.u.l.a.a.a.g.GitHubSprintRepository     : Processing event [GitHubIssueEvent(id=929227676, type=CLOSED, createdAt=2017-01-19T14:57:52Z, body=null, commitId=null, actor=GitHubUser(login=davidmigloz))] of issue [Implementar splash screen]
2023-09-24 16:20:30.115 DEBUG 39436 --- [           main] e.u.l.a.a.a.g.GitHubSprintRepository     : Processing event [GitHubIssueEvent(id=null, type=CROSS_REFERENCED, createdAt=2021-03-16T22:12:47Z, body=null, commitId=null, actor=GitHubUser(login=jaciperez))] of issue [Implementar splash screen]
2023-09-24 16:20:30.115 DEBUG 39436 --- [           main] e.u.l.a.a.a.g.GitHubSprintRepository     : Processing event [GitHubIssueEvent(id=null, type=CROSS_REFERENCED, createdAt=2021-11-22T20:19:07Z, body=null, commitId=null, actor=GitHubUser(login=jesgararm))] of issue [Implementar splash screen]
2023-09-24 16:20:30.115 DEBUG 39436 --- [           main] e.u.l.a.a.a.g.GitHubSprintRepository     : Fetching issue [Documentar Sprint 15] events
2023-09-24 16:20:30.116 DEBUG 39436 --- [           main] e.u.l.a.a.a.github.GitHubApmClient       : [GitHubApmClient#findEventsByIssue] ---> GET https://api.github.com/repos/davidmigloz/go-bees/issues/162/timeline HTTP/1.1
2023-09-24 16:20:30.623 DEBUG 39436 --- [           main] e.u.l.a.a.a.github.GitHubApmClient       : [GitHubApmClient#findEventsByIssue] <--- HTTP/1.1 200 OK (506ms)
2023-09-24 16:20:30.626 DEBUG 39436 --- [           main] e.u.l.a.a.a.g.GitHubSprintRepository     : Fetched [7] events
2023-09-24 16:20:30.626 DEBUG 39436 --- [           main] e.u.l.a.a.a.g.GitHubSprintRepository     : Processing event [GitHubIssueEvent(id=928335387, type=LABELED, createdAt=2017-01-18T23:34:38Z, body=null, commitId=null, actor=GitHubUser(login=davidmigloz))] of issue [Documentar Sprint 15]
2023-09-24 16:20:30.627 DEBUG 39436 --- [           main] e.u.l.a.a.a.g.GitHubSprintRepository     : Processing event [GitHubIssueEvent(id=928335389, type=MILESTONED, createdAt=2017-01-18T23:34:38Z, body=null, commitId=null, actor=GitHubUser(login=davidmigloz))] of issue [Documentar Sprint 15]
2023-09-24 16:20:30.627 DEBUG 39436 --- [           main] e.u.l.a.a.a.g.GitHubSprintRepository     : Processing event [GitHubIssueEvent(id=928335390, type=ASSIGNED, createdAt=2017-01-18T23:34:38Z, body=null, commitId=null, actor=GitHubUser(login=davidmigloz))] of issue [Documentar Sprint 15]
2023-09-24 16:20:30.627 DEBUG 39436 --- [           main] e.u.l.a.a.a.g.GitHubSprintRepository     : Processing event [GitHubIssueEvent(id=928336740, type=CLOSED, createdAt=2017-01-18T23:36:08Z, body=null, commitId=null, actor=GitHubUser(login=davidmigloz))] of issue [Documentar Sprint 15]
2023-09-24 16:20:30.627 DEBUG 39436 --- [           main] e.u.l.a.a.a.g.GitHubSprintRepository     : Processing event [GitHubIssueEvent(id=928440477, type=REFERENCED, createdAt=2017-01-19T01:35:43Z, body=null, commitId=7102f69b5bc2121c9a90fe37bebd1a61ab7854e6, actor=GitHubUser(login=davidmigloz))] of issue [Documentar Sprint 15]
2023-09-24 16:20:30.627 DEBUG 39436 --- [           main] e.u.l.a.a.a.g.GitHubSprintRepository     : Processing event [GitHubIssueEvent(id=null, type=CROSS_REFERENCED, createdAt=2021-03-16T22:14:41Z, body=null, commitId=null, actor=GitHubUser(login=jaciperez))] of issue [Documentar Sprint 15]
2023-09-24 16:20:30.627 DEBUG 39436 --- [           main] e.u.l.a.a.a.g.GitHubSprintRepository     : Processing event [GitHubIssueEvent(id=null, type=CROSS_REFERENCED, createdAt=2021-11-22T20:17:24Z, body=null, commitId=null, actor=GitHubUser(login=jesgararm))] of issue [Documentar Sprint 15]
2023-09-24 16:20:30.628 DEBUG 39436 --- [           main] e.u.l.a.a.a.g.GitHubSprintRepository     : Fetching issue [Añadir apks en las releases] events
2023-09-24 16:20:30.628 DEBUG 39436 --- [           main] e.u.l.a.a.a.github.GitHubApmClient       : [GitHubApmClient#findEventsByIssue] ---> GET https://api.github.com/repos/davidmigloz/go-bees/issues/161/timeline HTTP/1.1
2023-09-24 16:20:30.925 DEBUG 39436 --- [           main] e.u.l.a.a.a.github.GitHubApmClient       : [GitHubApmClient#findEventsByIssue] <--- HTTP/1.1 200 OK (296ms)
2023-09-24 16:20:30.928 DEBUG 39436 --- [           main] e.u.l.a.a.a.g.GitHubSprintRepository     : Fetched [4] events
2023-09-24 16:20:30.929 DEBUG 39436 --- [           main] e.u.l.a.a.a.g.GitHubSprintRepository     : Processing event [GitHubIssueEvent(id=927777913, type=LABELED, createdAt=2017-01-18T16:52:09Z, body=null, commitId=null, actor=GitHubUser(login=davidmigloz))] of issue [Añadir apks en las releases]
2023-09-24 16:20:30.930 DEBUG 39436 --- [           main] e.u.l.a.a.a.g.GitHubSprintRepository     : Processing event [GitHubIssueEvent(id=927777916, type=ASSIGNED, createdAt=2017-01-18T16:52:09Z, body=null, commitId=null, actor=GitHubUser(login=davidmigloz))] of issue [Añadir apks en las releases]
2023-09-24 16:20:30.930 DEBUG 39436 --- [           main] e.u.l.a.a.a.g.GitHubSprintRepository     : Processing event [GitHubIssueEvent(id=928202998, type=MILESTONED, createdAt=2017-01-18T21:44:47Z, body=null, commitId=null, actor=GitHubUser(login=davidmigloz))] of issue [Añadir apks en las releases]
2023-09-24 16:20:30.930 DEBUG 39436 --- [           main] e.u.l.a.a.a.g.GitHubSprintRepository     : Processing event [GitHubIssueEvent(id=928203488, type=CLOSED, createdAt=2017-01-18T21:45:08Z, body=null, commitId=null, actor=GitHubUser(login=davidmigloz))] of issue [Añadir apks en las releases]
2023-09-24 16:20:30.930 DEBUG 39436 --- [           main] e.u.l.a.a.a.g.GitHubSprintRepository     : Fetching issue [Integración de SonarQube ] events
2023-09-24 16:20:30.931 DEBUG 39436 --- [           main] e.u.l.a.a.a.github.GitHubApmClient       : [GitHubApmClient#findEventsByIssue] ---> GET https://api.github.com/repos/davidmigloz/go-bees/issues/155/timeline HTTP/1.1
2023-09-24 16:20:31.437 DEBUG 39436 --- [           main] e.u.l.a.a.a.github.GitHubApmClient       : [GitHubApmClient#findEventsByIssue] <--- HTTP/1.1 200 OK (506ms)
2023-09-24 16:20:31.443 DEBUG 39436 --- [           main] e.u.l.a.a.a.g.GitHubSprintRepository     : Fetched [18] events
2023-09-24 16:20:31.444 DEBUG 39436 --- [           main] e.u.l.a.a.a.g.GitHubSprintRepository     : Processing event [GitHubIssueEvent(id=921310304, type=LABELED, createdAt=2017-01-12T20:13:01Z, body=null, commitId=null, actor=GitHubUser(login=davidmigloz))] of issue [Integración de SonarQube ]
2023-09-24 16:20:31.444 DEBUG 39436 --- [           main] e.u.l.a.a.a.g.GitHubSprintRepository     : Processing event [GitHubIssueEvent(id=921310306, type=MILESTONED, createdAt=2017-01-12T20:13:01Z, body=null, commitId=null, actor=GitHubUser(login=davidmigloz))] of issue [Integración de SonarQube ]
2023-09-24 16:20:31.444 DEBUG 39436 --- [           main] e.u.l.a.a.a.g.GitHubSprintRepository     : Processing event [GitHubIssueEvent(id=921310307, type=ASSIGNED, createdAt=2017-01-12T20:13:01Z, body=null, commitId=null, actor=GitHubUser(login=davidmigloz))] of issue [Integración de SonarQube ]
2023-09-24 16:20:31.445 DEBUG 39436 --- [           main] e.u.l.a.a.a.g.GitHubSprintRepository     : Processing event [GitHubIssueEvent(id=927761985, type=null, createdAt=2017-01-18T16:42:46Z, body=null, commitId=null, actor=GitHubUser(login=davidmigloz))] of issue [Integración de SonarQube ]
2023-09-24 16:20:31.445 DEBUG 39436 --- [           main] e.u.l.a.a.a.g.GitHubSprintRepository     : Processing event [GitHubIssueEvent(id=927762809, type=REFERENCED, createdAt=2017-01-18T16:43:16Z, body=null, commitId=6c7b49614e012e8edb6340d2aad7ba171fe096dc, actor=GitHubUser(login=davidmigloz))] of issue [Integración de SonarQube ]
2023-09-24 16:20:31.445 DEBUG 39436 --- [           main] e.u.l.a.a.a.g.GitHubSprintRepository     : Processing event [GitHubIssueEvent(id=927809955, type=REFERENCED, createdAt=2017-01-18T17:12:32Z, body=null, commitId=249496d26dbf4b8ed2fb335898996932bc12ac2f, actor=GitHubUser(login=davidmigloz))] of issue [Integración de SonarQube ]
2023-09-24 16:20:31.445 DEBUG 39436 --- [           main] e.u.l.a.a.a.g.GitHubSprintRepository     : Processing event [GitHubIssueEvent(id=928295039, type=REFERENCED, createdAt=2017-01-18T22:56:56Z, body=null, commitId=e7b51c8bf3e1967b10571b241c0ccbdb3e1c279b, actor=GitHubUser(login=davidmigloz))] of issue [Integración de SonarQube ]
2023-09-24 16:20:31.445 DEBUG 39436 --- [           main] e.u.l.a.a.a.g.GitHubSprintRepository     : Processing event [GitHubIssueEvent(id=928311402, type=REFERENCED, createdAt=2017-01-18T23:11:01Z, body=null, commitId=890615215b85b8160bb5e5b76db8160fee9b1294, actor=GitHubUser(login=davidmigloz))] of issue [Integración de SonarQube ]
2023-09-24 16:20:31.445 DEBUG 39436 --- [           main] e.u.l.a.a.a.g.GitHubSprintRepository     : Processing event [GitHubIssueEvent(id=928322805, type=MILESTONED, createdAt=2017-01-18T23:21:37Z, body=null, commitId=null, actor=GitHubUser(login=davidmigloz))] of issue [Integración de SonarQube ]
2023-09-24 16:20:31.445 DEBUG 39436 --- [           main] e.u.l.a.a.a.g.GitHubSprintRepository     : Processing event [GitHubIssueEvent(id=928322806, type=null, createdAt=2017-01-18T23:21:37Z, body=null, commitId=null, actor=GitHubUser(login=davidmigloz))] of issue [Integración de SonarQube ]
2023-09-24 16:20:31.445 DEBUG 39436 --- [           main] e.u.l.a.a.a.g.GitHubSprintRepository     : Processing event [GitHubIssueEvent(id=928352175, type=REFERENCED, createdAt=2017-01-18T23:52:55Z, body=null, commitId=a9319af96999de073b618812727859ed0b9c6a57, actor=GitHubUser(login=davidmigloz))] of issue [Integración de SonarQube ]
2023-09-24 16:20:31.445 DEBUG 39436 --- [           main] e.u.l.a.a.a.g.GitHubSprintRepository     : Processing event [GitHubIssueEvent(id=929228220, type=CLOSED, createdAt=2017-01-19T14:58:12Z, body=null, commitId=null, actor=GitHubUser(login=davidmigloz))] of issue [Integración de SonarQube ]
2023-09-24 16:20:31.446 DEBUG 39436 --- [           main] e.u.l.a.a.a.g.GitHubSprintRepository     : Processing event [GitHubIssueEvent(id=931055712, type=REFERENCED, createdAt=2017-01-20T17:48:17Z, body=null, commitId=7fb5bedf949343be53877f0bf44dbfa3c63e0416, actor=GitHubUser(login=davidmigloz))] of issue [Integración de SonarQube ]
2023-09-24 16:20:31.446 DEBUG 39436 --- [           main] e.u.l.a.a.a.g.GitHubSprintRepository     : Processing event [GitHubIssueEvent(id=931080302, type=REFERENCED, createdAt=2017-01-20T18:08:29Z, body=null, commitId=053a87fd71d9f905e6ae8c4bcf5f19549cff2df8, actor=GitHubUser(login=davidmigloz))] of issue [Integración de SonarQube ]
2023-09-24 16:20:31.446 DEBUG 39436 --- [           main] e.u.l.a.a.a.g.GitHubSprintRepository     : Processing event [GitHubIssueEvent(id=931111780, type=REFERENCED, createdAt=2017-01-20T18:34:14Z, body=null, commitId=885259655886650d6f31d5c9285d4efa9f04563f, actor=GitHubUser(login=davidmigloz))] of issue [Integración de SonarQube ]
2023-09-24 16:20:31.446 DEBUG 39436 --- [           main] e.u.l.a.a.a.g.GitHubSprintRepository     : Processing event [GitHubIssueEvent(id=931135843, type=REFERENCED, createdAt=2017-01-20T18:53:11Z, body=null, commitId=f66e928286428e0aab52475630e36a1b0db687ac, actor=GitHubUser(login=davidmigloz))] of issue [Integración de SonarQube ]
2023-09-24 16:20:31.446 DEBUG 39436 --- [           main] e.u.l.a.a.a.g.GitHubSprintRepository     : Processing event [GitHubIssueEvent(id=null, type=CROSS_REFERENCED, createdAt=2021-03-16T21:59:14Z, body=null, commitId=null, actor=GitHubUser(login=jaciperez))] of issue [Integración de SonarQube ]
2023-09-24 16:20:31.447 DEBUG 39436 --- [           main] e.u.l.a.a.a.g.GitHubSprintRepository     : Processing event [GitHubIssueEvent(id=null, type=CROSS_REFERENCED, createdAt=2021-11-22T20:20:51Z, body=null, commitId=null, actor=GitHubUser(login=jesgararm))] of issue [Integración de SonarQube ]
2023-09-24 16:20:31.447 DEBUG 39436 --- [           main] e.u.l.a.a.a.g.GitHubSprintRepository     : Fetching issue [Diseño arquitectónico] events
2023-09-24 16:20:31.447 DEBUG 39436 --- [           main] e.u.l.a.a.a.github.GitHubApmClient       : [GitHubApmClient#findEventsByIssue] ---> GET https://api.github.com/repos/davidmigloz/go-bees/issues/150/timeline HTTP/1.1
2023-09-24 16:20:32.051 DEBUG 39436 --- [           main] e.u.l.a.a.a.github.GitHubApmClient       : [GitHubApmClient#findEventsByIssue] <--- HTTP/1.1 200 OK (603ms)
2023-09-24 16:20:32.056 DEBUG 39436 --- [           main] e.u.l.a.a.a.g.GitHubSprintRepository     : Fetched [11] events
2023-09-24 16:20:32.056 DEBUG 39436 --- [           main] e.u.l.a.a.a.g.GitHubSprintRepository     : Processing event [GitHubIssueEvent(id=915249782, type=LABELED, createdAt=2017-01-08T15:16:57Z, body=null, commitId=null, actor=GitHubUser(login=davidmigloz))] of issue [Diseño arquitectónico]
2023-09-24 16:20:32.057 DEBUG 39436 --- [           main] e.u.l.a.a.a.g.GitHubSprintRepository     : Processing event [GitHubIssueEvent(id=915249783, type=ASSIGNED, createdAt=2017-01-08T15:16:57Z, body=null, commitId=null, actor=GitHubUser(login=davidmigloz))] of issue [Diseño arquitectónico]
2023-09-24 16:20:32.057 DEBUG 39436 --- [           main] e.u.l.a.a.a.g.GitHubSprintRepository     : Processing event [GitHubIssueEvent(id=933104368, type=REFERENCED, createdAt=2017-01-23T16:37:56Z, body=null, commitId=c3dbf4c80fe6e0d13214ae1ea40dc87fc197a072, actor=GitHubUser(login=davidmigloz))] of issue [Diseño arquitectónico]
2023-09-24 16:20:32.057 DEBUG 39436 --- [           main] e.u.l.a.a.a.g.GitHubSprintRepository     : Processing event [GitHubIssueEvent(id=933104371, type=REFERENCED, createdAt=2017-01-23T16:37:56Z, body=null, commitId=7225b05a4fb9dbcd380f6cd654b34dfcb0cd8963, actor=GitHubUser(login=davidmigloz))] of issue [Diseño arquitectónico]
2023-09-24 16:20:32.057 DEBUG 39436 --- [           main] e.u.l.a.a.a.g.GitHubSprintRepository     : Processing event [GitHubIssueEvent(id=933834162, type=REFERENCED, createdAt=2017-01-24T02:02:33Z, body=null, commitId=7f1d2380f49f07ec9c7c0e92372ec904a521919d, actor=GitHubUser(login=davidmigloz))] of issue [Diseño arquitectónico]
2023-09-24 16:20:32.057 DEBUG 39436 --- [           main] e.u.l.a.a.a.g.GitHubSprintRepository     : Processing event [GitHubIssueEvent(id=933834289, type=CLOSED, createdAt=2017-01-24T02:02:42Z, body=null, commitId=null, actor=GitHubUser(login=davidmigloz))] of issue [Diseño arquitectónico]
2023-09-24 16:20:32.057 DEBUG 39436 --- [           main] e.u.l.a.a.a.g.GitHubSprintRepository     : Processing event [GitHubIssueEvent(id=933835015, type=MILESTONED, createdAt=2017-01-24T02:03:27Z, body=null, commitId=null, actor=GitHubUser(login=davidmigloz))] of issue [Diseño arquitectónico]
2023-09-24 16:20:32.057 DEBUG 39436 --- [           main] e.u.l.a.a.a.g.GitHubSprintRepository     : Processing event [GitHubIssueEvent(id=null, type=CROSS_REFERENCED, createdAt=2021-03-12T18:05:16Z, body=null, commitId=null, actor=GitHubUser(login=MiriamSanchez11))] of issue [Diseño arquitectónico]
2023-09-24 16:20:32.057 DEBUG 39436 --- [           main] e.u.l.a.a.a.g.GitHubSprintRepository     : Processing event [GitHubIssueEvent(id=null, type=CROSS_REFERENCED, createdAt=2021-03-15T11:19:30Z, body=null, commitId=null, actor=GitHubUser(login=FeliRad-sum))] of issue [Diseño arquitectónico]
2023-09-24 16:20:32.057 DEBUG 39436 --- [           main] e.u.l.a.a.a.g.GitHubSprintRepository     : Processing event [GitHubIssueEvent(id=null, type=CROSS_REFERENCED, createdAt=2021-03-17T10:59:35Z, body=null, commitId=null, actor=GitHubUser(login=gonsanmames))] of issue [Diseño arquitectónico]
2023-09-24 16:20:32.057 DEBUG 39436 --- [           main] e.u.l.a.a.a.g.GitHubSprintRepository     : Processing event [GitHubIssueEvent(id=null, type=CROSS_REFERENCED, createdAt=2021-11-22T20:31:37Z, body=null, commitId=null, actor=GitHubUser(login=jesgararm))] of issue [Diseño arquitectónico]
2023-09-24 16:20:32.057 DEBUG 39436 --- [           main] e.u.l.a.a.a.g.GitHubSprintRepository     : Fetching issue [Diseño procedimental] events
2023-09-24 16:20:32.058 DEBUG 39436 --- [           main] e.u.l.a.a.a.github.GitHubApmClient       : [GitHubApmClient#findEventsByIssue] ---> GET https://api.github.com/repos/davidmigloz/go-bees/issues/149/timeline HTTP/1.1
2023-09-24 16:20:32.666 DEBUG 39436 --- [           main] e.u.l.a.a.a.github.GitHubApmClient       : [GitHubApmClient#findEventsByIssue] <--- HTTP/1.1 200 OK (607ms)
2023-09-24 16:20:32.671 DEBUG 39436 --- [           main] e.u.l.a.a.a.g.GitHubSprintRepository     : Fetched [9] events
[...]
2023-09-24 16:21:15.047 DEBUG 39436 --- [           main] e.u.l.a.s.a.github.GitHubScmClient       : [GitHubScmClient#findCommits] x-content-type-options: nosniff
2023-09-24 16:21:15.047 DEBUG 39436 --- [           main] e.u.l.a.s.a.github.GitHubScmClient       : [GitHubScmClient#findCommits] x-frame-options: deny
2023-09-24 16:21:15.047 DEBUG 39436 --- [           main] e.u.l.a.s.a.github.GitHubScmClient       : [GitHubScmClient#findCommits] x-github-api-version-selected: 2022-11-28
2023-09-24 16:21:15.047 DEBUG 39436 --- [           main] e.u.l.a.s.a.github.GitHubScmClient       : [GitHubScmClient#findCommits] x-github-media-type: github.v3; format=json
2023-09-24 16:21:15.047 DEBUG 39436 --- [           main] e.u.l.a.s.a.github.GitHubScmClient       : [GitHubScmClient#findCommits] x-github-request-id: E4B5:5059:2AE42FE:2B7B3DD:651045DA
2023-09-24 16:21:15.047 DEBUG 39436 --- [           main] e.u.l.a.s.a.github.GitHubScmClient       : [GitHubScmClient#findCommits] x-oauth-scopes: gist, notifications, project, repo
2023-09-24 16:21:15.047 DEBUG 39436 --- [           main] e.u.l.a.s.a.github.GitHubScmClient       : [GitHubScmClient#findCommits] x-ratelimit-limit: 5000
2023-09-24 16:21:15.047 DEBUG 39436 --- [           main] e.u.l.a.s.a.github.GitHubScmClient       : [GitHubScmClient#findCommits] x-ratelimit-remaining: 4865
2023-09-24 16:21:15.047 DEBUG 39436 --- [           main] e.u.l.a.s.a.github.GitHubScmClient       : [GitHubScmClient#findCommits] x-ratelimit-reset: 1695568813
2023-09-24 16:21:15.047 DEBUG 39436 --- [           main] e.u.l.a.s.a.github.GitHubScmClient       : [GitHubScmClient#findCommits] x-ratelimit-resource: core
2023-09-24 16:21:15.047 DEBUG 39436 --- [           main] e.u.l.a.s.a.github.GitHubScmClient       : [GitHubScmClient#findCommits] x-ratelimit-used: 135
2023-09-24 16:21:15.047 DEBUG 39436 --- [           main] e.u.l.a.s.a.github.GitHubScmClient       : [GitHubScmClient#findCommits] x-xss-protection: 0
2023-09-24 16:21:15.047 DEBUG 39436 --- [           main] e.u.l.a.s.a.github.GitHubScmClient       : [GitHubScmClient#findCommits] 
2023-09-24 16:21:15.047 DEBUG 39436 --- [           main] e.u.l.a.s.a.github.GitHubScmClient       : [GitHubScmClient#findCommits] [{"sha":"8289ea5ef2b644a551fda4c3b034f9ef9fcd0209","node_id":"MDY6Q29tbWl0NjU5Mjc2Nzg6ODI4OWVhNWVmMmI2NDRhNTUxZmRhNGMzYjAzNGY5ZWY5ZmNkMDIwOQ==","commit":{"author":{"name":"David Miguel Lozano","email":"davidmigloz@users.noreply.github.com","date":"2021-03-12T20:29:14Z"},"committer":{"name":"David Miguel Lozano","email":"davidmigloz@users.noreply.github.com","date":"2021-03-12T20:29:14Z"},"message":"Create CNAME","tree":{"sha":"0075784b7aaa8645e600fe82258d9ec8a4412f83","url":"https://api.github.com/repos/davidmigloz/go-bees/git/trees/0075784b7aaa8645e600fe82258d9ec8a4412f83"},"url":"https://api.github.com/repos/davidmigloz/go-bees/git/commits/8289ea5ef2b644a551fda4c3b034f9ef9fcd0209","comment_count":0,"verification":{"verified":false,"reason":"unsigned","signature":null,"payload":null}},"url":"https://api.github.com/repos/davidmigloz/go-bees/commits/8289ea5ef2b644a551fda4c3b034f9ef9fcd0209","html_url":"https://github.com/davidmigloz/go-bees/commit/8289ea5ef2b644a551fda4c3b034f9ef9fcd0209","comments_url":"https://api.github.com/repos/davidmigloz/go-bees/commits/8289ea5ef2b644a551fda4c3b034f9ef9fcd0209/comments","author":{"login":"davidmigloz","id":6546265,"node_id":"MDQ6VXNlcjY1NDYyNjU=","avatar_url":"https://avatars.githubusercontent.com/u/6546265?v=4","gravatar_id":"","url":"https://api.github.com/users/davidmigloz","html_url":"https://github.com/davidmigloz","followers_url":"https://api.github.com/users/davidmigloz/followers","following_url":"https://api.github.com/users/davidmigloz/following{/other_user}","gists_url":"https://api.github.com/users/davidmigloz/gists{/gist_id}","starred_url":"https://api.github.com/users/davidmigloz/starred{/owner}{/repo}","subscriptions_url":"https://api.github.com/users/davidmigloz/subscriptions","organizations_url":"https://api.github.com/users/davidmigloz/orgs","repos_url":"https://api.github.com/users/davidmigloz/repos","events_url":"https://api.github.com/users/davidmigloz/events{/privacy}","received_events_url":"https://api.github.com/users/davidmigloz/received_events","type":"User","site_admin":false},"committer":{"login":"davidmigloz","id":6546265,"node_id":"MDQ6VXNlcjY1NDYyNjU=","avatar_url":"https://avatars.githubusercontent.com/u/6546265?v=4","gravatar_id":"","url":"https://api.github.com/users/davidmigloz","html_url":"https://github.com/davidmigloz","followers_url":"https://api.github.com/users/davidmigloz/followers","following_url":"https://api.github.com/users/davidmigloz/following{/other_user}","gists_url":"https://api.github.com/users/davidmigloz/gists{/gist_id}","starred_url":"https://api.github.com/users/davidmigloz/starred{/owner}{/repo}","subscriptions_url":"https://api.github.com/users/davidmigloz/subscriptions","organizations_url":"https://api.github.com/users/davidmigloz/orgs","repos_url":"https://api.github.com/users/davidmigloz/repos","events_url":"https://api.github.com/users/davidmigloz/events{/privacy}","received_events_url":"https://api.github.com/users/davidmigloz/received_events","type":"User","site_admin":false},"parents":[{"sha":"a5aaf9016611f9913c21d1f906d7c75df580529a","url":"https://api.github.com/repos/davidmigloz/go-bees/commits/a5aaf9016611f9913c21d1f906d7c75df580529a","html_url":"https://github.com/davidmigloz/go-bees/commit/a5aaf9016611f9913c21d1f906d7c75df580529a"}]},{"sha":"a5aaf9016611f9913c21d1f906d7c75df580529a","node_id":"MDY6Q29tbWl0NjU5Mjc2Nzg6YTVhYWY5MDE2NjExZjk5MTNjMjFkMWY5MDZkN2M3NWRmNTgwNTI5YQ==","commit":{"author":{"name":"David Miguel","email":"david.miguel@peaks.com","date":"2017-10-15T22:40:41Z"},"committer":{"name":"David Miguel","email":"david.miguel@peaks.com","date":"2017-10-15T22:40:41Z"},"message":"Merge branch 'release-1.2'","tree":{"sha":"7d3292d8efccb104b839caf34a89370bc27abef1","url":"https://api.github.com/repos/davidmigloz/go-bees/git/trees/7d3292d8efccb104b839caf34a89370bc27abef1"},"url":"https://api.github.com/repos/davidmigloz/go-bees/git/commits/a5aaf9016611f9913c21d1f906d7c75df580529a","comment_count":0,"verification":{"verified":false,"reason":"unsigned","signature":null,"payload":null}},"url":"https://api.github.com/repos/davidmigloz/go-bees/commits/a5aaf9016611f9913c21d1f906d7c75df580529a","html_url":"https://github.com/davidmigloz/go-bees/commit/a5aaf9016611f9913c21d1f906d7c75df580529a","comments_url":"https://api.github.com/repos/davidmigloz/go-bees/commits/a5aaf9016611f9913c21d1f906d7c75df580529a/comments","author":{"login":"davidmigloz","id":6546265,"node_id":"MDQ6VXNlcjY1NDYyNjU=","avatar_url":"https://avatars.githubusercontent.com/u/6546265?v=4","gravatar_id":"","url":"https://api.github.com/users/davidmigloz","html_url":"https://github.com/davidmigloz","followers_url":"https://api.github.com/users/davidmigloz/followers","following_url":"https://api.github.com/users/davidmigloz/following{/other_user}","gists_url":"https://api.github.com/users/davidmigloz/gists{/gist_id}","starred_url":"https://api.github.com/users/davidmigloz/starred{/owner}{/repo}","subscriptions_url":"https://api.github.com/users/davidmigloz/subscriptions","organizations_url":"https://api.github.com/users/davidmigloz/orgs","repos_url":"https://api.github.com/users/davidmigloz/repos","events_url":"https://api.github.com/users/davidmigloz/events{/privacy}","received_events_url":"https://api.github.com/users/davidmigloz/received_events","type":"User","site_admin":false},"committer":{"login":"davidmigloz","id":6546265,"node_id":"MDQ6VXNlcjY1NDYyNjU=","avatar_url":"https://avatars.githubusercontent.com/u/6546265?v=4","gravatar_id":"","url":"https://api.github.com/users/davidmigloz","html_url":"https://github.com/davidmigloz","followers_url":"https://api.github.com/users/davidmigloz/followers","following_url":"https://api.github.com/users/davidmigloz/following{/other_user}","gists_url":"https://api.github.com/users/davidmigloz/gists{/gist_id}","starred_url":"https://api.github.com/users/davidmigloz/starred{/owner}{/repo}","subscriptions_url":"https://api.github.com/users/davidmigloz/subscriptions","organizations_url":"https://api.github.com/users/davidmigloz/orgs","repos_url":"https://api.github.com/users/davidmigloz/repos","events_url":"https://api.github.com/users/davidmigloz/events{/privacy}","received_events_url":"https://api.github.com/users/davidmigloz/received_events","type":"User","site_admin":false},"parents":[{"sha":"fa0a5e28dd33779806b2644876516511caf8f948","url":"https://api.github.com/repos/davidmigloz/go-bees/commits/fa0a5e28dd33779806b2644876516511caf8f948","html_url":"https://github.com/davidmigloz/go-bees/commit/fa0a5e28dd33779806b2644876516511caf8f948"},{"sha":"14a4462b4bc65d2e319c6a22a2aea3892e218748","url":"https://api.github.com/repos/davidmigloz/go-bees/commits/14a4462b4bc65d2e319c6a22a2aea3892e218748","html_url":"https://github.com/davidmigloz/go-bees/commit/14a4462b4bc65d2e319c6a22a2aea3892e218748"}]},{"sha":"14a4462b4bc65d2e319c6a22a2aea3892e218748","node_id":"MDY6Q29tbWl0NjU5Mjc2Nzg6MTRhNDQ2MmI0YmM2NWQyZTMxOWM2YTIyYTJhZWEzODkyZTIxODc0OA==","commit":{"author":{"name":"David Miguel","email":"david.miguel@peaks.com","date":"2017-10-15T22:32:04Z"},"committer":{"name":"David Miguel","email":"david.miguel@peaks.com","date":"2017-10-15T22:32:04Z"},"message":"Bumped version number to 1.2","tree":{"sha":"7d3292d8efccb104b839caf34a89370bc27abef1","url":"https://api.github.com/repos/davidmigloz/go-bees/git/trees/7d3292d8efccb104b839caf34a89370bc27abef1"},"url":"https://api.github.com/repos/davidmigloz/go-bees/git/commits/14a4462b4bc65d2e319c6a22a2aea3892e218748","comment_count":0,"verification":{"verified":false,"reason":"unsigned","signature":null,"payload":null}},"url":"https://api.github.com/repos/davidmigloz/go-bees/commits/14a4462b4bc65d2e319c6a22a2aea3892e218748","html_url":"https://github.com/davidmigloz/go-bees/commit/14a4462b4bc65d2e319c6a22a2aea3892e218748","comments_url":"https://api.github.com/repos/davidmigloz/go-bees/commits/14a4462b4bc65d2e319c6a22a2aea3892e218748/comments","author":{"login":"davidmigloz","id":6546265,"node_id":"MDQ6VXNlcjY1NDYyNjU=","avatar_url":"https://avatars.githubusercontent.com/u/6546265?v=4","gravatar_id":"","url":"https://api.github.com/users/davidmigloz","html_url":"https://github.com/davidmigloz","followers_url":"https://api.github.com/users/davidmigloz/followers","following_url":"https://api.github.com/users/davidmigloz/following{/other_user}","gists_url":"https://api.github.com/users/davidmigloz/gists{/gist_id}","starred_url":"https://api.github.com/users/davidmigloz/starred{/owner}{/repo}","subscriptions_url":"https://api.github.com/users/davidmigloz/subscriptions","organizations_url":"https://api.github.com/users/davidmigloz/orgs","repos_url":"https://api.github.com/users/davidmigloz/repos","events_url":"https://api.github.com/users/davidmigloz/events{/privacy}","received_events_url":"https://api.github.com/users/davidmigloz/received_events","type":"User","site_admin":false},"committer":{"login":"davidmigloz","id":6546265,"node_id":"MDQ6VXNlcjY1NDYyNjU=","avatar_url":"https://avatars.githubusercontent.com/u/6546265?v=4","gravatar_id":"","url":"https://api.github.com/users/davidmigloz","html_url":"https://github.com/davidmigloz","followers_url":"https://api.github.com/users/davidmigloz/followers","following_url":"https://api.github.com/users/davidmigloz/following{/other_user}","gists_url":"https://api.github.com/users/davidmigloz/gists{/gist_id}","starred_url":"https://api.github.com/users/davidmigloz/starred{/owner}{/repo}","subscriptions_url":"https://api.github.com/users/davidmigloz/subscriptions","organizations_url":"https://api.github.com/users/davidmigloz/orgs","repos_url":"https://api.github.com/users/davidmigloz/repos","events_url":"https://api.github.com/users/davidmigloz/events{/privacy}","received_events_url":"https://api.github.com/users/davidmigloz/received_events","type":"User","site_admin":false},"parents":[{"sha":"2b54d064b390981e6270632886b2b019b2fc258b","url":"https://api.github.com/repos/davidmigloz/go-bees/commits/2b54d064b390981e6270632886b2b019b2fc258b","html_url":"https://github.com/davidmigloz/go-bees/commit/2b54d064b390981e6270632886b2b019b2fc258b"}]},{"sha":"2b54d064b390981e6270632886b2b019b2fc258b","node_id":"MDY6Q29tbWl0NjU5Mjc2Nzg6MmI1NGQwNjRiMzkwOTgxZTYyNzA2MzI4ODZiMmIwMTliMmZjMjU4Yg==","commit":{"author":{"name":"David Miguel","email":"david.miguel@peaks.com","date":"2017-10-15T22:20:44Z"},"committer":{"name":"David Miguel","email":"david.miguel@peaks.com","date":"2017-10-15T22:29:03Z"},"message":"Update build tools to 26.0.2 #204","tree":{"sha":"6abbdb09ab6b743931ed4b1f88877337c34ad4ba","url":"https://api.github.com/repos/davidmigloz/go-bees/git/trees/6abbdb09ab6b743931ed4b1f88877337c34ad4ba"},"url":"https://api.github.com/repos/davidmigloz/go-bees/git/commits/2b54d064b390981e6270632886b2b019b2fc258b","comment_count":0,"verification":{"verified":false,"reason":"unsigned","signature":null,"payload":null}},"url":"https://api.github.com/repos/davidmigloz/go-bees/commits/2b54d064b390981e6270632886b2b019b2fc258b","html_url":"https://github.com/davidmigloz/go-bees/commit/2b54d064b390981e6270632886b2b019b2fc258b","comments_url":"https://api.github.com/repos/davidmigloz/go-bees/commits/2b54d064b390981e6270632886b2b019b2fc258b/comments","author":{"login":"davidmigloz","id":6546265,"node_id":"MDQ6VXNlcjY1NDYyNjU=","avatar_url":"https://avatars.githubusercontent.com/u/6546265?v=4","gravatar_id":"","url":"https://api.github.com/users/davidmigloz","html_url":"https://github.com/davidmigloz","followers_url":"https://api.github.com/users/davidmigloz/followers","following_url":"https://api.github.com/users/davidmigloz/following{/other_user}","gists_url":"https://api.github.com/users/davidmigloz/gists{/gist_id}","starred_url":"https://api.github.com/users/davidmigloz/starred{/owner}{/repo}","subscriptions_url":"https://api.github.com/users/davidmigloz/subscriptions","organizations_url":"https://api.github.com/users/davidmigloz/orgs","repos_url":"https://api.github.com/users/davidmigloz/repos","events_url":"https://api.github.com/users/davidmigloz/events{/privacy}","received_events_url":"https://api.github.com/users/davidmigloz/received_events","type":"User","site_admin":false},"committer":{"login":"davidmigloz","id":6546265,"node_id":"MDQ6VXNlcjY1NDYyNjU=","avatar_url":"https://avatars.githubusercontent.com/u/6546265?v=4","gravatar_id":"","url":"https://api.github.com/users/davidmigloz","html_url":"https://github.com/davidmigloz","followers_url":"https://api.github.com/users/davidmigloz/followers","following_url":"https://api.github.com/users/davidmigloz/following{/other_user}","gists_url":"https://api.github.com/users/davidmigloz/gists{/gist_id}","starred_url":"https://api.github.com/users/davidmigloz/starred{/owner}{/repo}","subscriptions_url":"https://api.github.com/users/davidmigloz/subscriptions","organizations_url":"https://api.github.com/users/davidmigloz/orgs","repos_url":"https://api.github.com/users/davidmigloz/repos","events_url":"https://api.github.com/users/davidmigloz/events{/privacy}","received_events_url":"https://api.github.com/users/davidmigloz/received_events","type":"User","site_admin":false},"parents":[{"sha":"42f7ad239c65d138844c69e0b1ef6533f498191d","url":"https://api.github.com/repos/davidmigloz/go-bees/commits/42f7ad239c65d138844c69e0b1ef6533f498191d","html_url":"https://github.com/davidmigloz/go-bees/commit/42f7ad239c65d138844c69e0b1ef6533f498191d"}]},{"sha":"42f7ad239c65d138844c69e0b1ef6533f498191d","node_id":"MDY6Q29tbWl0NjU5Mjc2Nzg6NDJmN2FkMjM5YzY1ZDEzODg0NGM2OWUwYjFlZjY1MzNmNDk4MTkxZA==","commit":{"author":{"name":"David Miguel","email":"david.miguel@peaks.com","date":"2017-10-15T21:09:35Z"},"committer":{"name":"David Miguel","email":"david.miguel@peaks.com","date":"2017-10-15T21:09:35Z"},"message":"Update Crashlytics to 2.7.0 #203","tree":{"sha":"a1face980ab97c9b6790851a109f8b6bddcfe6c7","url":"https://api.github.com/repos/davidmigloz/go-bees/git/trees/a1face980ab97c9b6790851a109f8b6bddcfe6c7"},"url":"https://api.github.com/repos/davidmigloz/go-bees/git/commits/42f7ad239c65d138844c69e0b1ef6533f498191d","comment_count":0,"verification":{"verified":false,"reason":"unsigned","signature":null,"payload":null}},"url":"https://api.github.com/repos/davidmigloz/go-bees/commits/42f7ad239c65d138844c69e0b1ef6533f498191d","html_url":"https://github.com/davidmigloz/go-bees/commit/42f7ad239c65d138844c69e0b1ef6533f498191d","comments_url":"https://api.github.com/repos/davidmigloz/go-bees/commits/42f7ad239c65d138844c69e0b1ef6533f498191d/comments","author":{"login":"davidmigloz","id":6546265,"node_id":"MDQ6VXNlcjY1NDYyNjU=","avatar_url":"https://avatars.githubusercontent.com/u/6546265?v=4","gravatar_id":"","url":"https://api.github.com/users/davidmigloz","html_url":"https://github.com/davidmigloz","followers_url":"https://api.github.com/users/davidmigloz/followers","following_url":"https://api.github.com/users/davidmigloz/following{/other_user}","gists_url":"https://api.github.com/users/davidmigloz/gists{/gist_id}","starred_url":"https://api.github.com/users/davidmigloz/starred{/owner}{/repo}","subscriptions_url":"https://api.github.com/users/davidmigloz/subscriptions","organizations_url":"https://api.github.com/users/davidmigloz/orgs","repos_url":"https://api.github.com/users/davidmigloz/repos","events_url":"https://api.github.com/users/davidmigloz/events{/privacy}","received_events_url":"https://api.github.com/users/davidmigloz/received_events","type":"User","site_admin":false},"committer":{"login":"davidmigloz","id":6546265,"node_id":"MDQ6VXNlcjY1NDYyNjU=","avatar_url":"https://avatars.githubusercontent.com/u/6546265?v=4","gravatar_id":"","url":"https://api.github.com/users/davidmigloz","html_url":"https://github.com/davidmigloz","followers_url":"https://api.github.com/users/davidmigloz/followers","following_url":"https://api.github.com/users/davidmigloz/following{/other_user}","gists_url":"https://api.github.com/users/davidmigloz/gists{/gist_id}","starred_url":"https://api.github.com/users/davidmigloz/starred{/owner}{/repo}","subscriptions_url":"https://api.github.com/users/davidmigloz/subscriptions","organizations_url":"https://api.github.com/users/davidmigloz/orgs","repos_url":"https://api.github.com/users/davidmigloz/repos","events_url":"https://api.github.com/users/davidmigloz/events{/privacy}","received_events_url":"https://api.github.com/users/davidmigloz/received_events","type":"User","site_admin":false},"parents":[{"sha":"63c953f366823f944a9f9c5775b549f18076d055","url":"https://api.github.com/repos/davidmigloz/go-bees/commits/63c953f366823f944a9f9c5775b549f18076d055","html_url":"https://github.com/davidmigloz/go-bees/commit/63c953f366823f944a9f9c5775b549f18076d055"}]}]
2023-09-24 16:21:15.048 DEBUG 39436 --- [           main] e.u.l.a.s.a.github.GitHubScmClient       : [GitHubScmClient#findCommits] <--- END HTTP (16666-byte body)
  &amp#27;[32mWhen &amp#27;[0m&amp#27;[32mI import the commit&amp#27;[0m                                                                &amp#27;[90m# es.ubu.lsi.avrela.bdd.scm.CommitRangeImportSteps.iImportTheCommit()&amp#27;[0m
  &amp#27;[32mThen &amp#27;[0m&amp#27;[32mthe following commits should be present in same order&amp#27;[0m                              &amp#27;[90m# es.ubu.lsi.avrela.bdd.scm.CommitRangeImportSteps.theFollowingCommitsShouldBePresentInSameOrder(io.cucumber.datatable.DataTable)&amp#27;[0m
    | CommitSHA                                |
    | 8289ea5ef2b644a551fda4c3b034f9ef9fcd0209 |
    | a5aaf9016611f9913c21d1f906d7c75df580529a |
    | 14a4462b4bc65d2e319c6a22a2aea3892e218748 |
    | 2b54d064b390981e6270632886b2b019b2fc258b |
    | 42f7ad239c65d138844c69e0b1ef6533f498191d |
]]></system-out>
  </testcase>
</testsuite>