<?xml version="1.0" encoding="UTF-8"?>
<testsuite xmlns:xsi="http://www.w3.org/2001/XMLSchema-instance" xsi:noNamespaceSchemaLocation="https://maven.apache.org/surefire/maven-surefire-plugin/xsd/surefire-test-report-3.0.xsd" version="3.0" name="es.ubu.lsi.avrela.scm.adapter.github.GitHubScmClientTest$GitHubCommitsTest$GitHubRepositoryWithCommits" time="0.854" tests="2" errors="0" skipped="0" failures="0">
  <properties>
[...]
</properties>
  <testcase name="commitsInfoShouldBeComplete" classname="es.ubu.lsi.avrela.scm.adapter.github.GitHubScmClientTest$GitHubCommitsTest$GitHubRepositoryWithCommits" time="0.583">
    <system-out><![CDATA[2023-09-24 16:20:17.250 DEBUG 39436 --- [           main] e.u.l.a.s.a.github.GitHubScmClient       : [GitHubScmClient#findCommits] ---> GET https://api.github.com/repos/davidmigloz/go-bees/commits?sha=master&until=2023-09-24T16%3A20%3A17.244588%2B02%3A00%5BEurope/Madrid%5D&page=1&per_page=100 HTTP/1.1
2023-09-24 16:20:17.250 DEBUG 39436 --- [           main] e.u.l.a.s.a.github.GitHubScmClient       : [GitHubScmClient#findCommits] Authorization: Bearer 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
2023-09-24 16:20:17.250 DEBUG 39436 --- [           main] e.u.l.a.s.a.github.GitHubScmClient       : [GitHubScmClient#findCommits] ---> END HTTP (0-byte body)
2023-09-24 16:20:17.655 DEBUG 39436 --- [           main] e.u.l.a.s.a.github.GitHubScmClient       : [GitHubScmClient#findCommits] <--- HTTP/1.1 200 OK (404ms)
2023-09-24 16:20:17.656 DEBUG 39436 --- [           main] e.u.l.a.s.a.github.GitHubScmClient       : [GitHubScmClient#findCommits] access-control-allow-origin: *
2023-09-24 16:20:17.656 DEBUG 39436 --- [           main] e.u.l.a.s.a.github.GitHubScmClient       : [GitHubScmClient#findCommits] access-control-expose-headers: ETag, Link, Location, Retry-After, X-GitHub-OTP, X-RateLimit-Limit, X-RateLimit-Remaining, X-RateLimit-Used, X-RateLimit-Resource, X-RateLimit-Reset, X-OAuth-Scopes, X-Accepted-OAuth-Scopes, X-Poll-Interval, X-GitHub-Media-Type, X-GitHub-SSO, X-GitHub-Request-Id, Deprecation, Sunset
2023-09-24 16:20:17.657 DEBUG 39436 --- [           main] e.u.l.a.s.a.github.GitHubScmClient       : [GitHubScmClient#findCommits] cache-control: private, max-age=60, s-maxage=60
2023-09-24 16:20:17.657 DEBUG 39436 --- [           main] e.u.l.a.s.a.github.GitHubScmClient       : [GitHubScmClient#findCommits] content-length: 329143
2023-09-24 16:20:17.657 DEBUG 39436 --- [           main] e.u.l.a.s.a.github.GitHubScmClient       : [GitHubScmClient#findCommits] content-security-policy: default-src 'none'
2023-09-24 16:20:17.658 DEBUG 39436 --- [           main] e.u.l.a.s.a.github.GitHubScmClient       : [GitHubScmClient#findCommits] content-type: application/json; charset=utf-8
2023-09-24 16:20:17.658 DEBUG 39436 --- [           main] e.u.l.a.s.a.github.GitHubScmClient       : [GitHubScmClient#findCommits] date: Sun, 24 Sep 2023 14:20:17 GMT
2023-09-24 16:20:17.658 DEBUG 39436 --- [           main] e.u.l.a.s.a.github.GitHubScmClient       : [GitHubScmClient#findCommits] etag: "a603af2faddc17c16724f2290318607d4e6d5d72275417afa5ae2648d1ac90d8"
2023-09-24 16:20:17.658 DEBUG 39436 --- [           main] e.u.l.a.s.a.github.GitHubScmClient       : [GitHubScmClient#findCommits] last-modified: Fri, 12 Mar 2021 20:29:14 GMT
2023-09-24 16:20:17.659 DEBUG 39436 --- [           main] e.u.l.a.s.a.github.GitHubScmClient       : [GitHubScmClient#findCommits] link: <https://api.github.com/repositories/65927678/commits?sha=master&until=2023-09-24T16%3A20%3A17.244588%2B02%3A00%5BEurope%2FMadrid%5D&page=2&per_page=100>; rel="next", <https://api.github.com/repositories/65927678/commits?sha=master&until=2023-09-24T16%3A20%3A17.244588%2B02%3A00%5BEurope%2FMadrid%5D&page=5&per_page=100>; rel="last"
2023-09-24 16:20:17.659 DEBUG 39436 --- [           main] e.u.l.a.s.a.github.GitHubScmClient       : [GitHubScmClient#findCommits] referrer-policy: origin-when-cross-origin, strict-origin-when-cross-origin
2023-09-24 16:20:17.660 DEBUG 39436 --- [           main] e.u.l.a.s.a.github.GitHubScmClient       : [GitHubScmClient#findCommits] server: GitHub.com
2023-09-24 16:20:17.661 DEBUG 39436 --- [           main] e.u.l.a.s.a.github.GitHubScmClient       : [GitHubScmClient#findCommits] strict-transport-security: max-age=31536000; includeSubdomains; preload
2023-09-24 16:20:17.661 DEBUG 39436 --- [           main] e.u.l.a.s.a.github.GitHubScmClient       : [GitHubScmClient#findCommits] vary: Accept-Encoding, Accept, X-Requested-With
2023-09-24 16:20:17.661 DEBUG 39436 --- [           main] e.u.l.a.s.a.github.GitHubScmClient       : [GitHubScmClient#findCommits] vary: Accept, Authorization, Cookie, X-GitHub-OTP
2023-09-24 16:20:17.661 DEBUG 39436 --- [           main] e.u.l.a.s.a.github.GitHubScmClient       : [GitHubScmClient#findCommits] x-accepted-oauth-scopes: 
2023-09-24 16:20:17.661 DEBUG 39436 --- [           main] e.u.l.a.s.a.github.GitHubScmClient       : [GitHubScmClient#findCommits] x-content-type-options: nosniff
2023-09-24 16:20:17.662 DEBUG 39436 --- [           main] e.u.l.a.s.a.github.GitHubScmClient       : [GitHubScmClient#findCommits] x-frame-options: deny
2023-09-24 16:20:17.663 DEBUG 39436 --- [           main] e.u.l.a.s.a.github.GitHubScmClient       : [GitHubScmClient#findCommits] x-github-api-version-selected: 2022-11-28
2023-09-24 16:20:17.663 DEBUG 39436 --- [           main] e.u.l.a.s.a.github.GitHubScmClient       : [GitHubScmClient#findCommits] x-github-media-type: github.v3; format=json
2023-09-24 16:20:17.663 DEBUG 39436 --- [           main] e.u.l.a.s.a.github.GitHubScmClient       : [GitHubScmClient#findCommits] x-github-request-id: E4B5:5059:2AD9EC8:2B70DC5:651045A1
2023-09-24 16:20:17.663 DEBUG 39436 --- [           main] e.u.l.a.s.a.github.GitHubScmClient       : [GitHubScmClient#findCommits] x-oauth-scopes: gist, notifications, project, repo
2023-09-24 16:20:17.663 DEBUG 39436 --- [           main] e.u.l.a.s.a.github.GitHubScmClient       : [GitHubScmClient#findCommits] x-ratelimit-limit: 5000
2023-09-24 16:20:17.664 DEBUG 39436 --- [           main] e.u.l.a.s.a.github.GitHubScmClient       : [GitHubScmClient#findCommits] x-ratelimit-remaining: 4990
2023-09-24 16:20:17.664 DEBUG 39436 --- [           main] e.u.l.a.s.a.github.GitHubScmClient       : [GitHubScmClient#findCommits] x-ratelimit-reset: 1695568813
2023-09-24 16:20:17.664 DEBUG 39436 --- [           main] e.u.l.a.s.a.github.GitHubScmClient       : [GitHubScmClient#findCommits] x-ratelimit-resource: core
2023-09-24 16:20:17.664 DEBUG 39436 --- [           main] e.u.l.a.s.a.github.GitHubScmClient       : [GitHubScmClient#findCommits] x-ratelimit-used: 10
2023-09-24 16:20:17.664 DEBUG 39436 --- [           main] e.u.l.a.s.a.github.GitHubScmClient       : [GitHubScmClient#findCommits] x-xss-protection: 0
2023-09-24 16:20:17.664 DEBUG 39436 --- [           main] e.u.l.a.s.a.github.GitHubScmClient       : [GitHubScmClient#findCommits] 
2023-09-24 16:20:17.771 DEBUG 39436 --- [           main] e.u.l.a.s.a.github.GitHubScmClient       : [GitHubScmClient#findCommits] [{"sha":"8289ea5ef2b644a551fda4c3b034f9ef9fcd0209","node_id":"MDY6Q29tbWl0NjU5Mjc2Nzg6ODI4OWVhNWVmMmI2NDRhNTUxZmRhNGMzYjAzNGY5ZWY5ZmNkMDIwOQ==","commit":{"author":{"name":"David Miguel Lozano","email":"davidmigloz@users.noreply.github.com","date":"2021-03-12T20:29:14Z"},"committer":{"name":"David Miguel Lozano","email":"davidmigloz@users.noreply.github.com","date":"2021-03-12T20:29:14Z"},"message":"Create CNAME","tree":{"sha":"0075784b7aaa8645e600fe82258d9ec8a4412f83","url":"https://api.github.com/repos/davidmigloz/go-bees/git/trees/0075784b7aaa8645e600fe82258d9ec8a4412f83"},"url":"https://api.github.com/repos/davidmigloz/go-bees/git/commits/8289ea5ef2b644a551fda4c3b034f9ef9fcd0209","comment_count":0,"verification":{"verified":false,"reason":"unsigned","signature":null,"payload":null}},"url":"https://api.github.com/repos/davidmigloz/go-bees/commits/8289ea5ef2b644a551fda4c3b034f9ef9fcd0209","html_url":"https://github.com/davidmigloz/go-bees/commit/8289ea5ef2b644a551fda4c3b034f9ef9fcd0209","comments_url":"https://api.github.com/repos/davidmigloz/go-bees/commits/8289ea5ef2b644a551fda4c3b034f9ef9fcd0209/comments","author":{"login":"davidmigloz","id":6546265,"node_id":"MDQ6VXNlcjY1NDYyNjU=","avatar_url":"https://avatars.githubusercontent.com/u/6546265?v=4","gravatar_id":"","url":"https://api.github.com/users/davidmigloz","html_url":"https://github.com/davidmigloz","followers_url":"https://api.github.com/users/davidmigloz/followers","following_url":"https://api.github.com/users/davidmigloz/following{/other_user}","gists_url":"https://api.github.com/users/davidmigloz/gists{/gist_id}","starred_url":"https://api.github.com/users/davidmigloz/starred{/owner}{/repo}","subscriptions_url":"https://api.github.com/users/davidmigloz/subscriptions","organizations_url":"https://api.github.com/users/davidmigloz/orgs","repos_url":"https://api.github.com/users/davidmigloz/repos","events_url":"https://api.github.com/users/davidmigloz/events{/privacy}","received_events_url":"https://api.github.com/users/davidmigloz/received_events","type":"User","site_admin":false},"committer":{"login":"davidmigloz","id":6546265,"node_id":"MDQ6VXNlcjY1NDYyNjU=","avatar_url":"https://avatars.githubusercontent.com/u/6546265?v=4","gravatar_id":"","url":"https://api.github.com/users/davidmigloz","html_url":"https://github.com/davidmigloz","followers_url":"https://api.github.com/users/davidmigloz/followers","following_url":"https://api.github.com/users/davidmigloz/following{/other_user}","gists_url":"https://api.github.com/users/davidmigloz/gists{/gist_id}","starred_url":"https://api.github.com/users/davidmigloz/starred{/owner}{/repo}","subscriptions_url":"https://api.github.com/users/davidmigloz/subscriptions","organizations_url":"https://api.github.com/users/davidmigloz/orgs","repos_url":"https://api.github.com/users/davidmigloz/repos","events_url":"https://api.github.com/users/davidmigloz/events{/privacy}","received_events_url":"https://api.github.com/users/davidmigloz/received_events","type":"User","site_admin":false},"parents":[{"sha":"a5aaf9016611f9913c21d1f906d7c75df580529a","url":"https://api.github.com/repos/davidmigloz/go-bees/commits/a5aaf9016611f9913c21d1f906d7c75df580529a","html_url":"https://github.com/davidmigloz/go-bees/commit/a5aaf9016611f9913c21d1f906d7c75df580529a"}]},{"sha":"a5aaf9016611f9913c21d1f906d7c75df580529a","node_id":"MDY6Q29tbWl0NjU5Mjc2Nzg6YTVhYWY5MDE2NjExZjk5MTNjMjFkMWY5MDZkN2M3NWRmNTgwNTI5YQ==","commit":{"author":{"name":"David Miguel","email":"david.miguel@peaks.com","date":"2017-10-15T22:40:41Z"},"committer":{"name":"David Miguel","email":"david.miguel@peaks.com","date":"2017-10-15T22:40:41Z"},"message":"Merge branch 'release-1.2'","tree":{"sha":"7d3292d8efccb104b839caf34a89370bc27abef1","url":"https://api.github.com/repos/davidmigloz/go-bees/git/trees/7d3292d8efccb104b839caf34a89370bc27abef1"},"url":"https://api.github.com/repos/davidmigloz/go-bees/git/commits/a5aaf9016611f9913c21d1f906d7c75df580529a","comment_count":0,"verification":{"verified":false,"reason":"unsigned","signature":null,"payload":null}},"url":"https://api.github.com/repos/davidmigloz/go-bees/commits/a5aaf9016611f9913c21d1f906d7c75df580529a","html_url":"https://github.com/davidmigloz/go-bees/commit/a5aaf9016611f9913c21d1f906d7c75df580529a","comments_url":"https://api.github.com/repos/davidmigloz/go-bees/commits/a5aaf9016611f9913c21d1f906d7c75df580529a/comments","author":{"login":"davidmigloz","id":6546265,"node_id":"MDQ6VXNlcjY1NDYyNjU=","avatar_url":"https://avatars.githubusercontent.com/u/6546265?v=4","gravatar_id":"","url":"https://api.github.com/users/davidmigloz","html_url":"https://github.com/davidmigloz","followers_url":"https://api.github.com/users/davidmigloz/followers","following_url":"https://api.github.com/users/davidmigloz/following{/other_user}","gists_url":"https://api.github.com/users/davidmigloz/gists{/gist_id}","starred_url":"https://api.github.com/users/davidmigloz/starred{/owner}{/repo}","subscriptions_url":"https://api.github.com/users/davidmigloz/subscriptions","organizations_url":"https://api.github.com/users/davidmigloz/orgs","repos_url":"https://api.github.com/users/davidmigloz/repos","events_url":"https://api.github.com/users/davidmigloz/events{/privacy}","received_events_url":"https://api.github.com/users/davidmigloz/received_events","type":"User","site_admin":false},"committer":{"login":"davidmigloz","id":6546265,"node_id":"MDQ6VXNlcjY1NDYyNjU=","avatar_url":"https://avatars.githubusercontent.com/u/6546265?v=4","gravatar_id":"","url":"https://api.github.com/users/davidmigloz","html_url":"https://github.com/davidmigloz","followers_url":"https://api.github.com/users/davidmigloz/followers","following_url":"https://api.github.com/users/davidmigloz/following{/other_user}","gists_url":"https://api.github.com/users/davidmigloz/gists{/gist_id}","starred_url":"https://api.github.com/users/davidmigloz/starred{/owner}{/repo}","subscriptions_url":"https://api.github.com/users/davidmigloz/subscriptions","organizations_url":"https://api.github.com/users/davidmigloz/orgs","repos_url":"https://api.github.com/users/davidmigloz/repos","events_url":"https://api.github.com/users/davidmigloz/events{/privacy}","received_events_url":"https://api.github.com/users/davidmigloz/received_events","type":"User","site_admin":false},"parents":[{"sha":"fa0a5e28dd33779806b2644876516511caf8f948","url":"https://api.github.com/repos/davidmigloz/go-bees/commits/fa0a5e28dd33779806b2644876516511caf8f948","html_url":"https://github.com/davidmigloz/go-bees/commit/fa0a5e28dd33779806b2644876516511caf8f948"},{"sha":"14a4462b4bc65d2e319c6a22a2aea3892e218748","url":"https://api.github.com/repos/davidmigloz/go-bees/commits/14a4462b4bc65d2e319c6a22a2aea3892e218748","html_url":"https://github.com/davidmigloz/go-bees/commit/14a4462b4bc65d2e319c6a22a2aea3892e218748"}]},{"sha":"14a4462b4bc65d2e319c6a22a2aea3892e218748","node_id":"MDY6Q29tbWl0NjU5Mjc2Nzg6MTRhNDQ2MmI0YmM2NWQyZTMxOWM2YTIyYTJhZWEzODkyZTIxODc0OA==","commit":{"author":{"name":"David Miguel","email":"david.miguel@peaks.com","date":"2017-10-15T22:32:04Z"},"committer":{"name":"David Miguel","email":"david.miguel@peaks.com","date":"2017-10-15T22:32:04Z"},"message":"Bumped version number to 1.2","tree":{"sha":"7d3292d8efccb104b839caf34a89370bc27abef1","url":"https://api.github.com/repos/davidmigloz/go-bees/git/trees/7d3292d8efccb104b839caf34a89370bc27abef1"},"url":"https://api.github.com/repos/davidmigloz/go-bees/git/commits/14a4462b4bc65d2e319c6a22a2aea3892e218748","comment_count":0,"verification":{"verified":false,"reason":"unsigned","signature":null,"payload":null}},"url":"https://api.github.com/repos/davidmigloz/go-bees/commits/14a4462b4bc65d2e319c6a22a2aea3892e218748","html_url":"https://github.com/davidmigloz/go-bees/commit/14a4462b4bc65d2e319c6a22a2aea3892e218748","comments_url":"https://api.github.com/repos/davidmigloz/go-bees/commits/14a4462b4bc65d2e319c6a22a2aea3892e218748/comments","author":{"login":"davidmigloz","id":6546265,"node_id":"MDQ6VXNlcjY1NDYyNjU=","avatar_url":"https://avatars.githubusercontent.com/u/6546265?v=4","gravatar_id":"","url":"https://api.github.com/users/davidmigloz","html_url":"https://github.com/davidmigloz","followers_url":"https://api.github.com/users/davidmigloz/followers","following_url":"https://api.github.com/users/davidmigloz/following{/other_user}","gists_url":"https://api.github.com/users/davidmigloz/gists{/gist_id}","starred_url":"https://api.github.com/users/davidmigloz/starred{/owner}{/repo}","subscriptions_url":"https://api.github.com/users/davidmigloz/subscriptions","organizations_url":"https://api.github.com/users/davidmigloz/orgs","repos_url":"https://api.github.com/users/davidmigloz/repos","events_url":"https://api.github.com/users/davidmigloz/events{/privacy}","received_events_url":"https://api.github.com/users/davidmigloz/received_events","type":"User","site_admin":false},"committer":{"login":"davidmigloz","id":6546265,"node_id":"MDQ6VXNlcjY1NDYyNjU=","avatar_url":"https://avatars.githubusercontent.com/u/6546265?v=4","gravatar_id":"","url":"https://api.github.com/users/davidmigloz","html_url":"https://github.com/davidmigloz","followers_url":"https://api.github.com/users/davidmigloz/followers","following_url":"https://api.github.com/users/davidmigloz/following{/other_user}","gists_url":"https://api.github.com/users/davidmigloz/gists{/gist_id}","starred_url":"https://api.github.com/users/davidmigloz/starred{/owner}{/repo}","subscriptions_url":"https://api.github.com/users/davidmigloz/subscriptions","organizations_url":"https://api.github.com/users/davidmigloz/orgs","repos_url":"https://api.github.com/users/davidmigloz/repos","events_url":"https://api.github.com/users/davidmigloz/events{/privacy}","received_events_url":"https://api.github.com/users/davidmigloz/received_events","type":"User","site_admin":false},"parents":[{"sha":"2b54d064b390981e6270632886b2b019b2fc258b","url":"https://api.github.com/repos/davidmigloz/go-bees/commits/2b54d064b390981e6270632886b2b019b2fc258b","html_url":"https://github.com/davidmigloz/go-bees/commit/2b54d064b390981e6270632886b2b019b2fc258b"}]},{"sha":"2b54d064b390981e6270632886b2b019b2fc258b","node_id":"MDY6Q29tbWl0NjU5Mjc2Nzg6MmI1NGQwNjRiMzkwOTgxZTYyNzA2MzI4ODZiMmIwMTliMmZjMjU4Yg==","commit":{"author":{"name":"David Miguel","email":"david.miguel@peaks.com","date":"2017-10-15T22:20:44Z"},"committer":{"name":"David Miguel","email":"david.miguel@peaks.com","date":"2017-10-15T22:29:03Z"},"message":"Update build tools to 26.0.2 #204","tree":{"sha":"6abbdb09ab6b743931ed4b1f88877337c34ad4ba","url":"https://api.github.com/repos/davidmigloz/go-bees/git/trees/6abbdb09ab6b743931ed4b1f88877337c34ad4ba"},"url":"https://api.github.com/repos/davidmigloz/go-bees/git/commits/2b54d064b390981e6270632886b2b019b2fc258b","comment_count":0,"verification":{"verified":false,"reason":"unsigned","signature":null,"payload":null}},"url":"https://api.github.com/repos/davidmigloz/go-bees/commits/2b54d064b390981e6270632886b2b019b2fc258b","html_url":"https://github.com/davidmigloz/go-bees/commit/2b54d064b390981e6270632886b2b019b2fc258b","comments_url":"https://api.github.com/repos/davidmigloz/go-bees/commits/2b54d064b390981e6270632886b2b019b2fc258b/comments","author":{"login":"davidmigloz","id":6546265,"node_id":"MDQ6VXNlcjY1NDYyNjU=","avatar_url":"https://avatars.githubusercontent.com/u/6546265?v=4","gravatar_id":"","url":"https://api.github.com/users/davidmigloz","html_url":"https://github.com/davidmigloz","followers_url":"https://api.github.com/users/davidmigloz/followers","following_url":"https://api.github.com/users/davidmigloz/following{/other_user}","gists_url":"https://api.github.com/users/davidmigloz/gists{/gist_id}","starred_url":"https://api.github.com/users/davidmigloz/starred{/owner}{/repo}","subscriptions_url":"https://api.github.com/users/davidmigloz/subscriptions","organizations_url":"https://api.github.com/users/davidmigloz/orgs","repos_url":"https://api.github.com/users/davidmigloz/repos","events_url":"https://api.github.com/users/davidmigloz/events{/privacy}","received_events_url":"https://api.github.com/users/davidmigloz/received_events","type":"User","site_admin":false},"committer":{"login":"davidmigloz","id":6546265,"node_id":"MDQ6VXNlcjY1NDYyNjU=","avatar_url":"https://avatars.githubusercontent.com/u/6546265?v=4","gravatar_id":"","url":"https://api.github.com/users/davidmigloz","html_url":"https://github.com/davidmigloz","followers_url":"https://api.github.com/users/davidmigloz/followers","following_url":"https://api.github.com/users/davidmigloz/following{/other_user}","gists_url":"https://api.github.com/users/davidmigloz/gists{/gist_id}","starred_url":"https://api.github.com/users/davidmigloz/starred{/owner}{/repo}","subscriptions_url":"https://api.github.com/users/davidmigloz/subscriptions","organizations_url":"https://api.github.com/users/davidmigloz/orgs","repos_url":"https://api.github.com/users/davidmigloz/repos","events_url":"https://api.github.com/users/davidmigloz/events{/privacy}","received_events_url":"https://api.github.com/users/davidmigloz/received_events","type":"User","site_admin":false},"parents":[{"sha":"42f7ad239c65d138844c69e0b1ef6533f498191d","url":"https://api.github.com/repos/davidmigloz/go-bees/commits/42f7ad239c65d138844c69e0b1ef6533f498191d","html_url":"https://github.com/davidmigloz/go-bees/commit/42f7ad239c65d138844c69e0b1ef6533f498191d"}]},{"sha":"42f7ad239c65d138844c69e0b1ef6533f498191d","node_id":"MDY6Q29tbWl0NjU5Mjc2Nzg6NDJmN2FkMjM5YzY1ZDEzODg0NGM2OWUwYjFlZjY1MzNmNDk4MTkxZA==","commit":{"author":{"name":"David Miguel","email":"david.miguel@peaks.com","date":"2017-10-15T21:09:35Z"},"committer":{"name":"David Miguel","email":"david.miguel@peaks.com","date":"2017-10-15T21:09:35Z"},"message":"Update Crashlytics to 2.7.0 #203","tree":{"sha":"a1face980ab97c9b6790851a109f8b6bddcfe6c7","url":"https://api.github.com/repos/davidmigloz/go-bees/git/trees/a1face980ab97c9b6790851a109f8b6bddcfe6c7"},"url":"https://api.github.com/repos/davidmigloz/go-bees/git/commits/42f7ad239c65d138844c69e0b1ef6533f498191d","comment_count":0,"verification":{"verified":false,"reason":"unsigned","signature":null,"payload":null}},"url":"https://api.github.com/repos/davidmigloz/go-bees/commits/42f7ad239c65d138844c69e0b1ef6533f498191d","html_url":"https://github.com/davidmigloz/go-bees/commit/42f7ad239c65d138844c69e0b1ef6533f498191d","comments_url":"https://api.github.com/repos/davidmigloz/go-bees/commits/42f7ad239c65d138844c69e0b1ef6533f498191d/comments","author":{"login":"davidmigloz","id":6546265,"node_id":"MDQ6VXNlcjY1NDYyNjU=","avatar_url":"https://avatars.githubusercontent.com/u/6546265?v=4","gravatar_id":"","url":"https://api.github.com/users/davidmigloz","html_url":"https://github.com/davidmigloz","followers_url":"https://api.github.com/users/davidmigloz/followers","following_url":"https://api.github.com/users/davidmigloz/following{/other_user}","gists_url":"https://api.github.com/users/davidmigloz/gists{/gist_id}","starred_url":"https://api.github.com/users/davidmigloz/starred{/owner}{/repo}","subscriptions_url":"https://api.github.com/users/davidmigloz/subscriptions","organizations_url":"https://api.github.com/users/davidmigloz/orgs","repos_url":"https://api.github.com/users/davidmigloz/repos","events_url":"https://api.github.com/users/davidmigloz/events{/privacy}","received_events_url":"https://api.github.com/users/davidmigloz/received_events","type":"User","site_admin":false},"committer":{"login":"davidmigloz","id":6546265,"node_id":"MDQ6VXNlcjY1NDYyNjU=","avatar_url":"https://avatars.githubusercontent.com/u/6546265?v=4","gravatar_id":"","url":"https://api.github.com/users/davidmigloz","html_url":"https://github.com/davidmigloz","followers_url":"https://api.github.com/users/davidmigloz/followers","following_url":"https://api.github.com/users/davidmigloz/following{/other_user}","gists_url":"https://api.github.com/users/davidmigloz/gists{/gist_id}","starred_url":"https://api.github.com/users/davidmigloz/starred{/owner}{/repo}","subscriptions_url":"https://api.github.com/users/davidmigloz/subscriptions","organizations_url":"https://api.github.com/users/davidmigloz/orgs","repos_url":"https://api.github.com/users/davidmigloz/repos","events_url":"https://api.github.com/users/davidmigloz/events{/privacy}","received_events_url":"https://api.github.com/users/davidmigloz/received_events","type":"User","site_admin":false},"parents":[{"sha":"63c953f366823f944a9f9c5775b549f18076d055","url":"https://api.github.com/repos/davidmigloz/go-bees/commits/63c953f366823f944a9f9c5775b549f18076d055","html_url":"https://github.com/davidmigloz/go-bees/commit/63c953f366823f944a9f9c5775b549f18076d055"}]},{"sha":"63c953f366823f944a9f9c5775b549f18076d055","node_id":"MDY6Q29tbWl0NjU5Mjc2Nzg6NjNjOTUzZjM2NjgyM2Y5NDRhOWY5YzU3NzViNTQ5ZjE4MDc2ZDA1NQ==","commit":{"author":{"name":"David Miguel","email":"david.miguel@peaks.com","date":"2017-10-08T22:21:42Z"},"committer":{"name":"David Miguel","email":"david.miguel@peaks.com","date":"2017-10-08T22:21:42Z"},"message":"Continuous deployment to Google Play #200","tree":{"sha":"097f84a173b1ca86ce20fcfb932144afc3d5d52c","url":"https://api.github.com/repos/davidmigloz/go-bees/git/trees/097f84a173b1ca86ce20fcfb932144afc3d5d52c"},"url":"https://api.github.com/repos/davidmigloz/go-bees/git/commits/63c953f366823f944a9f9c5775b549f18076d055","comment_count":0,"verification":{"verified":false,"reason":"unsigned","signature":null,"payload":null}},"url":"https://api.github.com/repos/davidmigloz/go-bees/commits/63c953f366823f944a9f9c5775b549f18076d055","html_url":"https://github.com/davidmigloz/go-bees/commit/63c953f366823f944a9f9c5775b549f18076d055","comments_url":"https://api.github.com/repos/davidmigloz/go-bees/commits/63c953f366823f944a9f9c5775b549f18076d055/comments","author":{"login":"davidmigloz","id":6546265,"node_id":"MDQ6VXNlcjY1NDYyNjU=","avatar_url":"https://avatars.githubusercontent.com/u/6546265?v=4","gravatar_id":"","url":"https://api.github.com/users/davidmigloz","html_url":"https://github.com/davidmigloz","followers_url":"https://api.github.com/users/davidmigloz/followers","following_url":"https://api.github.com/users/davidmigloz/following{/other_user}","gists_url":"https://api.github.com/users/davidmigloz/gists{/gist_id}","starred_url":"https://api.github.com/users/davidmigloz/starred{/owner}{/repo}","subscriptions_url":"https://api.github.com/users/davidmigloz/subscriptions","organizations_url":"https://api.github.com/users/davidmigloz/orgs","repos_url":"https://api.github.com/users/davidmigloz/repos","events_url":"https://api.github.com/users/davidmigloz/events{/privacy}","received_events_url":"https://api.github.com/users/davidmigloz/received_events","type":"User","site_admin":false},"committer":{"login":"davidmigloz","id":6546265,"node_id":"MDQ6VXNlcjY1NDYyNjU=","avatar_url":"https://avatars.githubusercontent.com/u/6546265?v=4","gravatar_id":"","url":"https://api.github.com/users/davidmigloz","html_url":"https://github.com/davidmigloz","followers_url":"https://api.github.com/users/davidmigloz/followers","following_url":"https://api.github.com/users/davidmigloz/following{/other_user}","gists_url":"https://api.github.com/users/davidmigloz/gists{/gist_id}","starred_url":"https://api.github.com/users/davidmigloz/starred{/owner}{/repo}","subscriptions_url":"https://api.github.com/users/davidmigloz/subscriptions","organizations_url":"https://api.github.com/users/davidmigloz/orgs","repos_url":"https://api.github.com/users/davidmigloz/repos","events_url":"https://api.github.com/users/davidmigloz/events{/privacy}","received_events_url":"https://api.github.com/users/davidmigloz/received_events","type":"User","site_admin":false},"parents":[{"sha":"ba45e3bd0f9cecc6ae21ca94c565a5a24dcdda2f","url":"https://api.github.com/repos/davidmigloz/go-bees/commits/ba45e3bd0f9cecc6ae21ca94c565a5a24dcdda2f","html_url":"https://github.com/davidmigloz/go-bees/commit/ba45e3bd0f9cecc6ae21ca94c565a5a24dcdda2f"}]},{"sha":"ba45e3bd0f9cecc6ae21ca94c565a5a24dcdda2f","node_id":"MDY6Q29tbWl0NjU5Mjc2Nzg6YmE0NWUzYmQwZjljZWNjNmFlMjFjYTk0YzU2NWE1YTI0ZGNkZGEyZg==","commit":{"author":{"name":"David Miguel","email":"david.miguel@peaks.com","date":"2017-10-05T21:34:26Z"},"committer":{"name":"David Miguel","email":"david.miguel@peaks.com","date":"2017-10-05T21:34:26Z"},"message":"Improve versioning #201","tree":{"sha":"ce2818017c10d6adbebe26be8dbd987516318283","url":"https://api.github.com/repos/davidmigloz/go-bees/git/trees/ce2818017c10d6adbebe26be8dbd987516318283"},"url":"https://api.github.com/repos/davidmigloz/go-bees/git/commits/ba45e3bd0f9cecc6ae21ca94c565a5a24dcdda2f","comment_count":0,"verification":{"verified":false,"reason":"unsigned","signature":null,"payload":null}},"url":"https://api.github.com/repos/davidmigloz/go-bees/commits/ba45e3bd0f9cecc6ae21ca94c565a5a24dcdda2f","html_url":"https://github.com/davidmigloz/go-bees/commit/ba45e3bd0f9cecc6ae21ca94c565a5a24dcdda2f","comments_url":"https://api.github.com/repos/davidmigloz/go-bees/commits/ba45e3bd0f9cecc6ae21ca94c565a5a24dcdda2f/comments","author":{"login":"davidmigloz","id":6546265,"node_id":"MDQ6VXNlcjY1NDYyNjU=","avatar_url":"https://avatars.githubusercontent.com/u/6546265?v=4","gravatar_id":"","url":"https://api.github.com/users/davidmigloz","html_url":"https://github.com/davidmigloz","followers_url":"https://api.github.com/users/davidmigloz/followers","following_url":"https://api.github.com/users/davidmigloz/following{/other_user}","gists_url":"https://api.github.com/users/davidmigloz/gists{/gist_id}","starred_url":"https://api.github.com/users/davidmigloz/starred{/owner}{/repo}","subscriptions_url":"https://api.github.com/users/davidmigloz/subscriptions","organizations_url":"https://api.github.com/users/davidmigloz/orgs","repos_url":"https://api.github.com/users/davidmigloz/repos","events_url":"https://api.github.com/users/davidmigloz/events{/privacy}","received_events_url":"https://api.github.com/users/davidmigloz/received_events","type":"User","site_admin":false},"committer":{"login":"davidmigloz","id":6546265,"node_id":"MDQ6VXNlcjY1NDYyNjU=","avatar_url":"https://avatars.githubusercontent.com/u/6546265?v=4","gravatar_id":"","url":"https://api.github.com/users/davidmigloz","html_url":"https://github.com/davidmigloz","followers_url":"https://api.github.com/users/davidmigloz/followers","following_url":"https://api.github.com/users/davidmigloz/following{/other_user}","gists_url":"https://api.github.com/users/davidmigloz/gists{/gist_id}","starred_url":"https://api.github.com/users/davidmigloz/starred{/owner}{/repo}","subscriptions_url":"https://api.github.com/users/davidmigloz/subscriptions","organizations_url":"https://api.github.com/users/davidmigloz/orgs","repos_url":"https://api.github.com/users/davidmigloz/repos","events_url":"https://api.github.com/users/davidmigloz/events{/privacy}","received_events_url":"https://api.github.com/users/davidmigloz/received_events","type":"User","site_admin":false},"parents":[{"sha":"043866c401c9b386e81ed12ae251e285e66c466b","url":"https://api.github.com/repos/davidmigloz/go-bees/commits/043866c401c9b386e81ed12ae251e285e66c466b","html_url":"https://github.com/davidmigloz/go-bees/commit/043866c401c9b386e81ed12ae251e285e66c466b"}]},{"sha":"043866c401c9b386e81ed12ae251e285e66c466b","node_id":"MDY6Q29tbWl0NjU5Mjc2Nzg6MDQzODY2YzQwMWM5YjM4NmU4MWVkMTJhZTI1MWUyODVlNjZjNDY2Yg==","commit":{"author":{"name":"David Miguel","email":"david.miguel@peaks.com","date":"2017-10-02T22:25:21Z"},"committer":{"name":"David Miguel","email":"david.miguel@peaks.com","date":"2017-10-02T22:25:21Z"},"message":"Update dependences #191","tree":{"sha":"f8c13150f911f8e23b04907aba733c096b44505d","url":"https://api.github.com/repos/davidmigloz/go-bees/git/trees/f8c13150f911f8e23b04907aba733c096b44505d"},"url":"https://api.github.com/repos/davidmigloz/go-bees/git/commits/043866c401c9b386e81ed12ae251e285e66c466b","comment_count":0,"verification":{"verified":false,"reason":"unsigned","signature":null,"payload":null}},"url":"https://api.github.com/repos/davidmigloz/go-bees/commits/043866c401c9b386e81ed12ae251e285e66c466b","html_url":"https://github.com/davidmigloz/go-bees/commit/043866c401c9b386e81ed12ae251e285e66c466b","comments_url":"https://api.github.com/repos/davidmigloz/go-bees/commits/043866c401c9b386e81ed12ae251e285e66c466b/comments","author":{"login":"davidmigloz","id":6546265,"node_id":"MDQ6VXNlcjY1NDYyNjU=","avatar_url":"https://avatars.githubusercontent.com/u/6546265?v=4","gravatar_id":"","url":"https://api.github.com/users/davidmigloz","html_url":"https://github.com/davidmigloz","followers_url":"https://api.github.com/users/davidmigloz/followers","following_url":"https://api.github.com/users/davidmigloz/following{/other_user}","gists_url":"https://api.github.com/users/davidmigloz/gists{/gist_id}","starred_url":"https://api.github.com/users/davidmigloz/starred{/owner}{/repo}","subscriptions_url":"https://api.github.com/users/davidmigloz/subscriptions","organizations_url":"https://api.github.com/users/davidmigloz/orgs","repos_url":"https://api.github.com/users/davidmigloz/repos","events_url":"https://api.github.com/users/davidmigloz/events{/privacy}","received_events_url":"https://api.github.com/users/davidmigloz/received_events","type":"User","site_admin":false},"committer":{"login":"davidmigloz","id":6546265,"node_id":"MDQ6VXNlcjY1NDYyNjU=","avatar_url":"https://avatars.githubusercontent.com/u/6546265?v=4","gravatar_id":"","url":"https://api.github.com/users/davidmigloz","html_url":"https://github.com/davidmigloz","followers_url":"https://api.github.com/users/davidmigloz/followers","following_url":"https://api.github.com/users/davidmigloz/following{/other_user}","gists_url":"https://api.github.com/users/davidmigloz/gists{/gist_id}","starred_url":"https://api.github.com/users/davidmigloz/starred{/owner}{/repo}","subscriptions_url":"https://api.github.com/users/davidmigloz/subscriptions","organizations_url":"https://api.github.com/users/davidmigloz/orgs","repos_url":"https://api.github.com/users/davidmigloz/repos","events_url":"https://api.github.com/users/davidmigloz/events{/privacy}","received_events_url":"https://api.github.com/users/davidmigloz/received_events","type":"User","site_admin":false},"parents":[{"sha":"434cd9935020fdcceb4c6fbb5b1f2c9fe4a10d87","url":"https://api.github.com/repos/davidmigloz/go-bees/commits/434cd9935020fdcceb4c6fbb5b1f2c9fe4a10d87","html_url":"https://github.com/davidmigloz/go-bees/commit/434cd9935020fdcceb4c6fbb5b1f2c9fe4a10d87"}]},{"sha":"434cd9935020fdcceb4c6fbb5b1f2c9fe4a10d87","node_id":"MDY6Q29tbWl0NjU5Mjc2Nzg6NDM0Y2Q5OTM1MDIwZmRjY2ViNGM2ZmJiNWIxZjJjOWZlNGExMGQ4Nw==","commit":{"author":{"name":"David Miguel","email":"david.miguel@peaks.com","date":"2017-10-01T22:55:54Z"},"committer":{"name":"David Miguel","email":"david.miguel@peaks.com","date":"2017-10-02T16:00:59Z"},"message":"Add Firebase Analytics #196","tree":{"sha":"f1b3a608b3c5a38b5d111296220deaba015c8e75","url":"https://api.github.com/repos/davidmigloz/go-bees/git/trees/f1b3a608b3c5a38b5d111296220deaba015c8e75"},"url":"https://api.github.com/repos/davidmigloz/go-bees/git/commits/434cd9935020fdcceb4c6fbb5b1f2c9fe4a10d87","comment_count":0,"verification":{"verified":false,"reason":"unsigned","signature":null,"payload":null}},"url":"https://api.github.com/repos/davidmigloz/go-bees/commits/434cd9935020fdcceb4c6fbb5b1f2c9fe4a10d87","html_url":"https://github.com/davidmigloz/go-bees/commit/434cd9935020fdcceb4c6fbb5b1f2c9fe4a10d87","comments_url":"https://api.github.com/repos/davidmigloz/go-bees/commits/434cd9935020fdcceb4c6fbb5b1f2c9fe4a10d87/comments","author":{"login":"davidmigloz","id":6546265,"node_id":"MDQ6VXNlcjY1NDYyNjU=","avatar_url":"https://avatars.githubusercontent.com/u/6546265?v=4","gravatar_id":"","url":"https://api.github.com/users/davidmigloz","html_url":"https://github.com/davidmigloz","followers_url":"https://api.github.com/users/davidmigloz/followers","following_url":"https://api.github.com/users/davidmigloz/following{/other_user}","gists_url":"https://api.github.com/users/davidmigloz/gists{/gist_id}","starred_url":"https://api.github.com/users/davidmigloz/starred{/owner}{/repo}","subscriptions_url":"https://api.github.com/users/davidmigloz/subscriptions","organizations_url":"https://api.github.com/users/davidmigloz/orgs","repos_url":"https://api.github.com/users/davidmigloz/repos","events_url":"https://api.github.com/users/davidmigloz/events{/privacy}","received_events_url":"https://api.github.com/users/davidmigloz/received_events","type":"User","site_admin":false},"committer":{"login":"davidmigloz","id":6546265,"node_id":"MDQ6VXNlcjY1NDYyNjU=","avatar_url":"https://avatars.githubusercontent.com/u/6546265?v=4","gravatar_id":"","url":"https://api.github.com/users/davidmigloz","html_url":"https://github.com/davidmigloz","followers_url":"https://api.github.com/users/davidmigloz/followers","following_url":"https://api.github.com/users/davidmigloz/following{/other_user}","gists_url":"https://api.github.com/users/davidmigloz/gists{/gist_id}","starred_url":"https://api.github.com/users/davidmigloz/starred{/owner}{/repo}","subscriptions_url":"https://api.github.com/users/davidmigloz/subscriptions","organizations_url":"https://api.github.com/users/davidmigloz/orgs","repos_url":"https://api.github.com/users/davidmigloz/repos","events_url":"https://api.github.com/users/davidmigloz/events{/privacy}","received_events_url":"https://api.github.com/users/davidmigloz/received_events","type":"User","site_admin":false},"parents":[{"sha":"84bba1abe03d290d03bb3bf6f44d774f521769c2","url":"https://api.github.com/repos/davidmigloz/go-bees/commits/84bba1abe03d290d03bb3bf6f44d774f521769c2","html_url":"https://github.com/davidmigloz/go-bees/commit/84bba1abe03d290d03bb3bf6f44d774f521769c2"}]},{"sha":"84bba1abe03d290d03bb3bf6f44d774f521769c2","node_id":"MDY6Q29tbWl0NjU5Mjc2Nzg6ODRiYmExYWJlMDNkMjkwZDAzYmIzYmY2ZjQ0ZDc3NGY1MjE3NjljMg==","commit":{"author":{"name":"David Miguel","email":"david.miguel@peaks.com","date":"2017-09-30T23:49:27Z"},"committer":{"name":"David Miguel","email":"david.miguel@peaks.com","date":"2017-10-01T00:03:08Z"},"message":"Add Crashlytics #195","tree":{"sha":"dd4fe3d50b83e1de7ef3a87668ed6d6acf0e3854","url":"https://api.github.com/repos/davidmigloz/go-bees/git/trees/dd4fe3d50b83e1de7ef3a87668ed6d6acf0e3854"},"url":"https://api.github.com/repos/davidmigloz/go-bees/git/commits/84bba1abe03d290d03bb3bf6f44d774f521769c2","comment_count":0,"verification":{"verified":false,"reason":"unsigned","signature":null,"payload":null}},"url":"https://api.github.com/repos/davidmigloz/go-bees/commits/84bba1abe03d290d03bb3bf6f44d774f521769c2","html_url":"https://github.com/davidmigloz/go-bees/commit/84bba1abe03d290d03bb3bf6f44d774f521769c2","comments_url":"https://api.github.com/repos/davidmigloz/go-bees/commits/84bba1abe03d290d03bb3bf6f44d774f521769c2/comments","author":{"login":"davidmigloz","id":6546265,"node_id":"MDQ6VXNlcjY1NDYyNjU=","avatar_url":"https://avatars.githubusercontent.com/u/6546265?v=4","gravatar_id":"","url":"https://api.github.com/users/davidmigloz","html_url":"https://github.com/davidmigloz","followers_url":"https://api.github.com/users/davidmigloz/followers","following_url":"https://api.github.com/users/davidmigloz/following{/other_user}","gists_url":"https://api.github.com/users/davidmigloz/gists{/gist_id}","starred_url":"https://api.github.com/users/davidmigloz/starred{/owner}{/repo}","subscriptions_url":"https://api.github.com/users/davidmigloz/subscriptions","organizations_url":"https://api.github.com/users/davidmigloz/orgs","repos_url":"https://api.github.com/users/davidmigloz/repos","events_url":"https://api.github.com/users/davidmigloz/events{/privacy}","received_events_url":"https://api.github.com/users/davidmigloz/received_events","type":"User","site_admin":false},"committer":{"login":"davidmigloz","id":6546265,"node_id":"MDQ6VXNlcjY1NDYyNjU=","avatar_url":"https://avatars.githubusercontent.com/u/6546265?v=4","gravatar_id":"","url":"https://api.github.com/users/davidmigloz","html_url":"https://github.com/davidmigloz","followers_url":"https://api.github.com/users/davidmigloz/followers","following_url":"https://api.github.com/users/davidmigloz/following{/other_user}","gists_url":"https://api.github.com/users/davidmigloz/gists{/gist_id}","starred_url":"https://api.github.com/users/davidmigloz/starred{/owner}{/repo}","subscriptions_url":"https://api.github.com/users/davidmigloz/subscriptions","organizations_url":"https://api.github.com/users/davidmigloz/orgs","repos_url":"https://api.github.com/users/davidmigloz/repos","events_url":"https://api.github.com/users/davidmigloz/events{/privacy}","received_events_url":"https://api.github.com/users/davidmigloz/received_events","type":"User","site_admin":false},"parents":[{"sha":"ace2cf61a18e479e35fd99fccb37c71539fd8972","url":"https://api.github.com/repos/davidmigloz/go-bees/commits/ace2cf61a18e479e35fd99fccb37c71539fd8972","html_url":"https://github.com/davidmigloz/go-bees/commit/ace2cf61a18e479e35fd99fccb37c71539fd8972"}]},{"sha":"ace2cf61a18e479e35fd99fccb37c71539fd8972","node_id":"MDY6Q29tbWl0NjU5Mjc2Nzg6YWNlMmNmNjFhMThlNDc5ZTM1ZmQ5OWZjY2IzN2M3MTUzOWZkODk3Mg==","commit":{"author":{"name":"David Miguel","email":"david.miguel@peaks.com","date":"2017-09-26T22:34:16Z"},"committer":{"name":"David Miguel","email":"david.miguel@peaks.com","date":"2017-09-26T22:34:16Z"},"message":"Replace Android logger by Timber #193","tree":{"sha":"99ed9c318be9efead69280f39478184f7ec0134d","url":"https://api.github.com/repos/davidmigloz/go-bees/git/trees/99ed9c318be9efead69280f39478184f7ec0134d"},"url":"https://api.github.com/repos/davidmigloz/go-bees/git/commits/ace2cf61a18e479e35fd99fccb37c71539fd8972","comment_count":0,"verification":{"verified":false,"reason":"unsigned","signature":null,"payload":null}},"url":"https://api.github.com/repos/davidmigloz/go-bees/commits/ace2cf61a18e479e35fd99fccb37c71539fd8972","html_url":"https://github.com/davidmigloz/go-bees/commit/ace2cf61a18e479e35fd99fccb37c71539fd8972","comments_url":"https://api.github.com/repos/davidmigloz/go-bees/commits/ace2cf61a18e479e35fd99fccb37c71539fd8972/comments","author":{"login":"davidmigloz","id":6546265,"node_id":"MDQ6VXNlcjY1NDYyNjU=","avatar_url":"https://avatars.githubusercontent.com/u/6546265?v=4","gravatar_id":"","url":"https://api.github.com/users/davidmigloz","html_url":"https://github.com/davidmigloz","followers_url":"https://api.github.com/users/davidmigloz/followers","following_url":"https://api.github.com/users/davidmigloz/following{/other_user}","gists_url":"https://api.github.com/users/davidmigloz/gists{/gist_id}","starred_url":"https://api.github.com/users/davidmigloz/starred{/owner}{/repo}","subscriptions_url":"https://api.github.com/users/davidmigloz/subscriptions","organizations_url":"https://api.github.com/users/davidmigloz/orgs","repos_url":"https://api.github.com/users/davidmigloz/repos","events_url":"https://api.github.com/users/davidmigloz/events{/privacy}","received_events_url":"https://api.github.com/users/davidmigloz/received_events","type":"User","site_admin":false},"committer":{"login":"davidmigloz","id":6546265,"node_id":"MDQ6VXNlcjY1NDYyNjU=","avatar_url":"https://avatars.githubusercontent.com/u/6546265?v=4","gravatar_id":"","url":"https://api.github.com/users/davidmigloz","html_url":"https://github.com/davidmigloz","followers_url":"https://api.github.com/users/davidmigloz/followers","following_url":"https://api.github.com/users/davidmigloz/following{/other_user}","gists_url":"https://api.github.com/users/davidmigloz/gists{/gist_id}","starred_url":"https://api.github.com/users/davidmigloz/starred{/owner}{/repo}","subscriptions_url":"https://api.github.com/users/davidmigloz/subscriptions","organizations_url":"https://api.github.com/users/davidmigloz/orgs","repos_url":"https://api.github.com/users/davidmigloz/repos","events_url":"https://api.github.com/users/davidmigloz/events{/privacy}","received_events_url":"https://api.github.com/users/davidmigloz/received_events","type":"User","site_admin":false},"parents":[{"sha":"dee918ddf9bd05fbaf3f0c42b16d2b9a9409bfc7","url":"https://api.github.com/repos/davidmigloz/go-bees/commits/dee918ddf9bd05fbaf3f0c42b16d2b9a9409bfc7","html_url":"https://github.com/davidmigloz/go-bees/commit/dee918ddf9bd05fbaf3f0c42b16d2b9a9409bfc7"}]},{"sha":"dee918ddf9bd05fbaf3f0c42b16d2b9a9409bfc7","node_id":"MDY6Q29tbWl0NjU5Mjc2Nzg6ZGVlOTE4ZGRmOWJkMDVmYmFmM2YwYzQyYjE2ZDJiOWE5NDA5YmZjNw==","commit":{"author":{"name":"David Miguel","email":"david.miguel@peaks.com","date":"2017-09-24T21:15:50Z"},"committer":{"name":"David Miguel","email":"david.miguel@peaks.com","date":"2017-09-24T21:15:50Z"},"message":"Update app to Android 8.0 #197","tree":{"sha":"feb55e894c3ca4da548ada38400948d4564e2ee2","url":"https://api.github.com/repos/davidmigloz/go-bees/git/trees/feb55e894c3ca4da548ada38400948d4564e2ee2"},"url":"https://api.github.com/repos/davidmigloz/go-bees/git/commits/dee918ddf9bd05fbaf3f0c42b16d2b9a9409bfc7","comment_count":0,"verification":{"verified":false,"reason":"unsigned","signature":null,"payload":null}},"url":"https://api.github.com/repos/davidmigloz/go-bees/commits/dee918ddf9bd05fbaf3f0c42b16d2b9a9409bfc7","html_url":"https://github.com/davidmigloz/go-bees/commit/dee918ddf9bd05fbaf3f0c42b16d2b9a9409bfc7","comments_url":"https://api.github.com/repos/davidmigloz/go-bees/commits/dee918ddf9bd05fbaf3f0c42b16d2b9a9409bfc7/comments","author":{"login":"davidmigloz","id":6546265,"node_id":"MDQ6VXNlcjY1NDYyNjU=","avatar_url":"https://avatars.githubusercontent.com/u/6546265?v=4","gravatar_id":"","url":"https://api.github.com/users/davidmigloz","html_url":"https://github.com/davidmigloz","followers_url":"https://api.github.com/users/davidmigloz/followers","following_url":"https://api.github.com/users/davidmigloz/following{/other_user}","gists_url":"https://api.github.com/users/davidmigloz/gists{/gist_id}","starred_url":"https://api.github.com/users/davidmigloz/starred{/owner}{/repo}","subscriptions_url":"https://api.github.com/users/davidmigloz/subscriptions","organizations_url":"https://api.github.com/users/davidmigloz/orgs","repos_url":"https://api.github.com/users/davidmigloz/repos","events_url":"https://api.github.com/users/davidmigloz/events{/privacy}","received_events_url":"https://api.github.com/users/davidmigloz/received_events","type":"User","site_admin":false},"committer":{"login":"davidmigloz","id":6546265,"node_id":"MDQ6VXNlcjY1NDYyNjU=","avatar_url":"https://avatars.githubusercontent.com/u/6546265?v=4","gravatar_id":"","url":"https://api.github.com/users/davidmigloz","html_url":"https://github.com/davidmigloz","followers_url":"https://api.github.com/users/davidmigloz/followers","following_url":"https://api.github.com/users/davidmigloz/following{/other_user}","gists_url":"https://api.github.com/users/davidmigloz/gists{/gist_id}","starred_url":"https://api.github.com/users/davidmigloz/starred{/owner}{/repo}","subscriptions_url":"https://api.github.com/users/davidmigloz/subscriptions","organizations_url":"https://api.github.com/users/davidmigloz/orgs","repos_url":"https://api.github.com/users/davidmigloz/repos","events_url":"https://api.github.com/users/davidmigloz/events{/privacy}","received_events_url":"https://api.github.com/users/davidmigloz/received_events","type":"User","site_admin":false},"parents":[{"sha":"44ce2aae048659c45502720caaf6b0f1bd89dd7f","url":"https://api.github.com/repos/davidmigloz/go-bees/commits/44ce2aae048659c45502720caaf6b0f1bd89dd7f","html_url":"https://github.com/davidmigloz/go-bees/commit/44ce2aae048659c45502720caaf6b0f1bd89dd7f"}]},{"sha":"44ce2aae048659c45502720caaf6b0f1bd89dd7f","node_id":"MDY6Q29tbWl0NjU5Mjc2Nzg6NDRjZTJhYWUwNDg2NTljNDU1MDI3MjBjYWFmNmIwZjFiZDg5ZGQ3Zg==","commit":{"author":{"name":"David Miguel","email":"david.miguel@peaks.com","date":"2017-09-23T23:31:17Z"},"committer":{"name":"David Miguel","email":"david.miguel@peaks.com","date":"2017-09-23T23:31:17Z"},"message":"Update depencences #194","tree":{"sha":"a5c636aece87ce36b2e503e7eeedb464c96add15","url":"https://api.github.com/repos/davidmigloz/go-bees/git/trees/a5c636aece87ce36b2e503e7eeedb464c96add15"},"url":"https://api.github.com/repos/davidmigloz/go-bees/git/commits/44ce2aae048659c45502720caaf6b0f1bd89dd7f","comment_count":0,"verification":{"verified":false,"reason":"unsigned","signature":null,"payload":null}},"url":"https://api.github.com/repos/davidmigloz/go-bees/commits/44ce2aae048659c45502720caaf6b0f1bd89dd7f","html_url":"https://github.com/davidmigloz/go-bees/commit/44ce2aae048659c45502720caaf6b0f1bd89dd7f","comments_url":"https://api.github.com/repos/davidmigloz/go-bees/commits/44ce2aae048659c45502720caaf6b0f1bd89dd7f/comments","author":{"login":"davidmigloz","id":6546265,"node_id":"MDQ6VXNlcjY1NDYyNjU=","avatar_url":"https://avatars.githubusercontent.com/u/6546265?v=4","gravatar_id":"","url":"https://api.github.com/users/davidmigloz","html_url":"https://github.com/davidmigloz","followers_url":"https://api.github.com/users/davidmigloz/followers","following_url":"https://api.github.com/users/davidmigloz/following{/other_user}","gists_url":"https://api.github.com/users/davidmigloz/gists{/gist_id}","starred_url":"https://api.github.com/users/davidmigloz/starred{/owner}{/repo}","subscriptions_url":"https://api.github.com/users/davidmigloz/subscriptions","organizations_url":"https://api.github.com/users/davidmigloz/orgs","repos_url":"https://api.github.com/users/davidmigloz/repos","events_url":"https://api.github.com/users/davidmigloz/events{/privacy}","received_events_url":"https://api.github.com/users/davidmigloz/received_events","type":"User","site_admin":false},"committer":{"login":"davidmigloz","id":6546265,"node_id":"MDQ6VXNlcjY1NDYyNjU=","avatar_url":"https://avatars.githubusercontent.com/u/6546265?v=4","gravatar_id":"","url":"https://api.github.com/users/davidmigloz","html_url":"https://github.com/davidmigloz","followers_url":"https://api.github.com/users/davidmigloz/followers","following_url":"https://api.github.com/users/davidmigloz/following{/other_user}","gists_url":"https://api.github.com/users/davidmigloz/gists{/gist_id}","starred_url":"https://api.github.com/users/davidmigloz/starred{/owner}{/repo}","subscriptions_url":"https://api.github.com/users/davidmigloz/subscriptions","organizations_url":"https://api.github.com/users/davidmigloz/orgs","repos_url":"https://api.github.com/users/davidmigloz/repos","events_url":"https://api.github.com/users/davidmigloz/events{/privacy}","received_events_url":"https://api.github.com/users/davidmigloz/received_events","type":"User","site_admin":false},"parents":[{"sha":"fc0cae60bc3ccfaf132b3bedea656ce440042dca","url":"https://api.github.com/repos/davidmigloz/go-bees/commits/fc0cae60bc3ccfaf132b3bedea656ce440042dca","html_url":"https://github.com/davidmigloz/go-bees/commit/fc0cae60bc3ccfaf132b3bedea656ce440042dca"}]},{"sha":"fa0a5e28dd33779806b2644876516511caf8f948","node_id":"MDY6Q29tbWl0NjU5Mjc2Nzg6ZmEwYTVlMjhkZDMzNzc5ODA2YjI2NDQ4NzY1MTY1MTFjYWY4Zjk0OA==","commit":{"author":{"name":"davidmigloz","email":"me@davidmiguel.com","date":"2017-02-16T14:34:27Z"},"committer":{"name":"davidmigloz","email":"me@davidmiguel.com","date":"2017-02-16T14:34:27Z"},"message":"Merged develop into master","tree":{"sha":"0d5532641c073cab46126eaee3497a597c607c49","url":"https://api.github.com/repos/davidmigloz/go-bees/git/trees/0d5532641c073cab46126eaee3497a597c607c49"},"url":"https://api.github.com/repos/davidmigloz/go-bees/git/commits/fa0a5e28dd33779806b2644876516511caf8f948","comment_count":0,"verification":{"verified":false,"reason":"unsigned","signature":null,"payload":null}},"url":"https://api.github.com/repos/davidmigloz/go-bees/commits/fa0a5e28dd33779806b2644876516511caf8f948","html_url":"https://github.com/davidmigloz/go-bees/commit/fa0a5e28dd33779806b2644876516511caf8f948","comments_url":"https://api.github.com/repos/davidmigloz/go-bees/commits/fa0a5e28dd33779806b2644876516511caf8f948/comments","author":{"login":"davidmigloz","id":6546265,"node_id":"MDQ6VXNlcjY1NDYyNjU=","avatar_url":"https://avatars.githubusercontent.com/u/6546265?v=4","gravatar_id":"","url":"https://api.github.com/users/davidmigloz","html_url":"https://github.com/davidmigloz","followers_url":"https://api.github.com/users/davidmigloz/followers","following_url":"https://api.github.com/users/davidmigloz/following{/other_user}","gists_url":"https://api.github.com/users/davidmigloz/gists{/gist_id}","starred_url":"https://api.github.com/users/davidmigloz/starred{/owner}{/repo}","subscriptions_url":"https://api.github.com/users/davidmigloz/subscriptions","organizations_url":"https://api.github.com/users/davidmigloz/orgs","repos_url":"https://api.github.com/users/davidmigloz/repos","events_url":"https://api.github.com/users/davidmigloz/events{/privacy}","received_events_url":"https://api.github.com/users/davidmigloz/received_events","type":"User","site_admin":false},"committer":{"login":"davidmigloz","id":6546265,"node_id":"MDQ6VXNlcjY1NDYyNjU=","avatar_url":"https://avatars.githubusercontent.com/u/6546265?v=4","gravatar_id":"","url":"https://api.github.com/users/davidmigloz","html_url":"https://github.com/davidmigloz","followers_url":"https://api.github.com/users/davidmigloz/followers","following_url":"https://api.github.com/users/davidmigloz/following{/other_user}","gists_url":"https://api.github.com/users/davidmigloz/gists{/gist_id}","starred_url":"https://api.github.com/users/davidmigloz/starred{/owner}{/repo}","subscriptions_url":"https://api.github.com/users/davidmigloz/subscriptions","organizations_url":"https://api.github.com/users/davidmigloz/orgs","repos_url":"https://api.github.com/users/davidmigloz/repos","events_url":"https://api.github.com/users/davidmigloz/events{/privacy}","received_events_url":"https://api.github.com/users/davidmigloz/received_events","type":"User","site_admin":false},"parents":[{"sha":"69aa366e492934a5526bc964e41a2ff5262f33e7","url":"https://api.github.com/repos/davidmigloz/go-bees/commits/69aa366e492934a5526bc964e41a2ff5262f33e7","html_url":"https://github.com/davidmigloz/go-bees/commit/69aa366e492934a5526bc964e41a2ff5262f33e7"},{"sha":"fc0cae60bc3ccfaf132b3bedea656ce440042dca","url":"https://api.github.com/repos/davidmigloz/go-bees/commits/fc0cae60bc3ccfaf132b3bedea656ce440042dca","html_url":"https://github.com/davidmigloz/go-bees/commit/fc0cae60bc3ccfaf132b3bedea656ce440042dca"}]},{"sha":"fc0cae60bc3ccfaf132b3bedea656ce440042dca","node_id":"MDY6Q29tbWl0NjU5Mjc2Nzg6ZmMwY2FlNjBiYzNjY2ZhZjEzMmIzYmVkZWE2NTZjZTQ0MDA0MmRjYQ==","commit":{"author":{"name":"davidmigloz","email":"me@davidmiguel.com","date":"2017-02-16T14:33:16Z"},"committer":{"name":"davidmigloz","email":"me@davidmiguel.com","date":"2017-02-16T14:33:16Z"},"message":"Update poster #157","tree":{"sha":"0d5532641c073cab46126eaee3497a597c607c49","url":"https://api.github.com/repos/davidmigloz/go-bees/git/trees/0d5532641c073cab46126eaee3497a597c607c49"},"url":"https://api.github.com/repos/davidmigloz/go-bees/git/commits/fc0cae60bc3ccfaf132b3bedea656ce440042dca","comment_count":0,"verification":{"verified":false,"reason":"unsigned","signature":null,"payload":null}},"url":"https://api.github.com/repos/davidmigloz/go-bees/commits/fc0cae60bc3ccfaf132b3bedea656ce440042dca","html_url":"https://github.com/davidmigloz/go-bees/commit/fc0cae60bc3ccfaf132b3bedea656ce440042dca","comments_url":"https://api.github.com/repos/davidmigloz/go-bees/commits/fc0cae60bc3ccfaf132b3bedea656ce440042dca/comments","author":{"login":"davidmigloz","id":6546265,"node_id":"MDQ6VXNlcjY1NDYyNjU=","avatar_url":"https://avatars.githubusercontent.com/u/6546265?v=4","gravatar_id":"","url":"https://api.github.com/users/davidmigloz","html_url":"https://github.com/davidmigloz","followers_url":"https://api.github.com/users/davidmigloz/followers","following_url":"https://api.github.com/users/davidmigloz/following{/other_user}","gists_url":"https://api.github.com/users/davidmigloz/gists{/gist_id}","starred_url":"https://api.github.com/users/davidmigloz/starred{/owner}{/repo}","subscriptions_url":"https://api.github.com/users/davidmigloz/subscriptions","organizations_url":"https://api.github.com/users/davidmigloz/orgs","repos_url":"https://api.github.com/users/davidmigloz/repos","events_url":"https://api.github.com/users/davidmigloz/events{/privacy}","received_events_url":"https://api.github.com/users/davidmigloz/received_events","type":"User","site_admin":false},"committer":{"login":"davidmigloz","id":6546265,"node_id":"MDQ6VXNlcjY1NDYyNjU=","avatar_url":"https://avatars.githubusercontent.com/u/6546265?v=4","gravatar_id":"","url":"https://api.github.com/users/davidmigloz","html_url":"https://github.com/davidmigloz","followers_url":"https://api.github.com/users/davidmigloz/followers","following_url":"https://api.github.com/users/davidmigloz/following{/other_user}","gists_url":"https://api.github.com/users/davidmigloz/gists{/gist_id}","starred_url":"https://api.github.com/users/davidmigloz/starred{/owner}{/repo}","subscriptions_url":"https://api.github.com/users/davidmigloz/subscriptions","organizations_url":"https://api.github.com/users/davidmigloz/orgs","repos_url":"https://api.github.com/users/davidmigloz/repos","events_url":"https://api.github.com/users/davidmigloz/events{/privacy}","received_events_url":"https://api.github.com/users/davidmigloz/received_events","type":"User","site_admin":false},"parents":[{"sha":"544c1754739b80d3279e39b4faa4fb030ee20836","url":"https://api.github.com/repos/davidmigloz/go-bees/commits/544c1754739b80d3279e39b4faa4fb030ee20836","html_url":"https://github.com/davidmigloz/go-bees/commit/544c1754739b80d3279e39b4faa4fb030ee20836"}]},{"sha":"69aa366e492934a5526bc964e41a2ff5262f33e7","node_id":"MDY6Q29tbWl0NjU5Mjc2Nzg6NjlhYTM2NmU0OTI5MzRhNTUyNmJjOTY0ZTQxYTJmZjUyNjJmMzNlNw==","commit":{"author":{"name":"davidmigloz","email":"me@davidmiguel.com","date":"2017-02-14T01:02:07Z"},"committer":{"name":"davidmigloz","email":"me@davidmiguel.com","date":"2017-02-14T01:02:07Z"},"message":"Merged develop into master","tree":{"sha":"0ed3abd301956ef9f547a90e9273639ddfa0e584","url":"https://api.github.com/repos/davidmigloz/go-bees/git/trees/0ed3abd301956ef9f547a90e9273639ddfa0e584"},"url":"https://api.github.com/repos/davidmigloz/go-bees/git/commits/69aa366e492934a5526bc964e41a2ff5262f33e7","comment_count":0,"verification":{"verified":false,"reason":"unsigned","signature":null,"payload":null}},"url":"https://api.github.com/repos/davidmigloz/go-bees/commits/69aa366e492934a5526bc964e41a2ff5262f33e7","html_url":"https://github.com/davidmigloz/go-bees/commit/69aa366e492934a5526bc964e41a2ff5262f33e7","comments_url":"https://api.github.com/repos/davidmigloz/go-bees/commits/69aa366e492934a5526bc964e41a2ff5262f33e7/comments","author":{"login":"davidmigloz","id":6546265,"node_id":"MDQ6VXNlcjY1NDYyNjU=","avatar_url":"https://avatars.githubusercontent.com/u/6546265?v=4","gravatar_id":"","url":"https://api.github.com/users/davidmigloz","html_url":"https://github.com/davidmigloz","followers_url":"https://api.github.com/users/davidmigloz/followers","following_url":"https://api.github.com/users/davidmigloz/following{/other_user}","gists_url":"https://api.github.com/users/davidmigloz/gists{/gist_id}","starred_url":"https://api.github.com/users/davidmigloz/starred{/owner}{/repo}","subscriptions_url":"https://api.github.com/users/davidmigloz/subscriptions","organizations_url":"https://api.github.com/users/davidmigloz/orgs","repos_url":"https://api.github.com/users/davidmigloz/repos","events_url":"https://api.github.com/users/davidmigloz/events{/privacy}","received_events_url":"https://api.github.com/users/davidmigloz/received_events","type":"User","site_admin":false},"committer":{"login":"davidmigloz","id":6546265,"node_id":"MDQ6VXNlcjY1NDYyNjU=","avatar_url":"https://avatars.githubusercontent.com/u/6546265?v=4","gravatar_id":"","url":"https://api.github.com/users/davidmigloz","html_url":"https://github.com/davidmigloz","followers_url":"https://api.github.com/users/davidmigloz/followers","following_url":"https://api.github.com/users/davidmigloz/following{/other_user}","gists_url":"https://api.github.com/users/davidmigloz/gists{/gist_id}","starred_url":"https://api.github.com/users/davidmigloz/starred{/owner}{/repo}","subscriptions_url":"https://api.github.com/users/davidmigloz/subscriptions","organizations_url":"https://api.github.com/users/davidmigloz/orgs","repos_url":"https://api.github.com/users/davidmigloz/repos","events_url":"https://api.github.com/users/davidmigloz/events{/privacy}","received_events_url":"https://api.github.com/users/davidmigloz/received_events","type":"User","site_admin":false},"parents":[{"sha":"518611c5f83e6a11f5b810f8b965e9f867f47082","url":"https://api.github.com/repos/davidmigloz/go-bees/commits/518611c5f83e6a11f5b810f8b965e9f867f47082","html_url":"https://github.com/davidmigloz/go-bees/commit/518611c5f83e6a11f5b810f8b965e9f867f47082"},{"sha":"544c1754739b80d3279e39b4faa4fb030ee20836","url":"https://api.github.com/repos/davidmigloz/go-bees/commits/544c1754739b80d3279e39b4faa4fb030ee20836","html_url":"https://github.com/davidmigloz/go-bees/commit/544c1754739b80d3279e39b4faa4fb030ee20836"}]},{"sha":"544c1754739b80d3279e39b4faa4fb030ee20836","node_id":"MDY6Q29tbWl0NjU5Mjc2Nzg6NTQ0YzE3NTQ3MzliODBkMzI3OWUzOWI0ZmFhNGZiMDMwZWUyMDgzNg==","commit":{"author":{"name":"davidmigloz","email":"me@davidmiguel.com","date":"2017-02-14T00:58:03Z"},"committer":{"name":"davidmigloz","email":"me@davidmiguel.com","date":"2017-02-14T00:58:03Z"},"message":"Minor changes","tree":{"sha":"0ed3abd301956ef9f547a90e9273639ddfa0e584","url":"https://api.github.com/repos/davidmigloz/go-bees/git/trees/0ed3abd301956ef9f547a90e9273639ddfa0e584"},"url":"https://api.github.com/repos/davidmigloz/go-bees/git/commits/544c1754739b80d3279e39b4faa4fb030ee20836","comment_count":0,"verification":{"verified":false,"reason":"unsigned","signature":null,"payload":null}},"url":"https://api.github.com/repos/davidmigloz/go-bees/commits/544c1754739b80d3279e39b4faa4fb030ee20836","html_url":"https://github.com/davidmigloz/go-bees/commit/544c1754739b80d3279e39b4faa4fb030ee20836","comments_url":"https://api.github.com/repos/davidmigloz/go-bees/commits/544c1754739b80d3279e39b4faa4fb030ee20836/comments","author":{"login":"davidmigloz","id":6546265,"node_id":"MDQ6VXNlcjY1NDYyNjU=","avatar_url":"https://avatars.githubusercontent.com/u/6546265?v=4","gravatar_id":"","url":"https://api.github.com/users/davidmigloz","html_url":"https://github.com/davidmigloz","followers_url":"https://api.github.com/users/davidmigloz/followers","following_url":"https://api.github.com/users/davidmigloz/following{/other_user}","gists_url":"https://api.github.com/users/davidmigloz/gists{/gist_id}","starred_url":"https://api.github.com/users/davidmigloz/starred{/owner}{/repo}","subscriptions_url":"https://api.github.com/users/davidmigloz/subscriptions","organizations_url":"https://api.github.com/users/davidmigloz/orgs","repos_url":"https://api.github.com/users/davidmigloz/repos","events_url":"https://api.github.com/users/davidmigloz/events{/privacy}","received_events_url":"https://api.github.com/users/davidmigloz/received_events","type":"User","site_admin":false},"committer":{"login":"davidmigloz","id":6546265,"node_id":"MDQ6VXNlcjY1NDYyNjU=","avatar_url":"https://avatars.githubusercontent.com/u/6546265?v=4","gravatar_id":"","url":"https://api.github.com/users/davidmigloz","html_url":"https://github.com/davidmigloz","followers_url":"https://api.github.com/users/davidmigloz/followers","following_url":"https://api.github.com/users/davidmigloz/following{/other_user}","gists_url":"https://api.github.com/users/davidmigloz/gists{/gist_id}","starred_url":"https://api.github.com/users/davidmigloz/starred{/owner}{/repo}","subscriptions_url":"https://api.github.com/users/davidmigloz/subscriptions","organizations_url":"https://api.github.com/users/davidmigloz/orgs","repos_url":"https://api.github.com/users/davidmigloz/repos","events_url":"https://api.github.com/users/davidmigloz/events{/privacy}","received_events_url":"https://api.github.com/users/davidmigloz/received_events","type":"User","site_admin":false},"parents":[{"sha":"09e98bdbe4c762c61e43c2eda846afb58412f0a0","url":"https://api.github.com/repos/davidmigloz/go-bees/commits/09e98bdbe4c762c61e43c2eda846afb58412f0a0","html_url":"https://github.com/davidmigloz/go-bees/commit/09e98bdbe4c762c61e43c2eda846afb58412f0a0"}]},{"sha":"518611c5f83e6a11f5b810f8b965e9f867f47082","node_id":"MDY6Q29tbWl0NjU5Mjc2Nzg6NTE4NjExYzVmODNlNmExMWY1YjgxMGY4Yjk2NWU5Zjg2N2Y0NzA4Mg==","commit":{"author":{"name":"davidmigloz","email":"me@davidmiguel.com","date":"2017-02-14T00:09:02Z"},"committer":{"name":"davidmigloz","email":"me@davidmiguel.com","date":"2017-02-14T00:09:02Z"},"message":"Merged develop into master","tree":{"sha":"61eed9c9f40f7440ef3c8f97969d524f61e183c5","url":"https://api.github.com/repos/davidmigloz/go-bees/git/trees/61eed9c9f40f7440ef3c8f97969d524f61e183c5"},"url":"https://api.github.com/repos/davidmigloz/go-bees/git/commits/518611c5f83e6a11f5b810f8b965e9f867f47082","comment_count":0,"verification":{"verified":false,"reason":"unsigned","signature":null,"payload":null}},"url":"https://api.github.com/repos/davidmigloz/go-bees/commits/518611c5f83e6a11f5b810f8b965e9f867f47082","html_url":"https://github.com/davidmigloz/go-bees/commit/518611c5f83e6a11f5b810f8b965e9f867f47082","comments_url":"https://api.github.com/repos/davidmigloz/go-bees/commits/518611c5f83e6a11f5b810f8b965e9f867f47082/comments","author":{"login":"davidmigloz","id":6546265,"node_id":"MDQ6VXNlcjY1NDYyNjU=","avatar_url":"https://avatars.githubusercontent.com/u/6546265?v=4","gravatar_id":"","url":"https://api.github.com/users/davidmigloz","html_url":"https://github.com/davidmigloz","followers_url":"https://api.github.com/users/davidmigloz/followers","following_url":"https://api.github.com/users/davidmigloz/following{/other_user}","gists_url":"https://api.github.com/users/davidmigloz/gists{/gist_id}","starred_url":"https://api.github.com/users/davidmigloz/starred{/owner}{/repo}","subscriptions_url":"https://api.github.com/users/davidmigloz/subscriptions","organizations_url":"https://api.github.com/users/davidmigloz/orgs","repos_url":"https://api.github.com/users/davidmigloz/repos","events_url":"https://api.github.com/users/davidmigloz/events{/privacy}","received_events_url":"https://api.github.com/users/davidmigloz/received_events","type":"User","site_admin":false},"committer":{"login":"davidmigloz","id":6546265,"node_id":"MDQ6VXNlcjY1NDYyNjU=","avatar_url":"https://avatars.githubusercontent.com/u/6546265?v=4","gravatar_id":"","url":"https://api.github.com/users/davidmigloz","html_url":"https://github.com/davidmigloz","followers_url":"https://api.github.com/users/davidmigloz/followers","following_url":"https://api.github.com/users/davidmigloz/following{/other_user}","gists_url":"https://api.github.com/users/davidmigloz/gists{/gist_id}","starred_url":"https://api.github.com/users/davidmigloz/starred{/owner}{/repo}","subscriptions_url":"https://api.github.com/users/davidmigloz/subscriptions","organizations_url":"https://api.github.com/users/davidmigloz/orgs","repos_url":"https://api.github.com/users/davidmigloz/repos","events_url":"https://api.github.com/users/davidmigloz/events{/privacy}","received_events_url":"https://api.github.com/users/davidmigloz/received_events","type":"User","site_admin":false},"parents":[{"sha":"c7c1771e6d784948573096e5c8a471008105755c","url":"https://api.github.com/repos/davidmigloz/go-bees/commits/c7c1771e6d784948573096e5c8a471008105755c","html_url":"https://github.com/davidmigloz/go-bees/commit/c7c1771e6d784948573096e5c8a471008105755c"},{"sha":"09e98bdbe4c762c61e43c2eda846afb58412f0a0","url":"https://api.github.com/repos/davidmigloz/go-bees/commits/09e98bdbe4c762c61e43c2eda846afb58412f0a0","html_url":"https://github.com/davidmigloz/go-bees/commit/09e98bdbe4c762c61e43c2eda846afb58412f0a0"}]},{"sha":"09e98bdbe4c762c61e43c2eda846afb58412f0a0","node_id":"MDY6Q29tbWl0NjU5Mjc2Nzg6MDllOThiZGJlNGM3NjJjNjFlNDNjMmVkYTg0NmFmYjU4NDEyZjBhMA==","commit":{"author":{"name":"davidmigloz","email":"me@davidmiguel.com","date":"2017-02-14T00:06:20Z"},"committer":{"name":"davidmigloz","email":"me@davidmiguel.com","date":"2017-02-14T00:06:20Z"},"message":"Minor changes","tree":{"sha":"61eed9c9f40f7440ef3c8f97969d524f61e183c5","url":"https://api.github.com/repos/davidmigloz/go-bees/git/trees/61eed9c9f40f7440ef3c8f97969d524f61e183c5"},"url":"https://api.github.com/repos/davidmigloz/go-bees/git/commits/09e98bdbe4c762c61e43c2eda846afb58412f0a0","comment_count":0,"verification":{"verified":false,"reason":"unsigned","signature":null,"payload":null}},"url":"https://api.github.com/repos/davidmigloz/go-bees/commits/09e98bdbe4c762c61e43c2eda846afb58412f0a0","html_url":"https://github.com/davidmigloz/go-bees/commit/09e98bdbe4c762c61e43c2eda846afb58412f0a0","comments_url":"https://api.github.com/repos/davidmigloz/go-bees/commits/09e98bdbe4c762c61e43c2eda846afb58412f0a0/comments","author":{"login":"davidmigloz","id":6546265,"node_id":"MDQ6VXNlcjY1NDYyNjU=","avatar_url":"https://avatars.githubusercontent.com/u/6546265?v=4","gravatar_id":"","url":"https://api.github.com/users/davidmigloz","html_url":"https://github.com/davidmigloz","followers_url":"https://api.github.com/users/davidmigloz/followers","following_url":"https://api.github.com/users/davidmigloz/following{/other_user}","gists_url":"https://api.github.com/users/davidmigloz/gists{/gist_id}","starred_url":"https://api.github.com/users/davidmigloz/starred{/owner}{/repo}","subscriptions_url":"https://api.github.com/users/davidmigloz/subscriptions","organizations_url":"https://api.github.com/users/davidmigloz/orgs","repos_url":"https://api.github.com/users/davidmigloz/repos","events_url":"https://api.github.com/users/davidmigloz/events{/privacy}","received_events_url":"https://api.github.com/users/davidmigloz/received_events","type":"User","site_admin":false},"committer":{"login":"davidmigloz","id":6546265,"node_id":"MDQ6VXNlcjY1NDYyNjU=","avatar_url":"https://avatars.githubusercontent.com/u/6546265?v=4","gravatar_id":"","url":"https://api.github.com/users/davidmigloz","html_url":"https://github.com/davidmigloz","followers_url":"https://api.github.com/users/davidmigloz/followers","following_url":"https://api.github.com/users/davidmigloz/following{/other_user}","gists_url":"https://api.github.com/users/davidmigloz/gists{/gist_id}","starred_url":"https://api.github.com/users/davidmigloz/starred{/owner}{/repo}","subscriptions_url":"https://api.github.com/users/davidmigloz/subscriptions","organizations_url":"https://api.github.com/users/davidmigloz/orgs","repos_url":"https://api.github.com/users/davidmigloz/repos","events_url":"https://api.github.com/users/davidmigloz/events{/privacy}","received_events_url":"https://api.github.com/users/davidmigloz/received_events","type":"User","site_admin":false},"parents":[{"sha":"fb1b7041eb190ef2621ca5f639c571cb9ff929d2","url":"https://api.github.com/repos/davidmigloz/go-bees/commits/fb1b7041eb190ef2621ca5f639c571cb9ff929d2","html_url":"https://github.com/davidmigloz/go-bees/commit/fb1b7041eb190ef2621ca5f639c571cb9ff929d2"}]},{"sha":"fb1b7041eb190ef2621ca5f639c571cb9ff929d2","node_id":"MDY6Q29tbWl0NjU5Mjc2Nzg6ZmIxYjcwNDFlYjE5MGVmMjYyMWNhNWY2MzljNTcxY2I5ZmY5MjlkMg==","commit":{"author":{"name":"davidmigloz","email":"me@davidmiguel.com","date":"2017-02-14T00:03:35Z"},"committer":{"name":"davidmigloz","email":"me@davidmiguel.com","date":"2017-02-14T00:03:35Z"},"message":"Add poster #157","tree":{"sha":"1a39355245ad3ad5a11057bba8f3073833d99c6b","url":"https://api.github.com/repos/davidmigloz/go-bees/git/trees/1a39355245ad3ad5a11057bba8f3073833d99c6b"},"url":"https://api.github.com/repos/davidmigloz/go-bees/git/commits/fb1b7041eb190ef2621ca5f639c571cb9ff929d2","comment_count":0,"verification":{"verified":false,"reason":"unsigned","signature":null,"payload":null}},"url":"https://api.github.com/repos/davidmigloz/go-bees/commits/fb1b7041eb190ef2621ca5f639c571cb9ff929d2","html_url":"https://github.com/davidmigloz/go-bees/commit/fb1b7041eb190ef2621ca5f639c571cb9ff929d2","comments_url":"https://api.github.com/repos/davidmigloz/go-bees/commits/fb1b7041eb190ef2621ca5f639c571cb9ff929d2/comments","author":{"login":"davidmigloz","id":6546265,"node_id":"MDQ6VXNlcjY1NDYyNjU=","avatar_url":"https://avatars.githubusercontent.com/u/6546265?v=4","gravatar_id":"","url":"https://api.github.com/users/davidmigloz","html_url":"https://github.com/davidmigloz","followers_url":"https://api.github.com/users/davidmigloz/followers","following_url":"https://api.github.com/users/davidmigloz/following{/other_user}","gists_url":"https://api.github.com/users/davidmigloz/gists{/gist_id}","starred_url":"https://api.github.com/users/davidmigloz/starred{/owner}{/repo}","subscriptions_url":"https://api.github.com/users/davidmigloz/subscriptions","organizations_url":"https://api.github.com/users/davidmigloz/orgs","repos_url":"https://api.github.com/users/davidmigloz/repos","events_url":"https://api.github.com/users/davidmigloz/events{/privacy}","received_events_url":"https://api.github.com/users/davidmigloz/received_events","type":"User","site_admin":false},"committer":{"login":"davidmigloz","id":6546265,"node_id":"MDQ6VXNlcjY1NDYyNjU=","avatar_url":"https://avatars.githubusercontent.com/u/6546265?v=4","gravatar_id":"","url":"https://api.github.com/users/davidmigloz","html_url":"https://github.com/davidmigloz","followers_url":"https://api.github.com/users/davidmigloz/followers","following_url":"https://api.github.com/users/davidmigloz/following{/other_user}","gists_url":"https://api.github.com/users/davidmigloz/gists{/gist_id}","starred_url":"https://api.github.com/users/davidmigloz/starred{/owner}{/repo}","subscriptions_url":"https://api.github.com/users/davidmigloz/subscriptions","organizations_url":"https://api.github.com/users/davidmigloz/orgs","repos_url":"https://api.github.com/users/davidmigloz/repos","events_url":"https://api.github.com/users/davidmigloz/events{/privacy}","received_events_url":"https://api.github.com/users/davidmigloz/received_events","type":"User","site_admin":false},"parents":[{"sha":"528e81fcbc4a126a2074c7fe4cee69acbe53c52c","url":"https://api.github.com/repos/davidmigloz/go-bees/commits/528e81fcbc4a126a2074c7fe4cee69acbe53c52c","html_url":"https://github.com/davidmigloz/go-bees/commit/528e81fcbc4a126a2074c7fe4cee69acbe53c52c"}]},{"sha":"c7c1771e6d784948573096e5c8a471008105755c","node_id":"MDY6Q29tbWl0NjU5Mjc2Nzg6YzdjMTc3MWU2ZDc4NDk0ODU3MzA5NmU1YzhhNDcxMDA4MTA1NzU1Yw==","commit":{"author":{"name":"davidmigloz","email":"me@davidmiguel.com","date":"2017-02-09T19:21:37Z"},"committer":{"name":"davidmigloz","email":"me@davidmiguel.com","date":"2017-02-09T19:21:37Z"},"message":"Merged develop into master","tree":{"sha":"1f061f775fa8027ed66c69cd78473dcd960cedca","url":"https://api.github.com/repos/davidmigloz/go-bees/git/trees/1f061f775fa8027ed66c69cd78473dcd960cedca"},"url":"https://api.github.com/repos/davidmigloz/go-bees/git/commits/c7c1771e6d784948573096e5c8a471008105755c","comment_count":0,"verification":{"verified":false,"reason":"unsigned","signature":null,"payload":null}},"url":"https://api.github.com/repos/davidmigloz/go-bees/commits/c7c1771e6d784948573096e5c8a471008105755c","html_url":"https://github.com/davidmigloz/go-bees/commit/c7c1771e6d784948573096e5c8a471008105755c","comments_url":"https://api.github.com/repos/davidmigloz/go-bees/commits/c7c1771e6d784948573096e5c8a471008105755c/comments","author":{"login":"davidmigloz","id":6546265,"node_id":"MDQ6VXNlcjY1NDYyNjU=","avatar_url":"https://avatars.githubusercontent.com/u/6546265?v=4","gravatar_id":"","url":"https://api.github.com/users/davidmigloz","html_url":"https://github.com/davidmigloz","followers_url":"https://api.github.com/users/davidmigloz/followers","following_url":"https://api.github.com/users/davidmigloz/following{/other_user}","gists_url":"https://api.github.com/users/davidmigloz/gists{/gist_id}","starred_url":"https://api.github.com/users/davidmigloz/starred{/owner}{/repo}","subscriptions_url":"https://api.github.com/users/davidmigloz/subscriptions","organizations_url":"https://api.github.com/users/davidmigloz/orgs","repos_url":"https://api.github.com/users/davidmigloz/repos","events_url":"https://api.github.com/users/davidmigloz/events{/privacy}","received_events_url":"https://api.github.com/users/davidmigloz/received_events","type":"User","site_admin":false},"committer":{"login":"davidmigloz","id":6546265,"node_id":"MDQ6VXNlcjY1NDYyNjU=","avatar_url":"https://avatars.githubusercontent.com/u/6546265?v=4","gravatar_id":"","url":"https://api.github.com/users/davidmigloz","html_url":"https://github.com/davidmigloz","followers_url":"https://api.github.com/users/davidmigloz/followers","following_url":"https://api.github.com/users/davidmigloz/following{/other_user}","gists_url":"https://api.github.com/users/davidmigloz/gists{/gist_id}","starred_url":"https://api.github.com/users/davidmigloz/starred{/owner}{/repo}","subscriptions_url":"https://api.github.com/users/davidmigloz/subscriptions","organizations_url":"https://api.github.com/users/davidmigloz/orgs","repos_url":"https://api.github.com/users/davidmigloz/repos","events_url":"https://api.github.com/users/davidmigloz/events{/privacy}","received_events_url":"https://api.github.com/users/davidmigloz/received_events","type":"User","site_admin":false},"parents":[{"sha":"a8dfd21eb50a17fae14ef230005799ab061ca68d","url":"https://api.github.com/repos/davidmigloz/go-bees/commits/a8dfd21eb50a17fae14ef230005799ab061ca68d","html_url":"https://github.com/davidmigloz/go-bees/commit/a8dfd21eb50a17fae14ef230005799ab061ca68d"},{"sha":"528e81fcbc4a126a2074c7fe4cee69acbe53c52c","url":"https://api.github.com/repos/davidmigloz/go-bees/commits/528e81fcbc4a126a2074c7fe4cee69acbe53c52c","html_url":"https://github.com/davidmigloz/go-bees/commit/528e81fcbc4a126a2074c7fe4cee69acbe53c52c"}]},{"sha":"528e81fcbc4a126a2074c7fe4cee69acbe53c52c","node_id":"MDY6Q29tbWl0NjU5Mjc2Nzg6NTI4ZTgxZmNiYzRhMTI2YTIwNzRjN2ZlNGNlZTY5YWNiZTUzYzUyYw==","commit":{"author":{"name":"davidmigloz","email":"me@davidmiguel.com","date":"2017-02-09T19:20:37Z"},"committer":{"name":"davidmigloz","email":"me@davidmiguel.com","date":"2017-02-09T19:20:37Z"},"message":"Minor fixes","tree":{"sha":"1f061f775fa8027ed66c69cd78473dcd960cedca","url":"https://api.github.com/repos/davidmigloz/go-bees/git/trees/1f061f775fa8027ed66c69cd78473dcd960cedca"},"url":"https://api.github.com/repos/davidmigloz/go-bees/git/commits/528e81fcbc4a126a2074c7fe4cee69acbe53c52c","comment_count":0,"verification":{"verified":false,"reason":"unsigned","signature":null,"payload":null}},"url":"https://api.github.com/repos/davidmigloz/go-bees/commits/528e81fcbc4a126a2074c7fe4cee69acbe53c52c","html_url":"https://github.com/davidmigloz/go-bees/commit/528e81fcbc4a126a2074c7fe4cee69acbe53c52c","comments_url":"https://api.github.com/repos/davidmigloz/go-bees/commits/528e81fcbc4a126a2074c7fe4cee69acbe53c52c/comments","author":{"login":"davidmigloz","id":6546265,"node_id":"MDQ6VXNlcjY1NDYyNjU=","avatar_url":"https://avatars.githubusercontent.com/u/6546265?v=4","gravatar_id":"","url":"https://api.github.com/users/davidmigloz","html_url":"https://github.com/davidmigloz","followers_url":"https://api.github.com/users/davidmigloz/followers","following_url":"https://api.github.com/users/davidmigloz/following{/other_user}","gists_url":"https://api.github.com/users/davidmigloz/gists{/gist_id}","starred_url":"https://api.github.com/users/davidmigloz/starred{/owner}{/repo}","subscriptions_url":"https://api.github.com/users/davidmigloz/subscriptions","organizations_url":"https://api.github.com/users/davidmigloz/orgs","repos_url":"https://api.github.com/users/davidmigloz/repos","events_url":"https://api.github.com/users/davidmigloz/events{/privacy}","received_events_url":"https://api.github.com/users/davidmigloz/received_events","type":"User","site_admin":false},"committer":{"login":"davidmigloz","id":6546265,"node_id":"MDQ6VXNlcjY1NDYyNjU=","avatar_url":"https://avatars.githubusercontent.com/u/6546265?v=4","gravatar_id":"","url":"https://api.github.com/users/davidmigloz","html_url":"https://github.com/davidmigloz","followers_url":"https://api.github.com/users/davidmigloz/followers","following_url":"https://api.github.com/users/davidmigloz/following{/other_user}","gists_url":"https://api.github.com/users/davidmigloz/gists{/gist_id}","starred_url":"https://api.github.com/users/davidmigloz/starred{/owner}{/repo}","subscriptions_url":"https://api.github.com/users/davidmigloz/subscriptions","organizations_url":"https://api.github.com/users/davidmigloz/orgs","repos_url":"https://api.github.com/users/davidmigloz/repos","events_url":"https://api.github.com/users/davidmigloz/events{/privacy}","received_events_url":"https://api.github.com/users/davidmigloz/received_events","type":"User","site_admi
[...]
OTVmZjYwNTViZmViMjg5MjI1Yw==","commit":{"author":{"name":"davidmigloz","email":"me@davidmiguel.com","date":"2017-01-20T22:49:01Z"},"committer":{"name":"davidmigloz","email":"me@davidmiguel.com","date":"2017-01-20T22:49:01Z"},"message":"Fix images position #164","tree":{"sha":"8970e54dc45f8988ee1aee199f993e4f66d1ab56","url":"https://api.github.com/repos/davidmigloz/go-bees/git/trees/8970e54dc45f8988ee1aee199f993e4f66d1ab56"},"url":"https://api.github.com/repos/davidmigloz/go-bees/git/commits/5255bc844c912768627b695ff6055bfeb289225c","comment_count":0,"verification":{"verified":false,"reason":"unsigned","signature":null,"payload":null}},"url":"https://api.github.com/repos/davidmigloz/go-bees/commits/5255bc844c912768627b695ff6055bfeb289225c","html_url":"https://github.com/davidmigloz/go-bees/commit/5255bc844c912768627b695ff6055bfeb289225c","comments_url":"https://api.github.com/repos/davidmigloz/go-bees/commits/5255bc844c912768627b695ff6055bfeb289225c/comments","author":{"login":"davidmigloz","id":6546265,"node_id":"MDQ6VXNlcjY1NDYyNjU=","avatar_url":"https://avatars.githubusercontent.com/u/6546265?v=4","gravatar_id":"","url":"https://api.github.com/users/davidmigloz","html_url":"https://github.com/davidmigloz","followers_url":"https://api.github.com/users/davidmigloz/followers","following_url":"https://api.github.com/users/davidmigloz/following{/other_user}","gists_url":"https://api.github.com/users/davidmigloz/gists{/gist_id}","starred_url":"https://api.github.com/users/davidmigloz/starred{/owner}{/repo}","subscriptions_url":"https://api.github.com/users/davidmigloz/subscriptions","organizations_url":"https://api.github.com/users/davidmigloz/orgs","repos_url":"https://api.github.com/users/davidmigloz/repos","events_url":"https://api.github.com/users/davidmigloz/events{/privacy}","received_events_url":"https://api.github.com/users/davidmigloz/received_events","type":"User","site_admin":false},"committer":{"login":"davidmigloz","id":6546265,"node_id":"MDQ6VXNlcjY1NDYyNjU=","avatar_url":"https://avatars.githubusercontent.com/u/6546265?v=4","gravatar_id":"","url":"https://api.github.com/users/davidmigloz","html_url":"https://github.com/davidmigloz","followers_url":"https://api.github.com/users/davidmigloz/followers","following_url":"https://api.github.com/users/davidmigloz/following{/other_user}","gists_url":"https://api.github.com/users/davidmigloz/gists{/gist_id}","starred_url":"https://api.github.com/users/davidmigloz/starred{/owner}{/repo}","subscriptions_url":"https://api.github.com/users/davidmigloz/subscriptions","organizations_url":"https://api.github.com/users/davidmigloz/orgs","repos_url":"https://api.github.com/users/davidmigloz/repos","events_url":"https://api.github.com/users/davidmigloz/events{/privacy}","received_events_url":"https://api.github.com/users/davidmigloz/received_events","type":"User","site_admin":false},"parents":[{"sha":"844ae5227dd5be359470b35e4b8aaf231d47a907","url":"https://api.github.com/repos/davidmigloz/go-bees/commits/844ae5227dd5be359470b35e4b8aaf231d47a907","html_url":"https://github.com/davidmigloz/go-bees/commit/844ae5227dd5be359470b35e4b8aaf231d47a907"}]},{"sha":"844ae5227dd5be359470b35e4b8aaf231d47a907","node_id":"MDY6Q29tbWl0NjU5Mjc2Nzg6ODQ0YWU1MjI3ZGQ1YmUzNTk0NzBiMzVlNGI4YWFmMjMxZDQ3YTkwNw==","commit":{"author":{"name":"davidmigloz","email":"me@davidmiguel.com","date":"2017-01-20T22:40:05Z"},"committer":{"name":"davidmigloz","email":"me@davidmiguel.com","date":"2017-01-20T22:40:05Z"},"message":"Fix images position #164","tree":{"sha":"cda04227174e6441a7eb47d5d193bf4bd54035b2","url":"https://api.github.com/repos/davidmigloz/go-bees/git/trees/cda04227174e6441a7eb47d5d193bf4bd54035b2"},"url":"https://api.github.com/repos/davidmigloz/go-bees/git/commits/844ae5227dd5be359470b35e4b8aaf231d47a907","comment_count":0,"verification":{"verified":false,"reason":"unsigned","signature":null,"payload":null}},"url":"https://api.github.com/repos/davidmigloz/go-bees/commits/844ae5227dd5be359470b35e4b8aaf231d47a907","html_url":"https://github.com/davidmigloz/go-bees/commit/844ae5227dd5be359470b35e4b8aaf231d47a907","comments_url":"https://api.github.com/repos/davidmigloz/go-bees/commits/844ae5227dd5be359470b35e4b8aaf231d47a907/comments","author":{"login":"davidmigloz","id":6546265,"node_id":"MDQ6VXNlcjY1NDYyNjU=","avatar_url":"https://avatars.githubusercontent.com/u/6546265?v=4","gravatar_id":"","url":"https://api.github.com/users/davidmigloz","html_url":"https://github.com/davidmigloz","followers_url":"https://api.github.com/users/davidmigloz/followers","following_url":"https://api.github.com/users/davidmigloz/following{/other_user}","gists_url":"https://api.github.com/users/davidmigloz/gists{/gist_id}","starred_url":"https://api.github.com/users/davidmigloz/starred{/owner}{/repo}","subscriptions_url":"https://api.github.com/users/davidmigloz/subscriptions","organizations_url":"https://api.github.com/users/davidmigloz/orgs","repos_url":"https://api.github.com/users/davidmigloz/repos","events_url":"https://api.github.com/users/davidmigloz/events{/privacy}","received_events_url":"https://api.github.com/users/davidmigloz/received_events","type":"User","site_admin":false},"committer":{"login":"davidmigloz","id":6546265,"node_id":"MDQ6VXNlcjY1NDYyNjU=","avatar_url":"https://avatars.githubusercontent.com/u/6546265?v=4","gravatar_id":"","url":"https://api.github.com/users/davidmigloz","html_url":"https://github.com/davidmigloz","followers_url":"https://api.github.com/users/davidmigloz/followers","following_url":"https://api.github.com/users/davidmigloz/following{/other_user}","gists_url":"https://api.github.com/users/davidmigloz/gists{/gist_id}","starred_url":"https://api.github.com/users/davidmigloz/starred{/owner}{/repo}","subscriptions_url":"https://api.github.com/users/davidmigloz/subscriptions","organizations_url":"https://api.github.com/users/davidmigloz/orgs","repos_url":"https://api.github.com/users/davidmigloz/repos","events_url":"https://api.github.com/users/davidmigloz/events{/privacy}","received_events_url":"https://api.github.com/users/davidmigloz/received_events","type":"User","site_admin":false},"parents":[{"sha":"271284b37d1c4fbcf8abe6121fbd7e1f03017aca","url":"https://api.github.com/repos/davidmigloz/go-bees/commits/271284b37d1c4fbcf8abe6121fbd7e1f03017aca","html_url":"https://github.com/davidmigloz/go-bees/commit/271284b37d1c4fbcf8abe6121fbd7e1f03017aca"}]},{"sha":"271284b37d1c4fbcf8abe6121fbd7e1f03017aca","node_id":"MDY6Q29tbWl0NjU5Mjc2Nzg6MjcxMjg0YjM3ZDFjNGZiY2Y4YWJlNjEyMWZiZDdlMWYwMzAxN2FjYQ==","commit":{"author":{"name":"davidmigloz","email":"me@davidmiguel.com","date":"2017-01-20T22:32:31Z"},"committer":{"name":"davidmigloz","email":"me@davidmiguel.com","date":"2017-01-20T22:32:31Z"},"message":"Fix images position #164","tree":{"sha":"3ef779a4a9e8de2c4f48d53e3456928359397bd0","url":"https://api.github.com/repos/davidmigloz/go-bees/git/trees/3ef779a4a9e8de2c4f48d53e3456928359397bd0"},"url":"https://api.github.com/repos/davidmigloz/go-bees/git/commits/271284b37d1c4fbcf8abe6121fbd7e1f03017aca","comment_count":0,"verification":{"verified":false,"reason":"unsigned","signature":null,"payload":null}},"url":"https://api.github.com/repos/davidmigloz/go-bees/commits/271284b37d1c4fbcf8abe6121fbd7e1f03017aca","html_url":"https://github.com/davidmigloz/go-bees/commit/271284b37d1c4fbcf8abe6121fbd7e1f03017aca","comments_url":"https://api.github.com/repos/davidmigloz/go-bees/commits/271284b37d1c4fbcf8abe6121fbd7e1f03017aca/comments","author":{"login":"davidmigloz","id":6546265,"node_id":"MDQ6VXNlcjY1NDYyNjU=","avatar_url":"https://avatars.githubusercontent.com/u/6546265?v=4","gravatar_id":"","url":"https://api.github.com/users/davidmigloz","html_url":"https://github.com/davidmigloz","followers_url":"https://api.github.com/users/davidmigloz/followers","following_url":"https://api.github.com/users/davidmigloz/following{/other_user}","gists_url":"https://api.github.com/users/davidmigloz/gists{/gist_id}","starred_url":"https://api.github.com/users/davidmigloz/starred{/owner}{/repo}","subscriptions_url":"https://api.github.com/users/davidmigloz/subscriptions","organizations_url":"https://api.github.com/users/davidmigloz/orgs","repos_url":"https://api.github.com/users/davidmigloz/repos","events_url":"https://api.github.com/users/davidmigloz/events{/privacy}","received_events_url":"https://api.github.com/users/davidmigloz/received_events","type":"User","site_admin":false},"committer":{"login":"davidmigloz","id":6546265,"node_id":"MDQ6VXNlcjY1NDYyNjU=","avatar_url":"https://avatars.githubusercontent.com/u/6546265?v=4","gravatar_id":"","url":"https://api.github.com/users/davidmigloz","html_url":"https://github.com/davidmigloz","followers_url":"https://api.github.com/users/davidmigloz/followers","following_url":"https://api.github.com/users/davidmigloz/following{/other_user}","gists_url":"https://api.github.com/users/davidmigloz/gists{/gist_id}","starred_url":"https://api.github.com/users/davidmigloz/starred{/owner}{/repo}","subscriptions_url":"https://api.github.com/users/davidmigloz/subscriptions","organizations_url":"https://api.github.com/users/davidmigloz/orgs","repos_url":"https://api.github.com/users/davidmigloz/repos","events_url":"https://api.github.com/users/davidmigloz/events{/privacy}","received_events_url":"https://api.github.com/users/davidmigloz/received_events","type":"User","site_admin":false},"parents":[{"sha":"b5d991f79ade4a15414533466e1f0695eb381aca","url":"https://api.github.com/repos/davidmigloz/go-bees/commits/b5d991f79ade4a15414533466e1f0695eb381aca","html_url":"https://github.com/davidmigloz/go-bees/commit/b5d991f79ade4a15414533466e1f0695eb381aca"}]}]
2023-09-24 16:20:17.788 DEBUG 39436 --- [           main] e.u.l.a.s.a.github.GitHubScmClient       : [GitHubScmClient#findCommits] <--- END HTTP (329143-byte body)
]]></system-out>
  </testcase>
  <testcase name="commitsShouldBeRetrieved" classname="es.ubu.lsi.avrela.scm.adapter.github.GitHubScmClientTest$GitHubCommitsTest$GitHubRepositoryWithCommits" time="0.266">
    <system-out><![CDATA[2023-09-24 16:20:17.824 DEBUG 39436 --- [           main] e.u.l.a.s.a.github.GitHubScmClient       : [GitHubScmClient#findCommits] ---> GET https://api.github.com/repos/davidmigloz/go-bees/commits?sha=master&until=2023-09-24T16%3A20%3A17.822888%2B02%3A00%5BEurope/Madrid%5D&page=1&per_page=1 HTTP/1.1
2023-09-24 16:20:17.824 DEBUG 39436 --- [           main] e.u.l.a.s.a.github.GitHubScmClient       : [GitHubScmClient#findCommits] Authorization: Bearer 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
2023-09-24 16:20:17.824 DEBUG 39436 --- [           main] e.u.l.a.s.a.github.GitHubScmClient       : [GitHubScmClient#findCommits] ---> END HTTP (0-byte body)
2023-09-24 16:20:18.083 DEBUG 39436 --- [           main] e.u.l.a.s.a.github.GitHubScmClient       : [GitHubScmClient#findCommits] <--- HTTP/1.1 200 OK (258ms)
2023-09-24 16:20:18.083 DEBUG 39436 --- [           main] e.u.l.a.s.a.github.GitHubScmClient       : [GitHubScmClient#findCommits] access-control-allow-origin: *
2023-09-24 16:20:18.083 DEBUG 39436 --- [           main] e.u.l.a.s.a.github.GitHubScmClient       : [GitHubScmClient#findCommits] access-control-expose-headers: ETag, Link, Location, Retry-After, X-GitHub-OTP, X-RateLimit-Limit, X-RateLimit-Remaining, X-RateLimit-Used, X-RateLimit-Resource, X-RateLimit-Reset, X-OAuth-Scopes, X-Accepted-OAuth-Scopes, X-Poll-Interval, X-GitHub-Media-Type, X-GitHub-SSO, X-GitHub-Request-Id, Deprecation, Sunset
2023-09-24 16:20:18.083 DEBUG 39436 --- [           main] e.u.l.a.s.a.github.GitHubScmClient       : [GitHubScmClient#findCommits] cache-control: private, max-age=60, s-maxage=60
2023-09-24 16:20:18.083 DEBUG 39436 --- [           main] e.u.l.a.s.a.github.GitHubScmClient       : [GitHubScmClient#findCommits] content-length: 3302
2023-09-24 16:20:18.083 DEBUG 39436 --- [           main] e.u.l.a.s.a.github.GitHubScmClient       : [GitHubScmClient#findCommits] content-security-policy: default-src 'none'
2023-09-24 16:20:18.083 DEBUG 39436 --- [           main] e.u.l.a.s.a.github.GitHubScmClient       : [GitHubScmClient#findCommits] content-type: application/json; charset=utf-8
2023-09-24 16:20:18.083 DEBUG 39436 --- [           main] e.u.l.a.s.a.github.GitHubScmClient       : [GitHubScmClient#findCommits] date: Sun, 24 Sep 2023 14:20:18 GMT
2023-09-24 16:20:18.084 DEBUG 39436 --- [           main] e.u.l.a.s.a.github.GitHubScmClient       : [GitHubScmClient#findCommits] etag: "6c95dea514eb0348427d1ef26084e955892ef6dda043819aac8a3d41a28a5d07"
2023-09-24 16:20:18.084 DEBUG 39436 --- [           main] e.u.l.a.s.a.github.GitHubScmClient       : [GitHubScmClient#findCommits] last-modified: Fri, 12 Mar 2021 20:29:14 GMT
2023-09-24 16:20:18.084 DEBUG 39436 --- [           main] e.u.l.a.s.a.github.GitHubScmClient       : [GitHubScmClient#findCommits] link: <https://api.github.com/repositories/65927678/commits?sha=master&until=2023-09-24T16%3A20%3A17.822888%2B02%3A00%5BEurope%2FMadrid%5D&page=2&per_page=1>; rel="next", <https://api.github.com/repositories/65927678/commits?sha=master&until=2023-09-24T16%3A20%3A17.822888%2B02%3A00%5BEurope%2FMadrid%5D&page=423&per_page=1>; rel="last"
2023-09-24 16:20:18.084 DEBUG 39436 --- [           main] e.u.l.a.s.a.github.GitHubScmClient       : [GitHubScmClient#findCommits] referrer-policy: origin-when-cross-origin, strict-origin-when-cross-origin
2023-09-24 16:20:18.084 DEBUG 39436 --- [           main] e.u.l.a.s.a.github.GitHubScmClient       : [GitHubScmClient#findCommits] server: GitHub.com
2023-09-24 16:20:18.084 DEBUG 39436 --- [           main] e.u.l.a.s.a.github.GitHubScmClient       : [GitHubScmClient#findCommits] strict-transport-security: max-age=31536000; includeSubdomains; preload
2023-09-24 16:20:18.084 DEBUG 39436 --- [           main] e.u.l.a.s.a.github.GitHubScmClient       : [GitHubScmClient#findCommits] vary: Accept-Encoding, Accept, X-Requested-With
2023-09-24 16:20:18.084 DEBUG 39436 --- [           main] e.u.l.a.s.a.github.GitHubScmClient       : [GitHubScmClient#findCommits] vary: Accept, Authorization, Cookie, X-GitHub-OTP
2023-09-24 16:20:18.084 DEBUG 39436 --- [           main] e.u.l.a.s.a.github.GitHubScmClient       : [GitHubScmClient#findCommits] x-accepted-oauth-scopes: 
2023-09-24 16:20:18.084 DEBUG 39436 --- [           main] e.u.l.a.s.a.github.GitHubScmClient       : [GitHubScmClient#findCommits] x-content-type-options: nosniff
2023-09-24 16:20:18.085 DEBUG 39436 --- [           main] e.u.l.a.s.a.github.GitHubScmClient       : [GitHubScmClient#findCommits] x-frame-options: deny
2023-09-24 16:20:18.085 DEBUG 39436 --- [           main] e.u.l.a.s.a.github.GitHubScmClient       : [GitHubScmClient#findCommits] x-github-api-version-selected: 2022-11-28
2023-09-24 16:20:18.085 DEBUG 39436 --- [           main] e.u.l.a.s.a.github.GitHubScmClient       : [GitHubScmClient#findCommits] x-github-media-type: github.v3; format=json
2023-09-24 16:20:18.085 DEBUG 39436 --- [           main] e.u.l.a.s.a.github.GitHubScmClient       : [GitHubScmClient#findCommits] x-github-request-id: E4B5:5059:2ADA04A:2B70F57:651045A1
2023-09-24 16:20:18.085 DEBUG 39436 --- [           main] e.u.l.a.s.a.github.GitHubScmClient       : [GitHubScmClient#findCommits] x-oauth-scopes: gist, notifications, project, repo
2023-09-24 16:20:18.085 DEBUG 39436 --- [           main] e.u.l.a.s.a.github.GitHubScmClient       : [GitHubScmClient#findCommits] x-ratelimit-limit: 5000
2023-09-24 16:20:18.085 DEBUG 39436 --- [           main] e.u.l.a.s.a.github.GitHubScmClient       : [GitHubScmClient#findCommits] x-ratelimit-remaining: 4989
2023-09-24 16:20:18.085 DEBUG 39436 --- [           main] e.u.l.a.s.a.github.GitHubScmClient       : [GitHubScmClient#findCommits] x-ratelimit-reset: 1695568813
2023-09-24 16:20:18.085 DEBUG 39436 --- [           main] e.u.l.a.s.a.github.GitHubScmClient       : [GitHubScmClient#findCommits] x-ratelimit-resource: core
2023-09-24 16:20:18.085 DEBUG 39436 --- [           main] e.u.l.a.s.a.github.GitHubScmClient       : [GitHubScmClient#findCommits] x-ratelimit-used: 11
2023-09-24 16:20:18.085 DEBUG 39436 --- [           main] e.u.l.a.s.a.github.GitHubScmClient       : [GitHubScmClient#findCommits] x-xss-protection: 0
2023-09-24 16:20:18.085 DEBUG 39436 --- [           main] e.u.l.a.s.a.github.GitHubScmClient       : [GitHubScmClient#findCommits] 
2023-09-24 16:20:18.086 DEBUG 39436 --- [           main] e.u.l.a.s.a.github.GitHubScmClient       : [GitHubScmClient#findCommits] [{"sha":"8289ea5ef2b644a551fda4c3b034f9ef9fcd0209","node_id":"MDY6Q29tbWl0NjU5Mjc2Nzg6ODI4OWVhNWVmMmI2NDRhNTUxZmRhNGMzYjAzNGY5ZWY5ZmNkMDIwOQ==","commit":{"author":{"name":"David Miguel Lozano","email":"davidmigloz@users.noreply.github.com","date":"2021-03-12T20:29:14Z"},"committer":{"name":"David Miguel Lozano","email":"davidmigloz@users.noreply.github.com","date":"2021-03-12T20:29:14Z"},"message":"Create CNAME","tree":{"sha":"0075784b7aaa8645e600fe82258d9ec8a4412f83","url":"https://api.github.com/repos/davidmigloz/go-bees/git/trees/0075784b7aaa8645e600fe82258d9ec8a4412f83"},"url":"https://api.github.com/repos/davidmigloz/go-bees/git/commits/8289ea5ef2b644a551fda4c3b034f9ef9fcd0209","comment_count":0,"verification":{"verified":false,"reason":"unsigned","signature":null,"payload":null}},"url":"https://api.github.com/repos/davidmigloz/go-bees/commits/8289ea5ef2b644a551fda4c3b034f9ef9fcd0209","html_url":"https://github.com/davidmigloz/go-bees/commit/8289ea5ef2b644a551fda4c3b034f9ef9fcd0209","comments_url":"https://api.github.com/repos/davidmigloz/go-bees/commits/8289ea5ef2b644a551fda4c3b034f9ef9fcd0209/comments","author":{"login":"davidmigloz","id":6546265,"node_id":"MDQ6VXNlcjY1NDYyNjU=","avatar_url":"https://avatars.githubusercontent.com/u/6546265?v=4","gravatar_id":"","url":"https://api.github.com/users/davidmigloz","html_url":"https://github.com/davidmigloz","followers_url":"https://api.github.com/users/davidmigloz/followers","following_url":"https://api.github.com/users/davidmigloz/following{/other_user}","gists_url":"https://api.github.com/users/davidmigloz/gists{/gist_id}","starred_url":"https://api.github.com/users/davidmigloz/starred{/owner}{/repo}","subscriptions_url":"https://api.github.com/users/davidmigloz/subscriptions","organizations_url":"https://api.github.com/users/davidmigloz/orgs","repos_url":"https://api.github.com/users/davidmigloz/repos","events_url":"https://api.github.com/users/davidmigloz/events{/privacy}","received_events_url":"https://api.github.com/users/davidmigloz/received_events","type":"User","site_admin":false},"committer":{"login":"davidmigloz","id":6546265,"node_id":"MDQ6VXNlcjY1NDYyNjU=","avatar_url":"https://avatars.githubusercontent.com/u/6546265?v=4","gravatar_id":"","url":"https://api.github.com/users/davidmigloz","html_url":"https://github.com/davidmigloz","followers_url":"https://api.github.com/users/davidmigloz/followers","following_url":"https://api.github.com/users/davidmigloz/following{/other_user}","gists_url":"https://api.github.com/users/davidmigloz/gists{/gist_id}","starred_url":"https://api.github.com/users/davidmigloz/starred{/owner}{/repo}","subscriptions_url":"https://api.github.com/users/davidmigloz/subscriptions","organizations_url":"https://api.github.com/users/davidmigloz/orgs","repos_url":"https://api.github.com/users/davidmigloz/repos","events_url":"https://api.github.com/users/davidmigloz/events{/privacy}","received_events_url":"https://api.github.com/users/davidmigloz/received_events","type":"User","site_admin":false},"parents":[{"sha":"a5aaf9016611f9913c21d1f906d7c75df580529a","url":"https://api.github.com/repos/davidmigloz/go-bees/commits/a5aaf9016611f9913c21d1f906d7c75df580529a","html_url":"https://github.com/davidmigloz/go-bees/commit/a5aaf9016611f9913c21d1f906d7c75df580529a"}]}]
2023-09-24 16:20:18.087 DEBUG 39436 --- [           main] e.u.l.a.s.a.github.GitHubScmClient       : [GitHubScmClient#findCommits] <--- END HTTP (3302-byte body)
]]></system-out>
  </testcase>
</testsuite>